2025/07/31 19:32:27 identifiers client=368640 images=368640 sounds=368640
2025/07/31 19:32:27 send tcp tag 19 len 60
2025/07/31 19:32:27 send 60 bytes
00000000  00 13 00 00 00 05 a0 00  00 05 a0 00 00 05 a0 00  |................|
00000010  3c 5a 69 93 a5 c6 3c 5a  69 93 a5 c6 3c 5a 0d fa  |<Zi...<Zi...<Z..|
00000020  d6 b2 3c 3e 00 e0 d1 eb  75 3e 0c f2 f5 a7 58 77  |..<>....u>....Xw|
00000030  5a be 94 f2 7d 16 2a a5  a5 e9 3c 5a              |Z...}.*...<Z|
2025/07/31 19:32:27 recv tcp tag 18 len 48
2025/07/31 19:32:27 recv 48 bytes
00000000  00 12 00 00 00 05 a0 00  00 05 a0 00 00 05 a0 00  |................|
00000010  d5 75 c0 20 0a 81 29 80  95 63 f8 ce 64 58 05 7b  |.u. ..)..c..dX.{|
00000020  71 43 ea 4c 7b 69 92 b3  3e 1f 6c 01 09 5c 58 05  |qC.L{i..>.l..\X.|
2025/07/31 19:32:27 send tcp tag 14 len 37
2025/07/31 19:32:27 send 37 bytes
00000000  00 0e 00 00 00 05 a0 00  00 05 a0 00 00 05 a0 00  |................|
00000010  58 3f 04 fc a5 f9 f0 02  3f 97 84 44 bb 6d 26 52  |X?......?..D.m&R|
00000020  b0 1e 1f aa 8b                                    |.....|
2025/07/31 19:32:27 request character list for demo
2025/07/31 19:32:28 recv tcp tag 14 len 327
2025/07/31 19:32:28 recv 327 bytes
00000000  00 0e 00 00 00 05 a0 00  00 05 a0 00 00 05 a0 00  |................|
00000010  3c 5a 69 93 ae 7e 3d 51  69 93 a5 d3 7d 3d 1b f2  |<Zi..~=Qi...}=..|
00000020  d1 af 4f 7a 21 f2 d7 a9  53 34 69 d2 c2 b4 5d 2e  |..Oz!...S4i...].|
00000030  00 e0 85 8b 59 36 05 fa  cb c6 7d 3d 1b f2 d1 af  |....Y6....}=....|
00000040  4f 7a 25 f2 cb a3 55 36  69 d2 c2 b4 5d 2e 00 e0  |Oz%...U6i...]...|
00000050  85 82 59 2c 08 ff dc a8  3c 1b 0e e1 c4 b2 55 29  |..Y,....<.....U)|
00000060  49 d8 d7 a7 57 7d 01 f2  a5 87 5b 28 08 e7 cc b5  |I...W}....[(....|
00000070  1c 1c 0c f5 c3 a3 4e 5a  28 f4 d7 a7 48 33 1a b3  |......NZ(...H3..|
00000080  e2 a9 50 33 08 fd c4 c6  7d 3d 1b f2 d1 af 4f 7a  |..P3....}=....Oz|
00000090  33 fb ca b4 52 3b 02 93  e4 a1 4e 3b 1d fa d6 e6  |3...R;....N;....|
000000a0  7e 28 08 eb a5 87 5b 28  08 e7 cc b5 1c 13 0d fc  |~(....[(........|
000000b0  d7 af 50 36 69 d2 c2 b4  5d 2e 00 e0 85 96 59 2e  |..P6i...].....Y.|
000000c0  1b fc a5 87 5b 28 08 e7  cc b5 1c 0e 4e e1 d7 a9  |....[(......N...|
000000d0  4b 5a 28 f4 d7 a7 48 33  1a b3 ee a9 4e 3b 02 93  |KZ(...H3....N;..|
000000e0  e4 a1 4e 3b 1d fa d6 e6  6a 35 1b f2 cb c6 7d 3d  |..N;....j5....}=|
000000f0  1b f2 d1 af 4f 7a 3b fa  d6 a7 3c 1b 0e e1 c4 b2  |....Oz;...<.....|
00000100  55 29 49 d7 c0 a8 58 3f  07 93 e4 a1 4e 3b 1d fa  |U)I...X?....N;..|
00000110  d6 e6 65 2e 1d e1 c4 a8  59 5a 28 f4 d7 a7 48 33  |..e.....YZ(...H3|
00000120  1a b3 e9 b3 50 2f 69 d2  c2 b4 5d 2e 00 e0 85 8a  |....P/i...].....|
00000130  53 28 4e e3 cc ad 3c 1b  0e e1 c4 b2 55 29 49 d4  |S(N...<.....U)I.|
00000140  d7 a9 53 34 08 93 a5                              |..S4...|
2025/07/31 19:32:28 server returned 20 characters
2025/07/31 19:32:28 send tcp tag 13 len 47
2025/07/31 19:32:28 send 47 bytes
00000000  00 0d 00 00 00 05 a0 00  00 05 a0 00 00 05 a0 00  |................|
00000010  7d 3d 1b f2 d1 af 4f 7a  21 f2 d7 a9 53 34 69 ac  |}=....Oz!...S4i.|
00000020  69 9e 6a 5e 48 11 22 f1  73 9b 7c 4b 86 36 de     |i.j^H.".s.|K.6.|
2025/07/31 19:32:28 recv tcp tag 13 len 70
2025/07/31 19:32:28 recv 70 bytes
00000000  00 0d 00 00 00 05 a0 00  00 05 a0 00 00 05 a0 00  |................|
00000010  53 75 63 63 65 73 73 66  75 6c 6c 79 20 63 6f 6e  |Successfully con|
00000020  6e 65 63 74 65 64 20 74  6f 20 63 68 61 72 61 63  |nected to charac|
00000030  74 65 72 20 22 41 67 72  61 74 69 73 20 48 61 72  |ter "Agratis Har|
00000040  6f 6f 6e 22 2e 00                                 |oon"..|
2025/07/31 19:32:28 player input ack=0 resend=0 cmd=1 mouse=20,45
2025/07/31 19:32:28 send udp tag 3 len 21
2025/07/31 19:32:28 send 21 bytes
00000000  00 03 00 14 00 2d 00 00  00 00 00 00 00 00 00 00  |.....-..........|
00000010  00 00 00 01 00                                    |.....|
2025/07/31 19:32:28 player input ack=0 resend=0 cmd=2 mouse=20,45
2025/07/31 19:32:28 send udp tag 3 len 21
2025/07/31 19:32:28 send 21 bytes
00000000  00 03 00 14 00 2d 00 00  00 00 00 00 00 00 00 00  |.....-..........|
00000010  00 00 00 02 00                                    |.....|
2025/07/31 19:32:28 recv udp tag 2 len 382
2025/07/31 19:32:28 recv 382 bytes
00000000  00 02 02 00 be d2 58 ff  ff ff ff 02 00 01 0b c5  |......X.........|
00000010  41 67 72 61 74 69 73 20  48 61 72 6f 6f 6e 00 14  |Agratis Haroon..|
00000020  16 65 08 3a 65 07 55 7b  08 0f 3a 55 7b 88 2b 81  |.e.:e.U{..:U{.+.|
00000030  2b 81 6c c2 01 03 01 c4  48 65 6c 70 66 75 6c 20  |+.l.....Helpful |
00000040  44 77 61 72 66 00 14 81  ac b9 bf c5 b6 c4 ca 08  |Dwarf...........|
00000050  0f 39 7f aa 88 2f 59 d2  d5 b4 c2 ff ff ff ff ff  |.9.../Y.........|
00000060  ff 18 1a 01 9b 8e f4 60  19 8b af 46 01 9b 8e 80  |.......`...F....|
00000070  e0 19 8b a8 0e 07 7b f2  f4 60 77 85 6f 46 07 7b  |......{..`w.oF.{|
00000080  f2 80 e0 77 85 68 0e 03  e3 f2 f2 80 3e 05 6f 28  |...w.h......>.o(|
00000090  03 cf d9 f4 60 3c c8 df  46 03 cf d9 80 e0 3c c8  |....`<..F.....<.|
000000a0  d8 0e 03 e3 fc 87 c0 3e  06 08 7c 02 58 60 6e d0  |.......>..|.X`n.|
000000b0  25 bf c6 ed 04 60 8e 7b  30 3f ba 2f 46 03 fb a2  |%....`.{0?./F...|
000000c0  80 e0 19 b8 e8 d6 01 9b  f2 8d 60 19 85 68 d6 01  |..........`..h..|
000000d0  98 ba 8d 60 3f ba 28 d6  02 00 00 00 00 00 00 01  |...`?.(.........|
000000e0  01 0c 00 85 ff be 50 00  95 0d c2 63 66 75 6e 69  |......P....cfuni|
000000f0  78 3a 35 30 31 30 0d 57  65 6c 63 6f 6d 65 20 74  |x:5010.Welcome t|
00000100  6f 20 43 6c 61 6e 20 4c  6f 72 64 2c 20 41 67 72  |o Clan Lord, Agr|
00000110  61 74 69 73 20 48 61 72  6f 6f 6e 21 0d c2 68 70  |atis Haroon!..hp|
00000120  54 79 70 65 20 5c 48 45  4c 50 20 66 6f 72 20 61  |Type \HELP for a|
00000130  20 6c 69 73 74 20 6f 66  20 63 6f 6d 6d 61 6e 64  | list of command|
00000140  73 2e 0d 2f 6e 74 20 35  33 20 2f 73 61 20 2d 32  |s../nt 53 /sa -2|
00000150  20 2f 63 6c 20 30 00 01  01 40 08 47 72 65 65 74  | /cl 0...@.Greet|
00000160  69 6e 67 73 2c 20 41 67  72 61 74 69 73 20 48 61  |ings, Agratis Ha|
00000170  72 6f 6f 6e 2e 00 00 01  02 03 00 07 03 ba        |roon..........|
2025/07/31 19:32:28 recv udp tag 2 len 278
2025/07/31 19:32:28 recv 278 bytes
00000000  00 02 02 00 be d2 59 00  00 00 00 02 00 01 0b c5  |......Y.........|
00000010  41 67 72 61 74 69 73 20  48 61 72 6f 6f 6e 00 14  |Agratis Haroon..|
00000020  16 65 08 3a 65 07 55 7b  08 0f 3a 55 7b 88 2b 81  |.e.:e.U{..:U{.+.|
00000030  2b 81 6c c2 01 03 01 c4  48 65 6c 70 66 75 6c 20  |+.l.....Helpful |
00000040  44 77 61 72 66 00 14 81  ac b9 bf c5 b6 c4 ca 08  |Dwarf...........|
00000050  0f 39 7f aa 88 2f 59 d2  d5 b4 c2 ff ff ff ff ff  |.9.../Y.........|
00000060  ff 18 1a 01 9b 8e f4 60  19 8b af 46 01 9b 8e 80  |.......`...F....|
00000070  e0 19 8b a8 0e 07 7b f2  f4 60 77 85 6f 46 07 7b  |......{..`w.oF.{|
00000080  f2 80 e0 77 85 68 0e 03  e3 f2 f2 80 3e 05 6f 28  |...w.h......>.o(|
00000090  03 cf d9 f4 60 3c c8 df  46 03 cf d9 80 e0 3c c8  |....`<..F.....<.|
000000a0  d8 0e 03 e3 fc 87 c0 3e  06 08 7c 02 58 60 6e d0  |.......>..|.X`n.|
000000b0  25 bf c6 ed 04 60 8e 7b  30 3f ba 2f 46 03 fb a2  |%....`.{0?./F...|
000000c0  80 e0 19 b8 e8 d6 01 9b  f2 8d 60 19 85 68 d6 01  |..........`..h..|
000000d0  98 ba 8d 60 3f ba 28 d6  02 00 00 00 00 00 00 01  |...`?.(.........|
000000e0  01 0c 00 85 ff be 50 00  2d 0d c2 6c 67 c2 70 6e  |......P.-..lg.pn|
000000f0  41 67 72 61 74 69 73 20  48 61 72 6f 6f 6e c2 70  |Agratis Haroon.p|
00000100  6e 20 69 73 20 6e 6f 77  20 43 6c 61 6e 6e 69 6e  |n is now Clannin|
00000110  67 2e 00 00 00 00                                 |g.....|
2025/07/31 19:32:29 recv udp tag 2 len 237
2025/07/31 19:32:29 recv 237 bytes
00000000  00 02 02 00 be d2 5a 00  00 00 00 02 00 01 0b c5  |......Z.........|
00000010  41 67 72 61 74 69 73 20  48 61 72 6f 6f 6e 00 14  |Agratis Haroon..|
00000020  16 65 08 3a 65 07 55 7b  08 0f 3a 55 7b 88 2b 81  |.e.:e.U{..:U{.+.|
00000030  2b 81 6c c2 01 03 01 c4  48 65 6c 70 66 75 6c 20  |+.l.....Helpful |
00000040  44 77 61 72 66 00 14 81  ac b9 bf c5 b6 c4 ca 08  |Dwarf...........|
00000050  0f 39 7f aa 88 2f 59 d2  d5 b4 c2 ff ff ff ff ff  |.9.../Y.........|
00000060  ff 18 1a 01 9b 8e f4 60  19 8b af 46 01 9b 8e 80  |.......`...F....|
00000070  e0 19 8b a8 0e 07 7b f2  f4 60 77 85 6f 46 07 7b  |......{..`w.oF.{|
00000080  f2 80 e0 77 85 68 0e 03  e3 f2 f2 80 3e 05 6f 28  |...w.h......>.o(|
00000090  03 cf d9 f4 60 3c c8 df  46 03 cf d9 80 e0 3c c8  |....`<..F.....<.|
000000a0  d8 0e 03 e3 fc 87 c0 3e  06 08 7c 02 58 60 6e d0  |.......>..|.X`n.|
000000b0  25 bf c6 ed 04 60 8e 7b  30 3f ba 2f 46 03 fb a2  |%....`.{0?./F...|
000000c0  80 e0 19 b8 e8 d6 01 9b  f2 8d 60 19 85 68 d6 01  |..........`..h..|
000000d0  98 ba 8d 60 3f ba 28 d6  02 00 00 00 00 00 00 01  |...`?.(.........|
000000e0  01 0c 00 85 ff be 50 00  04 00 00 00 00           |......P......|
2025/07/31 19:32:29 recv udp tag 2 len 237
2025/07/31 19:32:29 recv 237 bytes
00000000  00 02 02 00 be d2 5b 00  00 00 00 02 00 01 0b c5  |......[.........|
00000010  41 67 72 61 74 69 73 20  48 61 72 6f 6f 6e 00 14  |Agratis Haroon..|
00000020  16 65 08 3a 65 07 55 7b  08 0f 3a 55 7b 88 2b 81  |.e.:e.U{..:U{.+.|
00000030  2b 81 6c c2 01 03 01 c4  48 65 6c 70 66 75 6c 20  |+.l.....Helpful |
00000040  44 77 61 72 66 00 14 81  ac b9 bf c5 b6 c4 ca 08  |Dwarf...........|
00000050  0f 39 7f aa 88 2f 59 d2  d5 b4 c2 ff ff ff ff ff  |.9.../Y.........|
00000060  ff 18 1a 01 9b 8e f4 60  19 8b af 46 01 9b 8e 80  |.......`...F....|
00000070  e0 19 8b a8 0e 07 7b f2  f4 60 77 85 6f 46 07 7b  |......{..`w.oF.{|
00000080  f2 80 e0 77 85 68 0e 03  e3 f2 f2 80 3e 05 6f 28  |...w.h......>.o(|
00000090  03 cf d9 f4 60 3c c8 df  46 03 cf d9 80 e0 3c c8  |....`<..F.....<.|
000000a0  d8 0e 03 e3 fc 87 c0 3e  06 08 7c 02 58 60 6e d0  |.......>..|.X`n.|
000000b0  25 bf c6 ed 04 60 8e 7b  30 3f ba 2f 46 03 fb a2  |%....`.{0?./F...|
000000c0  80 e0 19 b8 e8 d6 01 9b  f2 8d 60 19 85 68 d6 01  |..........`..h..|
000000d0  98 ba 8d 60 3f ba 28 d6  02 00 00 00 00 00 00 01  |...`?.(.........|
000000e0  01 0c 00 85 ff be 50 00  04 00 00 00 00           |......P......|
2025/07/31 19:32:29 recv udp tag 2 len 237
2025/07/31 19:32:29 recv 237 bytes
00000000  00 02 02 00 be d2 5c 00  00 00 00 02 00 01 0b c5  |......\.........|
00000010  41 67 72 61 74 69 73 20  48 61 72 6f 6f 6e 00 14  |Agratis Haroon..|
00000020  16 65 08 3a 65 07 55 7b  08 0f 3a 55 7b 88 2b 81  |.e.:e.U{..:U{.+.|
00000030  2b 81 6c c2 01 03 01 c4  48 65 6c 70 66 75 6c 20  |+.l.....Helpful |
00000040  44 77 61 72 66 00 14 81  ac b9 bf c5 b6 c4 ca 08  |Dwarf...........|
00000050  0f 39 7f aa 88 2f 59 d2  d5 b4 c2 ff ff ff ff ff  |.9.../Y.........|
00000060  ff 18 1a 01 9b 8e f4 60  19 8b af 46 01 9b 8e 80  |.......`...F....|
00000070  e0 19 8b a8 0e 07 7b f2  f4 60 77 85 6f 46 07 7b  |......{..`w.oF.{|
00000080  f2 80 e0 77 85 68 0e 03  e3 f2 f2 80 3e 05 6f 28  |...w.h......>.o(|
00000090  03 cf d9 f4 60 3c c8 df  46 03 cf d9 80 e0 3c c8  |....`<..F.....<.|
000000a0  d8 0e 03 e3 fc 87 c0 3e  06 08 7c 02 58 60 6e d0  |.......>..|.X`n.|
000000b0  25 bf c6 ed 04 60 8e 7b  30 3f ba 2f 46 03 fb a2  |%....`.{0?./F...|
000000c0  80 e0 19 b8 e8 d6 01 9b  f2 8d 60 19 85 68 d6 01  |..........`..h..|
000000d0  98 ba 8d 60 3f ba 28 d6  02 00 00 00 00 00 00 01  |...`?.(.........|
000000e0  01 0c 00 85 ff be 50 00  04 00 00 00 00           |......P......|
2025/07/31 19:32:29 recv udp tag 2 len 237
2025/07/31 19:32:29 recv 237 bytes
00000000  00 02 02 00 be d2 5d 00  00 00 00 02 00 01 0b c5  |......].........|
00000010  41 67 72 61 74 69 73 20  48 61 72 6f 6f 6e 00 14  |Agratis Haroon..|
00000020  16 65 08 3a 65 07 55 7b  08 0f 3a 55 7b 88 2b 81  |.e.:e.U{..:U{.+.|
00000030  2b 81 6c c2 01 03 01 c4  48 65 6c 70 66 75 6c 20  |+.l.....Helpful |
00000040  44 77 61 72 66 00 14 81  ac b9 bf c5 b6 c4 ca 08  |Dwarf...........|
00000050  0f 39 7f aa 88 2f 59 d2  d5 b4 c2 ff ff ff ff ff  |.9.../Y.........|
00000060  ff 18 1a 01 9b 8e f4 60  19 8b af 46 01 9b 8e 80  |.......`...F....|
00000070  e0 19 8b a8 0e 07 7b f2  f4 60 77 85 6f 46 07 7b  |......{..`w.oF.{|
00000080  f2 80 e0 77 85 68 0e 03  e3 f2 f2 80 3e 05 6f 28  |...w.h......>.o(|
00000090  03 cf d9 f4 60 3c c8 df  46 03 cf d9 80 e0 3c c8  |....`<..F.....<.|
000000a0  d8 0e 03 e3 fc 87 c0 3e  06 08 7c 02 58 60 6e d0  |.......>..|.X`n.|
000000b0  25 bf c6 ed 04 60 8e 7b  30 3f ba 2f 46 03 fb a2  |%....`.{0?./F...|
000000c0  80 e0 19 b8 e8 d6 01 9b  f2 8d 60 19 85 68 d6 01  |..........`..h..|
000000d0  98 ba 8d 60 3f ba 28 d6  02 00 00 00 00 00 00 01  |...`?.(.........|
000000e0  01 0c 00 85 ff be 50 00  04 00 00 00 00           |......P......|
2025/07/31 19:32:29 recv udp tag 2 len 237
2025/07/31 19:32:29 recv 237 bytes
00000000  00 02 02 00 be d2 5e 00  00 00 00 02 00 01 0b c5  |......^.........|
00000010  41 67 72 61 74 69 73 20  48 61 72 6f 6f 6e 00 14  |Agratis Haroon..|
00000020  16 65 08 3a 65 07 55 7b  08 0f 3a 55 7b 88 2b 81  |.e.:e.U{..:U{.+.|
00000030  2b 81 6c c2 01 03 01 c4  48 65 6c 70 66 75 6c 20  |+.l.....Helpful |
00000040  44 77 61 72 66 00 14 81  ac b9 bf c5 b6 c4 ca 08  |Dwarf...........|
00000050  0f 39 7f aa 88 2f 59 d2  d5 b4 c2 ff ff ff ff ff  |.9.../Y.........|
00000060  ff 18 1a 01 9b 8e f4 60  19 8b af 46 01 9b 8e 80  |.......`...F....|
00000070  e0 19 8b a8 0e 07 7b f2  f4 60 77 85 6f 46 07 7b  |......{..`w.oF.{|
00000080  f2 80 e0 77 85 68 0e 03  e3 f2 f2 80 3e 05 6f 28  |...w.h......>.o(|
00000090  03 cf d9 f4 60 3c c8 df  46 03 cf d9 80 e0 3c c8  |....`<..F.....<.|
000000a0  d8 0e 03 e3 fc 87 c0 3e  06 08 7c 02 58 60 6e d0  |.......>..|.X`n.|
000000b0  25 bf c6 ed 04 60 8e 7b  30 3f ba 2f 46 03 fb a2  |%....`.{0?./F...|
000000c0  80 e0 19 b8 e8 d6 01 9b  f2 8d 60 19 85 68 d6 01  |..........`..h..|
000000d0  98 ba 8d 60 3f ba 28 d6  02 00 00 00 00 00 00 01  |...`?.(.........|
000000e0  01 0c 00 85 ff be 50 00  04 00 00 00 00           |......P......|
2025/07/31 19:32:30 recv udp tag 2 len 237
2025/07/31 19:32:30 recv 237 bytes
00000000  00 02 02 00 be d2 5f 00  00 00 00 02 00 01 0b c5  |......_.........|
00000010  41 67 72 61 74 69 73 20  48 61 72 6f 6f 6e 00 14  |Agratis Haroon..|
00000020  16 65 08 3a 65 07 55 7b  08 0f 3a 55 7b 88 2b 81  |.e.:e.U{..:U{.+.|
00000030  2b 81 6c c2 01 03 01 c4  48 65 6c 70 66 75 6c 20  |+.l.....Helpful |
00000040  44 77 61 72 66 00 14 81  ac b9 bf c5 b6 c4 ca 08  |Dwarf...........|
00000050  0f 39 7f aa 88 2f 59 d2  d5 b4 c2 ff ff ff ff ff  |.9.../Y.........|
00000060  ff 18 1a 01 9b 8e f4 60  19 8b af 46 01 9b 8e 80  |.......`...F....|
00000070  e0 19 8b a8 0e 07 7b f2  f4 60 77 85 6f 46 07 7b  |......{..`w.oF.{|
00000080  f2 80 e0 77 85 68 0e 03  e3 f2 f2 80 3e 05 6f 28  |...w.h......>.o(|
00000090  03 cf d9 f4 60 3c c8 df  46 03 cf d9 80 e0 3c c8  |....`<..F.....<.|
000000a0  d8 0e 03 e3 fc 87 c0 3e  06 08 7c 02 58 60 6e d0  |.......>..|.X`n.|
000000b0  25 bf c6 ed 04 60 8e 7b  30 3f ba 2f 46 03 fb a2  |%....`.{0?./F...|
000000c0  80 e0 19 b8 e8 d6 01 9b  f2 8d 60 19 85 68 d6 01  |..........`..h..|
000000d0  98 ba 8d 60 3f ba 28 d6  02 00 00 00 00 00 00 01  |...`?.(.........|
000000e0  01 0c 00 85 ff be 50 00  04 00 00 00 00           |......P......|
2025/07/31 19:32:30 recv udp tag 2 len 237
2025/07/31 19:32:30 recv 237 bytes
00000000  00 02 02 00 be d2 60 00  00 00 00 02 00 01 0b c5  |......`.........|
00000010  41 67 72 61 74 69 73 20  48 61 72 6f 6f 6e 00 14  |Agratis Haroon..|
00000020  16 65 08 3a 65 07 55 7b  08 0f 3a 55 7b 88 2b 81  |.e.:e.U{..:U{.+.|
00000030  2b 81 6c c2 01 03 01 c4  48 65 6c 70 66 75 6c 20  |+.l.....Helpful |
00000040  44 77 61 72 66 00 14 81  ac b9 bf c5 b6 c4 ca 08  |Dwarf...........|
00000050  0f 39 7f aa 88 2f 59 d2  d5 b4 c2 ff ff ff ff ff  |.9.../Y.........|
00000060  ff 18 1a 01 9b 8e f4 60  19 8b af 46 01 9b 8e 80  |.......`...F....|
00000070  e0 19 8b a8 0e 07 7b f2  f4 60 77 85 6f 46 07 7b  |......{..`w.oF.{|
00000080  f2 80 e0 77 85 68 0e 03  e3 f2 f2 80 3e 05 6f 28  |...w.h......>.o(|
00000090  03 cf d9 f4 60 3c c8 df  46 03 cf d9 80 e0 3c c8  |....`<..F.....<.|
000000a0  d8 0e 03 e3 fc 87 c0 3e  06 08 7c 02 58 60 6e d0  |.......>..|.X`n.|
000000b0  25 bf c6 ed 04 60 8e 7b  30 3f ba 2f 46 03 fb a2  |%....`.{0?./F...|
000000c0  80 e0 19 b8 e8 d6 01 9b  f2 8d 60 19 85 68 d6 01  |..........`..h..|
000000d0  98 ba 8d 60 3f ba 28 d6  02 00 00 00 00 00 00 01  |...`?.(.........|
000000e0  01 0c 00 85 ff be 50 00  04 00 00 00 00           |......P......|
2025/07/31 19:32:30 player input ack=1025241809 resend=-1353745887 cmd=3 mouse=20,45
2025/07/31 19:32:30 send udp tag 3 len 21
2025/07/31 19:32:30 send 21 bytes
00000000  00 03 00 14 00 2d 00 00  3d 1b f2 d1 af 4f 7a 21  |.....-..=....Oz!|
00000010  00 00 00 03 00                                    |.....|
2025/07/31 19:32:30 recv udp tag 2 len 283
2025/07/31 19:32:30 recv 283 bytes
00000000  00 02 03 00 be d2 61 af  4f 7a 21 00 ff ff ff ff  |......a.Oz!.....|
00000010  ff ff 18 ff 1a 00 02 00  00 00 00 00 00 01 01 0c  |................|
00000020  00 85 ff be 50 00 95 0d  c2 63 66 75 6e 69 78 3a  |....P....cfunix:|
00000030  35 30 31 30 0d 57 65 6c  63 6f 6d 65 20 74 6f 20  |5010.Welcome to |
00000040  43 6c 61 6e 20 4c 6f 72  64 2c 20 41 67 72 61 74  |Clan Lord, Agrat|
00000050  69 73 20 48 61 72 6f 6f  6e 21 0d c2 68 70 54 79  |is Haroon!..hpTy|
00000060  70 65 20 5c 48 45 4c 50  20 66 6f 72 20 61 20 6c  |pe \HELP for a l|
00000070  69 73 74 20 6f 66 20 63  6f 6d 6d 61 6e 64 73 2e  |ist of commands.|
00000080  0d 2f 6e 74 20 35 33 20  2f 73 61 20 2d 32 20 2f  |./nt 53 /sa -2 /|
00000090  63 6c 20 30 00 01 01 40  08 47 72 65 65 74 69 6e  |cl 0...@.Greetin|
000000a0  67 73 2c 20 41 67 72 61  74 69 73 20 48 61 72 6f  |gs, Agratis Haro|
000000b0  6f 6e 2e 00 00 01 02 03  00 07 03 ba 00 2d 0d c2  |on...........-..|
000000c0  6c 67 c2 70 6e 41 67 72  61 74 69 73 20 48 61 72  |lg.pnAgratis Har|
000000d0  6f 6f 6e c2 70 6e 20 69  73 20 6e 6f 77 20 43 6c  |oon.pn is now Cl|
000000e0  61 6e 6e 69 6e 67 2e 00  00 00 00 00 04 00 00 00  |anning..........|
000000f0  00 00 04 00 00 00 00 00  04 00 00 00 00 00 04 00  |................|
00000100  00 00 00 00 04 00 00 00  00 00 04 00 00 00 00 00  |................|
00000110  04 00 00 00 00 00 04 00  00 00 00                 |...........|
2025/07/31 19:32:30 recv udp tag 2 len 43
2025/07/31 19:32:30 recv 43 bytes
00000000  00 02 03 00 be d2 62 00  00 00 00 00 ff ff ff ff  |......b.........|
00000010  ff ff 18 ff 1a 00 02 00  00 00 00 00 00 01 01 0c  |................|
00000020  00 85 ff be 50 00 04 00  00 00 00                 |....P......|
2025/07/31 19:32:30 recv udp tag 2 len 43
2025/07/31 19:32:30 recv 43 bytes
00000000  00 02 03 00 be d2 63 00  00 00 00 00 ff ff ff ff  |......c.........|
00000010  ff ff 18 ff 1a 00 02 00  00 00 00 00 00 01 01 0c  |................|
00000020  00 85 ff be 50 00 04 00  00 00 00                 |....P......|
2025/07/31 19:32:31 recv udp tag 2 len 43
2025/07/31 19:32:31 recv 43 bytes
00000000  00 02 03 00 be d2 64 00  00 00 00 00 ff ff ff ff  |......d.........|
00000010  ff ff 18 ff 1a 00 02 00  00 00 00 00 00 01 01 0c  |................|
00000020  00 85 ff be 50 00 04 00  00 00 00                 |....P......|
2025/07/31 19:32:31 recv udp tag 2 len 43
2025/07/31 19:32:31 recv 43 bytes
00000000  00 02 03 00 be d2 65 00  00 00 00 00 ff ff ff ff  |......e.........|
00000010  ff ff 18 ff 1a 00 02 00  00 00 00 00 00 01 01 0c  |................|
00000020  00 85 ff be 50 00 04 00  00 00 00                 |....P......|
2025/07/31 19:32:31 recv udp tag 2 len 43
2025/07/31 19:32:31 recv 43 bytes
00000000  00 02 03 00 be d2 66 00  00 00 00 00 ff ff ff ff  |......f.........|
00000010  ff ff 18 ff 1a 00 02 00  00 00 00 00 00 01 01 0c  |................|
00000020  00 85 ff be 50 00 04 00  00 00 00                 |....P......|
2025/07/31 19:32:31 recv udp tag 2 len 89
2025/07/31 19:32:31 recv 89 bytes
00000000  00 02 03 00 be d2 67 00  00 00 00 00 ff ff ff ff  |......g.........|
00000010  ff ff 18 ff 1a 00 02 00  00 00 00 00 00 01 01 0c  |................|
00000020  00 85 ff be 50 00 32 0d  49 74 27 73 20 31 3a 35  |....P.2.It's 1:5|
00000030  36 61 6d 20 6f 6e 20 53  6f 6d 62 64 69 2c 20 64  |6am on Sombdi, d|
00000040  61 79 20 38 33 20 6f 66  20 53 70 72 69 6e 67 2c  |ay 83 of Spring,|
00000050  20 36 34 32 2e 00 00 00  00                       | 642.....|
2025/07/31 19:32:31 recv udp tag 2 len 43
2025/07/31 19:32:31 recv 43 bytes
00000000  00 02 03 00 be d2 68 00  00 00 00 00 ff ff ff ff  |......h.........|
00000010  ff ff 18 ff 1a 00 02 00  00 00 00 00 00 01 01 0c  |................|
00000020  00 85 ff be 50 00 04 00  00 00 00                 |....P......|
2025/07/31 19:32:32 recv udp tag 2 len 43
2025/07/31 19:32:32 recv 43 bytes
00000000  00 02 03 00 be d2 69 00  00 00 00 00 ff ff ff ff  |......i.........|
00000010  ff ff 18 ff 1a 00 02 00  00 00 00 00 00 01 01 0c  |................|
00000020  00 85 ff be 50 00 04 00  00 00 00                 |....P......|
2025/07/31 19:32:32 recv udp tag 2 len 103
2025/07/31 19:32:32 recv 103 bytes
00000000  00 02 03 00 be d2 6a 00  00 00 00 00 ff ff ff ff  |......j.........|
00000010  ff ff 18 ff 1a 00 02 00  00 00 00 00 00 01 01 0c  |................|
00000020  00 85 ff be 50 00 40 00  01 01 40 08 57 65 6c 63  |....P.@...@.Welc|
00000030  6f 6d 65 20 74 6f 20 43  6c 61 6e 20 4c 6f 72 64  |ome to Clan Lord|
00000040  2e 20 49 20 61 6d 20 68  65 72 65 20 74 6f 20 68  |. I am here to h|
00000050  65 6c 70 20 79 6f 75 20  67 65 74 20 73 74 61 72  |elp you get star|
00000060  74 65 64 2e 00 00 00                              |ted....|
2025/07/31 19:32:32 player input ack=-1519293249 resend=-968992151 cmd=4 mouse=20,45
2025/07/31 19:32:32 send udp tag 3 len 21
2025/07/31 19:32:32 send 21 bytes
00000000  00 03 00 14 00 2d 00 00  a5 71 6c bf c6 3e 5a 69  |.....-...ql..>Zi|
00000010  00 00 00 04 00                                    |.....|
2025/07/31 19:32:32 recv udp tag 2 len 449
2025/07/31 19:32:32 recv 449 bytes
00000000  00 02 04 00 be d2 6b c6  3e 5a 69 00 ff ff ff ff  |......k.>Zi.....|
00000010  ff ff 18 ff 1a 00 02 00  00 00 00 00 00 01 01 0c  |................|
00000020  00 85 ff be 50 00 95 0d  c2 63 66 75 6e 69 78 3a  |....P....cfunix:|
00000030  35 30 31 30 0d 57 65 6c  63 6f 6d 65 20 74 6f 20  |5010.Welcome to |
00000040  43 6c 61 6e 20 4c 6f 72  64 2c 20 41 67 72 61 74  |Clan Lord, Agrat|
00000050  69 73 20 48 61 72 6f 6f  6e 21 0d c2 68 70 54 79  |is Haroon!..hpTy|
00000060  70 65 20 5c 48 45 4c 50  20 66 6f 72 20 61 20 6c  |pe \HELP for a l|
00000070  69 73 74 20 6f 66 20 63  6f 6d 6d 61 6e 64 73 2e  |ist of commands.|
00000080  0d 2f 6e 74 20 35 33 20  2f 73 61 20 2d 32 20 2f  |./nt 53 /sa -2 /|
00000090  63 6c 20 30 00 01 01 40  08 47 72 65 65 74 69 6e  |cl 0...@.Greetin|
000000a0  67 73 2c 20 41 67 72 61  74 69 73 20 48 61 72 6f  |gs, Agratis Haro|
000000b0  6f 6e 2e 00 00 01 02 03  00 07 03 ba 00 2d 0d c2  |on...........-..|
000000c0  6c 67 c2 70 6e 41 67 72  61 74 69 73 20 48 61 72  |lg.pnAgratis Har|
000000d0  6f 6f 6e c2 70 6e 20 69  73 20 6e 6f 77 20 43 6c  |oon.pn is now Cl|
000000e0  61 6e 6e 69 6e 67 2e 00  00 00 00 00 04 00 00 00  |anning..........|
000000f0  00 00 04 00 00 00 00 00  04 00 00 00 00 00 04 00  |................|
00000100  00 00 00 00 04 00 00 00  00 00 04 00 00 00 00 00  |................|
00000110  04 00 00 00 00 00 04 00  00 00 00 00 04 00 00 00  |................|
00000120  00 00 04 00 00 00 00 00  04 00 00 00 00 00 04 00  |................|
00000130  00 00 00 00 04 00 00 00  00 00 32 0d 49 74 27 73  |..........2.It's|
00000140  20 31 3a 35 36 61 6d 20  6f 6e 20 53 6f 6d 62 64  | 1:56am on Sombd|
00000150  69 2c 20 64 61 79 20 38  33 20 6f 66 20 53 70 72  |i, day 83 of Spr|
00000160  69 6e 67 2c 20 36 34 32  2e 00 00 00 00 00 04 00  |ing, 642........|
00000170  00 00 00 00 04 00 00 00  00 00 40 00 01 01 40 08  |..........@...@.|
00000180  57 65 6c 63 6f 6d 65 20  74 6f 20 43 6c 61 6e 20  |Welcome to Clan |
00000190  4c 6f 72 64 2e 20 49 20  61 6d 20 68 65 72 65 20  |Lord. I am here |
000001a0  74 6f 20 68 65 6c 70 20  79 6f 75 20 67 65 74 20  |to help you get |
000001b0  73 74 61 72 74 65 64 2e  00 00 00 00 04 00 00 00  |started.........|
000001c0  00                                                |.|
2025/07/31 19:32:32 recv udp tag 2 len 43
2025/07/31 19:32:32 recv 43 bytes
00000000  00 02 04 00 be d2 6c 00  00 00 00 00 ff ff ff ff  |......l.........|
00000010  ff ff 18 ff 1a 00 02 00  00 00 00 00 00 01 01 0c  |................|
00000020  00 85 ff be 50 00 04 00  00 00 00                 |....P......|
2025/07/31 19:32:32 recv udp tag 2 len 43
2025/07/31 19:32:32 recv 43 bytes
00000000  00 02 04 00 be d2 6d 00  00 00 00 00 ff ff ff ff  |......m.........|
00000010  ff ff 18 ff 1a 00 02 00  00 00 00 00 00 01 01 0c  |................|
00000020  00 85 ff be 50 00 04 00  00 00 00                 |....P......|
2025/07/31 19:32:33 recv udp tag 2 len 43
2025/07/31 19:32:33 recv 43 bytes
00000000  00 02 04 00 be d2 6e 00  00 00 00 00 ff ff ff ff  |......n.........|
00000010  ff ff 18 ff 1a 00 02 00  00 00 00 00 00 01 01 0c  |................|
00000020  00 85 ff be 50 00 04 00  00 00 00                 |....P......|
2025/07/31 19:32:33 recv udp tag 2 len 92
2025/07/31 19:32:33 recv 92 bytes
00000000  00 02 04 00 be d2 6f 00  00 00 00 00 ff ff ff ff  |......o.........|
00000010  ff ff 18 ff 1a 00 02 00  00 00 00 00 00 01 01 0c  |................|
00000020  00 85 ff be 50 00 35 0d  a5 20 57 68 61 74 d5 73  |....P.5.. What.s|
00000030  20 4e 65 77 3a 20 68 74  74 70 73 3a 2f 2f 64 65  | New: https://de|
00000040  6c 74 61 74 61 6f 2e 63  6f 6d 2f 63 6c 61 6e 6c  |ltatao.com/clanl|
00000050  6f 72 64 2f 6e 65 77 73  00 00 00 00              |ord/news....|
2025/07/31 19:32:33 recv udp tag 2 len 43
2025/07/31 19:32:33 recv 43 bytes
00000000  00 02 04 00 be d2 70 00  00 00 00 00 ff ff ff ff  |......p.........|
00000010  ff ff 18 ff 1a 00 02 00  00 00 00 00 00 01 01 0c  |................|
00000020  00 85 ff be 50 00 04 00  00 00 00                 |....P......|
2025/07/31 19:32:33 recv udp tag 2 len 43
2025/07/31 19:32:33 recv 43 bytes
00000000  00 02 04 00 be d2 71 00  00 00 00 00 ff ff ff ff  |......q.........|
00000010  ff ff 18 ff 1a 00 02 00  00 00 00 00 00 01 01 0c  |................|
00000020  00 85 ff be 50 00 04 00  00 00 00                 |....P......|
2025/07/31 19:32:33 recv udp tag 2 len 43
2025/07/31 19:32:33 recv 43 bytes
00000000  00 02 04 00 be d2 72 00  00 00 00 00 ff ff ff ff  |......r.........|
00000010  ff ff 18 ff 1a 00 02 00  00 00 00 00 00 01 01 0c  |................|
00000020  00 85 ff be 50 00 04 00  00 00 00                 |....P......|
2025/07/31 19:32:34 recv udp tag 2 len 43
2025/07/31 19:32:34 recv 43 bytes
00000000  00 02 04 00 be d2 73 00  00 00 00 00 ff ff ff ff  |......s.........|
00000010  ff ff 18 ff 1a 00 02 00  00 00 00 00 00 01 01 0c  |................|
00000020  00 85 ff be 50 00 04 00  00 00 00                 |....P......|
2025/07/31 19:32:34 recv udp tag 2 len 43
2025/07/31 19:32:34 recv 43 bytes
00000000  00 02 04 00 be d2 74 00  00 00 00 00 ff ff ff ff  |......t.........|
00000010  ff ff 18 ff 1a 00 02 00  00 00 00 00 00 01 01 0c  |................|
00000020  00 85 ff be 50 00 04 00  00 00 00                 |....P......|
2025/07/31 19:32:34 player input ack=-1519293249 resend=-968992151 cmd=5 mouse=20,45
2025/07/31 19:32:34 send udp tag 3 len 21
2025/07/31 19:32:34 send 21 bytes
00000000  00 03 00 14 00 2d 00 00  a5 71 6c bf c6 3e 5a 69  |.....-...ql..>Zi|
00000010  00 00 00 05 00                                    |.....|
2025/07/31 19:32:34 recv udp tag 2 len 43
2025/07/31 19:32:34 recv 43 bytes
00000000  00 02 05 00 be d2 75 00  00 00 00 00 ff ff ff ff  |......u.........|
00000010  ff ff 18 ff 1a 00 02 00  00 00 00 00 00 01 01 0c  |................|
00000020  00 85 ff be 50 00 04 00  00 00 00                 |....P......|
2025/07/31 19:32:34 recv udp tag 2 len 43
2025/07/31 19:32:34 recv 43 bytes
00000000  00 02 05 00 be d2 76 00  00 00 00 00 ff ff ff ff  |......v.........|
00000010  ff ff 18 ff 1a 00 02 00  00 00 00 00 00 01 01 0c  |................|
00000020  00 85 ff be 50 00 04 00  00 00 00                 |....P......|
2025/07/31 19:32:34 recv udp tag 2 len 43
2025/07/31 19:32:34 recv 43 bytes
00000000  00 02 05 00 be d2 77 00  00 00 00 00 ff ff ff ff  |......w.........|
00000010  ff ff 18 ff 1a 00 02 00  00 00 00 00 00 01 01 0c  |................|
00000020  00 85 ff be 50 00 04 00  00 00 00                 |....P......|
2025/07/31 19:32:35 recv udp tag 2 len 43
2025/07/31 19:32:35 recv 43 bytes
00000000  00 02 05 00 be d2 78 00  00 00 00 00 ff ff ff ff  |......x.........|
00000010  ff ff 18 ff 1a 00 02 00  00 00 00 00 00 01 01 0c  |................|
00000020  00 85 ff be 50 00 04 00  00 00 00                 |....P......|
2025/07/31 19:32:35 recv udp tag 2 len 43
2025/07/31 19:32:35 recv 43 bytes
00000000  00 02 05 00 be d2 79 00  00 00 00 00 ff ff ff ff  |......y.........|
00000010  ff ff 18 ff 1a 00 02 00  00 00 00 00 00 01 01 0c  |................|
00000020  00 85 ff be 50 00 04 00  00 00 00                 |....P......|
2025/07/31 19:32:35 recv udp tag 2 len 43
2025/07/31 19:32:35 recv 43 bytes
00000000  00 02 05 00 be d2 7a 00  00 00 00 00 ff ff ff ff  |......z.........|
00000010  ff ff 18 ff 1a 00 02 00  00 00 00 00 00 01 01 0c  |................|
00000020  00 85 ff be 50 00 04 00  00 00 00                 |....P......|
2025/07/31 19:32:35 recv udp tag 2 len 43
2025/07/31 19:32:35 recv 43 bytes
00000000  00 02 05 00 be d2 7b 00  00 00 00 00 ff ff ff ff  |......{.........|
00000010  ff ff 18 ff 1a 00 02 00  00 00 00 00 00 01 01 0c  |................|
00000020  00 85 ff be 50 00 04 00  00 00 00                 |....P......|
2025/07/31 19:32:35 recv udp tag 2 len 43
2025/07/31 19:32:35 recv 43 bytes
00000000  00 02 05 00 be d2 7c 00  00 00 00 00 ff ff ff ff  |......|.........|
00000010  ff ff 18 ff 1a 00 02 00  00 00 00 00 00 01 01 0c  |................|
00000020  00 85 ff be 50 00 04 00  00 00 00                 |....P......|
2025/07/31 19:32:36 recv udp tag 2 len 43
2025/07/31 19:32:36 recv 43 bytes
00000000  00 02 05 00 be d2 7d 00  00 00 00 00 ff ff ff ff  |......}.........|
00000010  ff ff 18 ff 1a 00 02 00  00 00 00 00 00 01 01 0c  |................|
00000020  00 85 ff be 50 00 04 00  00 00 00                 |....P......|
2025/07/31 19:32:36 recv udp tag 2 len 43
2025/07/31 19:32:36 recv 43 bytes
00000000  00 02 05 00 be d2 7e 00  00 00 00 00 ff ff ff ff  |......~.........|
00000010  ff ff 18 ff 1a 00 02 00  00 00 00 00 00 01 01 0c  |................|
00000020  00 85 ff be 50 00 04 00  00 00 00                 |....P......|
2025/07/31 19:32:36 player input ack=-1519293249 resend=-968992151 cmd=6 mouse=20,45
2025/07/31 19:32:36 send udp tag 3 len 21
2025/07/31 19:32:36 send 21 bytes
00000000  00 03 00 14 00 2d 00 00  a5 71 6c bf c6 3e 5a 69  |.....-...ql..>Zi|
00000010  00 00 00 06 00                                    |.....|
2025/07/31 19:32:36 recv udp tag 2 len 43
2025/07/31 19:32:36 recv 43 bytes
00000000  00 02 06 00 be d2 7f 00  00 00 00 00 ff ff ff ff  |................|
00000010  ff ff 18 ff 1a 00 02 00  00 00 00 00 00 01 01 0c  |................|
00000020  00 85 ff be 50 00 04 00  00 00 00                 |....P......|
2025/07/31 19:32:36 recv udp tag 2 len 43
2025/07/31 19:32:36 recv 43 bytes
00000000  00 02 06 00 be d2 80 00  00 00 00 00 ff ff ff ff  |................|
00000010  ff ff 18 ff 1a 00 02 00  00 00 00 00 00 01 01 0c  |................|
00000020  00 85 ff be 50 00 04 00  00 00 00                 |....P......|
2025/07/31 19:32:36 recv udp tag 2 len 43
2025/07/31 19:32:36 recv 43 bytes
00000000  00 02 06 00 be d2 81 00  00 00 00 00 ff ff ff ff  |................|
00000010  ff ff 18 ff 1a 00 02 00  00 00 00 00 00 01 01 0c  |................|
00000020  00 85 ff be 50 00 04 00  00 00 00                 |....P......|
2025/07/31 19:32:37 recv udp tag 2 len 43
2025/07/31 19:32:37 recv 43 bytes
00000000  00 02 06 00 be d2 82 00  00 00 00 00 ff ff ff ff  |................|
00000010  ff ff 18 ff 1a 00 02 00  00 00 00 00 00 01 01 0c  |................|
00000020  00 85 ff be 50 00 04 00  00 00 00                 |....P......|
2025/07/31 19:32:37 recv udp tag 2 len 43
2025/07/31 19:32:37 recv 43 bytes
00000000  00 02 06 00 be d2 83 00  00 00 00 00 ff ff ff ff  |................|
00000010  ff ff 18 ff 1a 00 02 00  00 00 00 00 00 01 01 0c  |................|
00000020  00 85 ff be 50 00 04 00  00 00 00                 |....P......|
2025/07/31 19:32:37 recv udp tag 2 len 43
2025/07/31 19:32:37 recv 43 bytes
00000000  00 02 06 00 be d2 84 00  00 00 00 00 ff ff ff ff  |................|
00000010  ff ff 18 ff 1a 00 02 00  00 00 00 00 00 01 01 0c  |................|
00000020  00 85 ff be 50 00 04 00  00 00 00                 |....P......|
2025/07/31 19:32:37 recv udp tag 2 len 43
2025/07/31 19:32:37 recv 43 bytes
00000000  00 02 06 00 be d2 85 00  00 00 00 00 ff ff ff ff  |................|
00000010  ff ff 18 ff 1a 00 02 00  00 00 00 00 00 01 01 0c  |................|
00000020  00 85 ff be 50 00 04 00  00 00 00                 |....P......|
2025/07/31 19:32:37 recv udp tag 2 len 115
2025/07/31 19:32:37 recv 115 bytes
00000000  00 02 06 00 be d2 86 00  00 00 00 00 ff ff ff ff  |................|
00000010  ff ff 18 ff 1a 00 02 00  00 00 00 00 00 01 01 0c  |................|
00000020  00 85 ff be 50 00 4c 00  01 01 40 08 49 20 61 6d  |....P.L...@.I am|
00000030  20 61 20 72 6f 62 6f 74  2c 20 6f 72 20 22 4e 50  | a robot, or "NP|
00000040  43 22 2e 20 59 6f 75 20  63 61 6e 20 74 65 6c 6c  |C". You can tell|
00000050  20 74 68 61 74 20 62 79  20 74 68 65 20 62 6c 75  | that by the blu|
00000060  65 20 75 6e 64 65 72 20  6d 79 20 6e 61 6d 65 2e  |e under my name.|
00000070  00 00 00                                          |...|
2025/07/31 19:32:38 recv udp tag 2 len 43
2025/07/31 19:32:38 recv 43 bytes
00000000  00 02 06 00 be d2 87 00  00 00 00 00 ff ff ff ff  |................|
00000010  ff ff 18 ff 1a 00 02 00  00 00 00 00 00 01 01 0c  |................|
00000020  00 85 ff be 50 00 04 00  00 00 00                 |....P......|
2025/07/31 19:32:38 recv udp tag 2 len 43
2025/07/31 19:32:38 recv 43 bytes
00000000  00 02 06 00 be d2 88 00  00 00 00 00 ff ff ff ff  |................|
00000010  ff ff 18 ff 1a 00 02 00  00 00 00 00 00 01 01 0c  |................|
00000020  00 85 ff be 50 00 04 00  00 00 00                 |....P......|
2025/07/31 19:32:38 player input ack=-1519293249 resend=-968992151 cmd=7 mouse=20,45
2025/07/31 19:32:38 send udp tag 3 len 21
2025/07/31 19:32:38 send 21 bytes
00000000  00 03 00 14 00 2d 00 00  a5 71 6c bf c6 3e 5a 69  |.....-...ql..>Zi|
00000010  00 00 00 07 00                                    |.....|
2025/07/31 19:32:38 recv udp tag 2 len 43
2025/07/31 19:32:38 recv 43 bytes
00000000  00 02 07 00 be d2 89 00  00 00 00 00 ff ff ff ff  |................|
00000010  ff ff 18 ff 1a 00 02 00  00 00 00 00 00 01 01 0c  |................|
00000020  00 85 ff be 50 00 04 00  00 00 00                 |....P......|
2025/07/31 19:32:38 recv udp tag 2 len 43
2025/07/31 19:32:38 recv 43 bytes
00000000  00 02 07 00 be d2 8a 00  00 00 00 00 ff ff ff ff  |................|
00000010  ff ff 18 ff 1a 00 02 00  00 00 00 00 00 01 01 0c  |................|
00000020  00 85 ff be 50 00 04 00  00 00 00                 |....P......|
2025/07/31 19:32:38 recv udp tag 2 len 43
2025/07/31 19:32:38 recv 43 bytes
00000000  00 02 07 00 be d2 8b 00  00 00 00 00 ff ff ff ff  |................|
00000010  ff ff 18 ff 1a 00 02 00  00 00 00 00 00 01 01 0c  |................|
00000020  00 85 ff be 50 00 04 00  00 00 00                 |....P......|
2025/07/31 19:32:39 recv udp tag 2 len 43
2025/07/31 19:32:39 recv 43 bytes
00000000  00 02 07 00 be d2 8c 00  00 00 00 00 ff ff ff ff  |................|
00000010  ff ff 18 ff 1a 00 02 00  00 00 00 00 00 01 01 0c  |................|
00000020  00 85 ff be 50 00 04 00  00 00 00                 |....P......|
2025/07/31 19:32:39 recv udp tag 2 len 45
2025/07/31 19:32:39 recv 45 bytes
00000000  00 02 07 00 be d2 8d 00  00 00 00 00 ff ff ff ff  |................|
00000010  ff ff 18 ff 1a 00 02 00  00 00 00 00 00 01 01 0c  |................|
00000020  00 85 ff be 50 00 06 00  00 01 00 c4 00           |....P........|
2025/07/31 19:32:39 recv udp tag 2 len 43
2025/07/31 19:32:39 recv 43 bytes
00000000  00 02 07 00 be d2 8e 00  00 00 00 00 ff ff ff ff  |................|
00000010  ff ff 18 ff 1a 00 02 00  00 00 00 00 00 01 01 0c  |................|
00000020  00 85 ff be 50 00 04 00  00 00 00                 |....P......|
2025/07/31 19:32:39 recv udp tag 2 len 43
2025/07/31 19:32:39 recv 43 bytes
00000000  00 02 07 00 be d2 8f 00  00 00 00 00 ff ff ff ff  |................|
00000010  ff ff 18 ff 1a 00 02 00  00 00 00 00 00 01 01 0c  |................|
00000020  00 85 ff be 50 00 04 00  00 00 00                 |....P......|
2025/07/31 19:32:39 recv udp tag 2 len 43
2025/07/31 19:32:39 recv 43 bytes
00000000  00 02 07 00 be d2 90 00  00 00 00 00 ff ff ff ff  |................|
00000010  ff ff 18 ff 1a 00 02 00  00 00 00 00 00 01 01 0c  |................|
00000020  00 85 ff be 50 00 04 00  00 00 00                 |....P......|
2025/07/31 19:32:40 recv udp tag 2 len 43
2025/07/31 19:32:40 recv 43 bytes
00000000  00 02 07 00 be d2 91 00  00 00 00 00 ff ff ff ff  |................|
00000010  ff ff 18 ff 1a 00 02 00  00 00 00 00 00 01 01 0c  |................|
00000020  00 85 ff be 50 00 04 00  00 00 00                 |....P......|
2025/07/31 19:32:40 recv udp tag 2 len 43
2025/07/31 19:32:40 recv 43 bytes
00000000  00 02 07 00 be d2 92 00  00 00 00 00 ff ff ff ff  |................|
00000010  ff ff 18 ff 1a 00 02 00  00 00 00 00 00 01 01 0c  |................|
00000020  00 85 ff be 50 00 04 00  00 00 00                 |....P......|
2025/07/31 19:32:40 player input ack=-1519293249 resend=-968992151 cmd=8 mouse=20,45
2025/07/31 19:32:40 send udp tag 3 len 21
2025/07/31 19:32:40 send 21 bytes
00000000  00 03 00 14 00 2d 00 00  a5 71 6c bf c6 3e 5a 69  |.....-...ql..>Zi|
00000010  00 00 00 08 00                                    |.....|
2025/07/31 19:32:40 recv udp tag 2 len 43
2025/07/31 19:32:40 recv 43 bytes
00000000  00 02 08 00 be d2 93 00  00 00 00 00 ff ff ff ff  |................|
00000010  ff ff 18 ff 1a 00 02 00  00 00 00 00 00 01 01 0c  |................|
00000020  00 85 ff be 50 00 04 00  00 00 00                 |....P......|
2025/07/31 19:32:40 recv udp tag 2 len 43
2025/07/31 19:32:40 recv 43 bytes
00000000  00 02 08 00 be d2 94 00  00 00 00 00 ff ff ff ff  |................|
00000010  ff ff 18 ff 1a 00 02 00  00 00 00 00 00 01 01 0c  |................|
00000020  00 85 ff be 50 00 04 00  00 00 00                 |....P......|
2025/07/31 19:32:40 recv udp tag 2 len 43
2025/07/31 19:32:40 recv 43 bytes
00000000  00 02 08 00 be d2 95 00  00 00 00 00 ff ff ff ff  |................|
00000010  ff ff 18 ff 1a 00 02 00  00 00 00 00 00 01 01 0c  |................|
00000020  00 85 ff be 50 00 04 00  00 00 00                 |....P......|
2025/07/31 19:32:41 recv udp tag 2 len 43
2025/07/31 19:32:41 recv 43 bytes
00000000  00 02 08 00 be d2 96 00  00 00 00 00 ff ff ff ff  |................|
00000010  ff ff 18 ff 1a 00 02 00  00 00 00 00 00 01 01 0c  |................|
00000020  00 85 ff be 50 00 04 00  00 00 00                 |....P......|
2025/07/31 19:32:41 recv udp tag 2 len 43
2025/07/31 19:32:41 recv 43 bytes
00000000  00 02 08 00 be d2 97 00  00 00 00 00 ff ff ff ff  |................|
00000010  ff ff 18 ff 1a 00 02 00  00 00 00 00 00 01 01 0c  |................|
00000020  00 85 ff be 50 00 04 00  00 00 00                 |....P......|
2025/07/31 19:32:41 recv udp tag 2 len 43
2025/07/31 19:32:41 recv 43 bytes
00000000  00 02 08 00 be d2 98 00  00 00 00 00 ff ff ff ff  |................|
00000010  ff ff 18 ff 1a 00 02 00  00 00 00 00 00 01 01 0c  |................|
00000020  00 85 ff be 50 00 04 00  00 00 00                 |....P......|
2025/07/31 19:32:41 recv udp tag 2 len 43
2025/07/31 19:32:41 recv 43 bytes
00000000  00 02 08 00 be d2 99 00  00 00 00 00 ff ff ff ff  |................|
00000010  ff ff 18 ff 1a 00 02 00  00 00 00 00 00 01 01 0c  |................|
00000020  00 85 ff be 50 00 04 00  00 00 00                 |....P......|
2025/07/31 19:32:41 recv udp tag 2 len 43
2025/07/31 19:32:41 recv 43 bytes
00000000  00 02 08 00 be d2 9a 00  00 00 00 00 ff ff ff ff  |................|
00000010  ff ff 18 ff 1a 00 02 00  00 00 00 00 00 01 01 0c  |................|
00000020  00 85 ff be 50 00 04 00  00 00 00                 |....P......|
2025/07/31 19:32:42 recv udp tag 2 len 43
2025/07/31 19:32:42 recv 43 bytes
00000000  00 02 08 00 be d2 9b 00  00 00 00 00 ff ff ff ff  |................|
00000010  ff ff 18 ff 1a 00 02 00  00 00 00 00 00 01 01 0c  |................|
00000020  00 85 ff be 50 00 04 00  00 00 00                 |....P......|
2025/07/31 19:32:42 player input ack=-1519293249 resend=-968992151 cmd=9 mouse=20,45
2025/07/31 19:32:42 send udp tag 3 len 21
2025/07/31 19:32:42 send 21 bytes
00000000  00 03 00 14 00 2d 00 00  a5 71 6c bf c6 3e 5a 69  |.....-...ql..>Zi|
00000010  00 00 00 09 00                                    |.....|
2025/07/31 19:32:42 recv udp tag 2 len 43
2025/07/31 19:32:42 recv 43 bytes
00000000  00 02 08 00 be d2 9c 00  00 00 00 00 ff ff ff ff  |................|
00000010  ff ff 18 ff 1a 00 02 00  00 00 00 00 00 01 01 0c  |................|
00000020  00 85 ff be 50 00 04 00  00 00 00                 |....P......|
2025/07/31 19:32:42 recv udp tag 2 len 43
2025/07/31 19:32:42 recv 43 bytes
00000000  00 02 09 00 be d2 9d 00  00 00 00 00 ff ff ff ff  |................|
00000010  ff ff 18 ff 1a 00 02 00  00 00 00 00 00 01 01 0c  |................|
00000020  00 85 ff be 50 00 04 00  00 00 00                 |....P......|
2025/07/31 19:32:42 recv udp tag 2 len 43
2025/07/31 19:32:42 recv 43 bytes
00000000  00 02 09 00 be d2 9e 00  00 00 00 00 ff ff ff ff  |................|
00000010  ff ff 18 ff 1a 00 02 00  00 00 00 00 00 01 01 0c  |................|
00000020  00 85 ff be 50 00 04 00  00 00 00                 |....P......|
2025/07/31 19:32:42 recv udp tag 2 len 43
2025/07/31 19:32:42 recv 43 bytes
00000000  00 02 09 00 be d2 9f 00  00 00 00 00 ff ff ff ff  |................|
00000010  ff ff 18 ff 1a 00 02 00  00 00 00 00 00 01 01 0c  |................|
00000020  00 85 ff be 50 00 04 00  00 00 00                 |....P......|
2025/07/31 19:32:43 recv udp tag 2 len 43
2025/07/31 19:32:43 recv 43 bytes
00000000  00 02 09 00 be d2 a0 00  00 00 00 00 ff ff ff ff  |................|
00000010  ff ff 18 ff 1a 00 02 00  00 00 00 00 00 01 01 0c  |................|
00000020  00 85 ff be 50 00 04 00  00 00 00                 |....P......|
2025/07/31 19:32:43 recv udp tag 2 len 183
2025/07/31 19:32:43 recv 183 bytes
00000000  00 02 09 00 be d2 a1 00  00 00 00 00 ff ff ff ff  |................|
00000010  ff ff 18 ff 1a 00 02 00  00 00 00 00 00 01 01 0c  |................|
00000020  00 85 ff be 50 00 90 0d  0d 2a 20 54 69 70 20 6f  |....P....* Tip o|
00000030  66 20 74 68 65 20 64 61  79 3a 20 53 65 6c 65 63  |f the day: Selec|
00000040  74 20 61 6e 20 69 74 65  6d 20 69 6e 20 79 6f 75  |t an item in you|
00000050  72 20 49 6e 76 65 6e 74  6f 72 79 20 77 69 6e 64  |r Inventory wind|
00000060  6f 77 20 61 6e 64 20 74  79 70 65 20 73 70 61 63  |ow and type spac|
00000070  65 20 74 6f 20 72 65 6d  6f 76 65 20 69 74 73 20  |e to remove its |
00000080  63 6f 6d 6d 61 6e 64 2d  23 20 68 6f 74 6b 65 79  |command-# hotkey|
00000090  2e 20 28 55 73 65 20 2f  4f 50 54 49 4f 4e 53 20  |. (Use /OPTIONS |
000000a0  74 6f 20 74 75 72 6e 20  74 69 70 73 20 6f 66 66  |to turn tips off|
000000b0  2e 29 0d 00 00 00 00                              |.).....|
2025/07/31 19:32:43 recv udp tag 2 len 45
2025/07/31 19:32:43 recv 45 bytes
00000000  00 02 09 00 be d2 a2 00  00 00 00 00 ff ff ff ff  |................|
00000010  ff ff 18 ff 1a 00 02 00  00 00 00 00 00 01 01 0c  |................|
00000020  00 85 ff be 50 00 06 00  00 01 00 ce 00           |....P........|
2025/07/31 19:32:43 recv udp tag 2 len 43
2025/07/31 19:32:43 recv 43 bytes
00000000  00 02 09 00 be d2 a3 00  00 00 00 00 ff ff ff ff  |................|
00000010  ff ff 18 ff 1a 00 02 00  00 00 00 00 00 01 01 0c  |................|
00000020  00 85 ff be 50 00 04 00  00 00 00                 |....P......|
2025/07/31 19:32:43 recv udp tag 2 len 43
2025/07/31 19:32:43 recv 43 bytes
00000000  00 02 09 00 be d2 a4 00  00 00 00 00 ff ff ff ff  |................|
00000010  ff ff 18 ff 1a 00 02 00  00 00 00 00 00 01 01 0c  |................|
00000020  00 85 ff be 50 00 04 00  00 00 00                 |....P......|
2025/07/31 19:32:44 recv udp tag 2 len 43
2025/07/31 19:32:44 recv 43 bytes
00000000  00 02 09 00 be d2 a5 00  00 00 00 00 ff ff ff ff  |................|
00000010  ff ff 18 ff 1a 00 02 00  00 00 00 00 00 01 01 0c  |................|
00000020  00 85 ff be 50 00 04 00  00 00 00                 |....P......|
2025/07/31 19:32:44 recv udp tag 2 len 110
2025/07/31 19:32:44 recv 110 bytes
00000000  00 02 09 00 be d2 a6 00  00 00 00 00 ff ff ff ff  |................|
00000010  ff ff 18 ff 1a 00 02 00  00 00 00 00 00 01 01 0c  |................|
00000020  00 85 ff be 50 00 47 00  01 01 40 08 54 6f 20 6d  |....P.G...@.To m|
00000030  6f 76 65 2c 20 63 6c 69  63 6b 20 74 68 65 20 6d  |ove, click the m|
00000040  6f 75 73 65 20 61 6e 64  20 68 6f 6c 64 20 69 74  |ouse and hold it|
00000050  20 64 6f 77 6e 20 77 68  65 72 65 20 79 6f 75 20  | down where you |
00000060  77 61 6e 74 20 74 6f 20  67 6f 2e 00 00 00        |want to go....|
2025/07/31 19:32:44 player input ack=-1519293249 resend=-968992151 cmd=10 mouse=20,45
2025/07/31 19:32:44 send udp tag 3 len 21
2025/07/31 19:32:44 send 21 bytes
00000000  00 03 00 14 00 2d 00 00  a5 71 6c bf c6 3e 5a 69  |.....-...ql..>Zi|
00000010  00 00 00 0a 00                                    |.....|
2025/07/31 19:32:44 recv udp tag 2 len 43
2025/07/31 19:32:44 recv 43 bytes
00000000  00 02 0a 00 be d2 a7 00  00 00 00 00 ff ff ff ff  |................|
00000010  ff ff 18 ff 1a 00 02 00  00 00 00 00 00 01 01 0c  |................|
00000020  00 85 ff be 50 00 04 00  00 00 00                 |....P......|
2025/07/31 19:32:44 recv udp tag 2 len 43
2025/07/31 19:32:44 recv 43 bytes
00000000  00 02 0a 00 be d2 a8 00  00 00 00 00 ff ff ff ff  |................|
00000010  ff ff 18 ff 1a 00 02 00  00 00 00 00 00 01 01 0c  |................|
00000020  00 85 ff be 50 00 04 00  00 00 00                 |....P......|
2025/07/31 19:32:44 recv udp tag 2 len 43
2025/07/31 19:32:44 recv 43 bytes
00000000  00 02 0a 00 be d2 a9 00  00 00 00 00 ff ff ff ff  |................|
00000010  ff ff 18 ff 1a 00 02 00  00 00 00 00 00 01 01 0c  |................|
00000020  00 85 ff be 50 00 04 00  00 00 00                 |....P......|
2025/07/31 19:32:45 recv udp tag 2 len 43
2025/07/31 19:32:45 recv 43 bytes
00000000  00 02 0a 00 be d2 aa 00  00 00 00 00 ff ff ff ff  |................|
00000010  ff ff 18 ff 1a 00 02 00  00 00 00 00 00 01 01 0c  |................|
00000020  00 85 ff be 50 00 04 00  00 00 00                 |....P......|
2025/07/31 19:32:45 recv udp tag 2 len 43
2025/07/31 19:32:45 recv 43 bytes
00000000  00 02 0a 00 be d2 ab 00  00 00 00 00 ff ff ff ff  |................|
00000010  ff ff 18 ff 1a 00 02 00  00 00 00 00 00 01 01 0c  |................|
00000020  00 85 ff be 50 00 04 00  00 00 00                 |....P......|
2025/07/31 19:32:45 recv udp tag 2 len 43
2025/07/31 19:32:45 recv 43 bytes
00000000  00 02 0a 00 be d2 ac 00  00 00 00 00 ff ff ff ff  |................|
00000010  ff ff 18 ff 1a 00 02 00  00 00 00 00 00 01 01 0c  |................|
00000020  00 85 ff be 50 00 04 00  00 00 00                 |....P......|
2025/07/31 19:32:45 recv udp tag 2 len 43
2025/07/31 19:32:45 recv 43 bytes
00000000  00 02 0a 00 be d2 ad 00  00 00 00 00 ff ff ff ff  |................|
00000010  ff ff 18 ff 1a 00 02 00  00 00 00 00 00 01 01 0c  |................|
00000020  00 85 ff be 50 00 04 00  00 00 00                 |....P......|
2025/07/31 19:32:45 recv udp tag 2 len 43
2025/07/31 19:32:45 recv 43 bytes
00000000  00 02 0a 00 be d2 ae 00  00 00 00 00 ff ff ff ff  |................|
00000010  ff ff 18 ff 1a 00 02 00  00 00 00 00 00 01 01 0c  |................|
00000020  00 85 ff be 50 00 04 00  00 00 00                 |....P......|
2025/07/31 19:32:46 recv udp tag 2 len 43
2025/07/31 19:32:46 recv 43 bytes
00000000  00 02 0a 00 be d2 af 00  00 00 00 00 ff ff ff ff  |................|
00000010  ff ff 18 ff 1a 00 02 00  00 00 00 00 00 01 01 0c  |................|
00000020  00 85 ff be 50 00 04 00  00 00 00                 |....P......|
2025/07/31 19:32:46 recv udp tag 2 len 43
2025/07/31 19:32:46 recv 43 bytes
00000000  00 02 0a 00 be d2 b0 00  00 00 00 00 ff ff ff ff  |................|
00000010  ff ff 18 ff 1a 00 02 00  00 00 00 00 00 01 01 0c  |................|
00000020  00 85 ff be 50 00 04 00  00 00 00                 |....P......|
2025/07/31 19:32:46 player input ack=-1519293249 resend=-968992151 cmd=11 mouse=20,45
2025/07/31 19:32:46 send udp tag 3 len 21
2025/07/31 19:32:46 send 21 bytes
00000000  00 03 00 14 00 2d 00 00  a5 71 6c bf c6 3e 5a 69  |.....-...ql..>Zi|
00000010  00 00 00 0b 00                                    |.....|
2025/07/31 19:32:46 recv udp tag 2 len 43
2025/07/31 19:32:46 recv 43 bytes
00000000  00 02 0b 00 be d2 b1 00  00 00 00 00 ff ff ff ff  |................|
00000010  ff ff 18 ff 1a 00 02 00  00 00 00 00 00 01 01 0c  |................|
00000020  00 85 ff be 50 00 04 00  00 00 00                 |....P......|
2025/07/31 19:32:46 recv udp tag 2 len 43
2025/07/31 19:32:46 recv 43 bytes
00000000  00 02 0b 00 be d2 b2 00  00 00 00 00 ff ff ff ff  |................|
00000010  ff ff 18 ff 1a 00 02 00  00 00 00 00 00 01 01 0c  |................|
00000020  00 85 ff be 50 00 04 00  00 00 00                 |....P......|
2025/07/31 19:32:46 recv udp tag 2 len 45
2025/07/31 19:32:46 recv 45 bytes
00000000  00 02 0b 00 be d2 b3 00  00 00 00 00 ff ff ff ff  |................|
00000010  ff ff 18 ff 1a 00 02 00  00 00 00 00 00 01 01 0c  |................|
00000020  00 85 ff be 50 00 06 00  00 01 01 05 00           |....P........|
2025/07/31 19:32:47 recv udp tag 2 len 43
2025/07/31 19:32:47 recv 43 bytes
00000000  00 02 0b 00 be d2 b4 00  00 00 00 00 ff ff ff ff  |................|
00000010  ff ff 18 ff 1a 00 02 00  00 00 00 00 00 01 01 0c  |................|
00000020  00 85 ff be 50 00 04 00  00 00 00                 |....P......|
2025/07/31 19:32:47 recv udp tag 2 len 43
2025/07/31 19:32:47 recv 43 bytes
00000000  00 02 0b 00 be d2 b5 00  00 00 00 00 ff ff ff ff  |................|
00000010  ff ff 18 ff 1a 00 02 00  00 00 00 00 00 01 01 0c  |................|
00000020  00 85 ff be 50 00 04 00  00 00 00                 |....P......|
2025/07/31 19:32:47 recv udp tag 2 len 43
2025/07/31 19:32:47 recv 43 bytes
00000000  00 02 0b 00 be d2 b6 00  00 00 00 00 ff ff ff ff  |................|
00000010  ff ff 18 ff 1a 00 02 00  00 00 00 00 00 01 01 0c  |................|
00000020  00 85 ff be 50 00 04 00  00 00 00                 |....P......|
2025/07/31 19:32:47 recv udp tag 2 len 43
2025/07/31 19:32:47 recv 43 bytes
00000000  00 02 0b 00 be d2 b7 00  00 00 00 00 ff ff ff ff  |................|
00000010  ff ff 18 ff 1a 00 02 00  00 00 00 00 00 01 01 0c  |................|
00000020  00 85 ff be 50 00 04 00  00 00 00                 |....P......|
2025/07/31 19:32:47 recv udp tag 2 len 43
2025/07/31 19:32:47 recv 43 bytes
00000000  00 02 0b 00 be d2 b8 00  00 00 00 00 ff ff ff ff  |................|
00000010  ff ff 18 ff 1a 00 02 00  00 00 00 00 00 01 01 0c  |................|
00000020  00 85 ff be 50 00 04 00  00 00 00                 |....P......|
2025/07/31 19:32:48 recv udp tag 2 len 43
2025/07/31 19:32:48 recv 43 bytes
00000000  00 02 0b 00 be d2 b9 00  00 00 00 00 ff ff ff ff  |................|
00000010  ff ff 18 ff 1a 00 02 00  00 00 00 00 00 01 01 0c  |................|
00000020  00 85 ff be 50 00 04 00  00 00 00                 |....P......|
2025/07/31 19:32:48 recv udp tag 2 len 43
2025/07/31 19:32:48 recv 43 bytes
00000000  00 02 0b 00 be d2 ba 00  00 00 00 00 ff ff ff ff  |................|
00000010  ff ff 18 ff 1a 00 02 00  00 00 00 00 00 01 01 0c  |................|
00000020  00 85 ff be 50 00 04 00  00 00 00                 |....P......|
2025/07/31 19:32:48 player input ack=-1519293249 resend=-968992151 cmd=12 mouse=20,45
2025/07/31 19:32:48 send udp tag 3 len 21
2025/07/31 19:32:48 send 21 bytes
00000000  00 03 00 14 00 2d 00 00  a5 71 6c bf c6 3e 5a 69  |.....-...ql..>Zi|
00000010  00 00 00 0c 00                                    |.....|
2025/07/31 19:32:48 recv udp tag 2 len 43
2025/07/31 19:32:48 recv 43 bytes
00000000  00 02 0c 00 be d2 bb 00  00 00 00 00 ff ff ff ff  |................|
00000010  ff ff 18 ff 1a 00 02 00  00 00 00 00 00 01 01 0c  |................|
00000020  00 85 ff be 50 00 04 00  00 00 00                 |....P......|
2025/07/31 19:32:48 recv udp tag 2 len 43
2025/07/31 19:32:48 recv 43 bytes
00000000  00 02 0c 00 be d2 bc 00  00 00 00 00 ff ff ff ff  |................|
00000010  ff ff 18 ff 1a 00 02 00  00 00 00 00 00 01 01 0c  |................|
00000020  00 85 ff be 50 00 04 00  00 00 00                 |....P......|
2025/07/31 19:32:48 recv udp tag 2 len 43
2025/07/31 19:32:48 recv 43 bytes
00000000  00 02 0c 00 be d2 bd 00  00 00 00 00 ff ff ff ff  |................|
00000010  ff ff 18 ff 1a 00 02 00  00 00 00 00 00 01 01 0c  |................|
00000020  00 85 ff be 50 00 04 00  00 00 00                 |....P......|
2025/07/31 19:32:49 recv udp tag 2 len 43
2025/07/31 19:32:49 recv 43 bytes
00000000  00 02 0c 00 be d2 be 00  00 00 00 00 ff ff ff ff  |................|
00000010  ff ff 18 ff 1a 00 02 00  00 00 00 00 00 01 01 0c  |................|
00000020  00 85 ff be 50 00 04 00  00 00 00                 |....P......|
2025/07/31 19:32:49 recv udp tag 2 len 43
2025/07/31 19:32:49 recv 43 bytes
00000000  00 02 0c 00 be d2 bf 00  00 00 00 00 ff ff ff ff  |................|
00000010  ff ff 18 ff 1a 00 02 00  00 00 00 00 00 01 01 0c  |................|
00000020  00 85 ff be 50 00 04 00  00 00 00                 |....P......|
2025/07/31 19:32:49 recv udp tag 2 len 43
2025/07/31 19:32:49 recv 43 bytes
00000000  00 02 0c 00 be d2 c0 00  00 00 00 00 ff ff ff ff  |................|
00000010  ff ff 18 ff 1a 00 02 00  00 00 00 00 00 01 01 0c  |................|
00000020  00 85 ff be 50 00 04 00  00 00 00                 |....P......|
2025/07/31 19:32:49 recv udp tag 2 len 43
2025/07/31 19:32:49 recv 43 bytes
00000000  00 02 0c 00 be d2 c1 00  00 00 00 00 ff ff ff ff  |................|
00000010  ff ff 18 ff 1a 00 02 00  00 00 00 00 00 01 01 0c  |................|
00000020  00 85 ff be 50 00 04 00  00 00 00                 |....P......|
2025/07/31 19:32:49 recv udp tag 2 len 43
2025/07/31 19:32:49 recv 43 bytes
00000000  00 02 0c 00 be d2 c2 00  00 00 00 00 ff ff ff ff  |................|
00000010  ff ff 18 ff 1a 00 02 00  00 00 00 00 00 01 01 0c  |................|
00000020  00 85 ff be 50 00 04 00  00 00 00                 |....P......|
2025/07/31 19:32:50 recv udp tag 2 len 43
2025/07/31 19:32:50 recv 43 bytes
00000000  00 02 0c 00 be d2 c3 00  00 00 00 00 ff ff ff ff  |................|
00000010  ff ff 18 ff 1a 00 02 00  00 00 00 00 00 01 01 0c  |................|
00000020  00 85 ff be 50 00 04 00  00 00 00                 |....P......|
2025/07/31 19:32:50 recv udp tag 2 len 43
2025/07/31 19:32:50 recv 43 bytes
00000000  00 02 0c 00 be d2 c4 00  00 00 00 00 ff ff ff ff  |................|
00000010  ff ff 18 ff 1a 00 02 00  00 00 00 00 00 01 01 0c  |................|
00000020  00 85 ff be 50 00 04 00  00 00 00                 |....P......|
2025/07/31 19:32:50 player input ack=-1519293249 resend=-968992151 cmd=13 mouse=20,45
2025/07/31 19:32:50 send udp tag 3 len 21
2025/07/31 19:32:50 send 21 bytes
00000000  00 03 00 14 00 2d 00 00  a5 71 6c bf c6 3e 5a 69  |.....-...ql..>Zi|
00000010  00 00 00 0d 00                                    |.....|
2025/07/31 19:32:50 recv udp tag 2 len 113
2025/07/31 19:32:50 recv 113 bytes
00000000  00 02 0d 00 be d2 c5 00  00 00 00 00 ff ff ff ff  |................|
00000010  ff ff 18 ff 1a 00 02 00  00 00 00 00 00 01 01 0c  |................|
00000020  00 85 ff be 50 00 4a 00  01 01 40 08 54 6f 20 65  |....P.J...@.To e|
00000030  78 69 74 20 74 68 69 73  20 72 6f 6f 6d 20 61 6e  |xit this room an|
00000040  64 20 6c 65 61 72 6e 20  6d 6f 72 65 2c 20 62 75  |d learn more, bu|
00000050  6d 70 20 69 6e 74 6f 20  74 68 65 20 64 6f 6f 72  |mp into the door|
00000060  20 74 6f 20 74 68 65 20  72 69 67 68 74 2e 00 00  | to the right...|
00000070  00                                                |.|
2025/07/31 19:32:50 recv udp tag 2 len 43
2025/07/31 19:32:50 recv 43 bytes
00000000  00 02 0d 00 be d2 c6 00  00 00 00 00 ff ff ff ff  |................|
00000010  ff ff 18 ff 1a 00 02 00  00 00 00 00 00 01 01 0c  |................|
00000020  00 85 ff be 50 00 04 00  00 00 00                 |....P......|
2025/07/31 19:32:50 recv udp tag 2 len 43
2025/07/31 19:32:50 recv 43 bytes
00000000  00 02 0d 00 be d2 c7 00  00 00 00 00 ff ff ff ff  |................|
00000010  ff ff 18 ff 1a 00 02 00  00 00 00 00 00 01 01 0c  |................|
00000020  00 85 ff be 50 00 04 00  00 00 00                 |....P......|
