2025/07/31 21:54:39 identifiers client=368640 images=368640 sounds=368640
2025/07/31 21:54:39 send tcp tag 19 len 60
2025/07/31 21:54:39 send 60 bytes
00000000  00 13 00 00 00 05 a0 00  00 05 a0 00 00 05 a0 00  |................|
00000010  3c 5a 69 93 a5 c6 3c 5a  69 93 a5 c6 3c 5a 0d fa  |<Zi...<Zi...<Z..|
00000020  d6 b2 3c 3e 00 e0 d1 eb  75 3e 0c f2 f5 a7 58 77  |..<>....u>....Xw|
00000030  5a be 94 f2 7d 16 2a a5  a5 e9 3c 5a              |Z...}.*...<Z|
2025/07/31 21:54:39 recv tcp tag 18 len 48
2025/07/31 21:54:39 recv 48 bytes
00000000  00 12 00 00 00 05 a0 00  00 05 a0 00 00 05 a0 00  |................|
00000010  3e 4f 33 41 7e 98 60 5c  c2 9b 00 ef 14 25 52 7c  |>O3A~.`\.....%R||
00000020  e1 9f a4 83 4e 06 19 36  f1 a4 c1 28 7f 6c c8 7f  |....N..6...(.l..|
2025/07/31 21:54:39 send tcp tag 14 len 37
2025/07/31 21:54:39 send 37 bytes
00000000  00 0e 00 00 00 05 a0 00  00 05 a0 00 00 05 a0 00  |................|
00000010  58 3f 04 fc a5 8c 4f 1a  6b 38 e6 9c 5e 00 cd bf  |X?....O.k8..^...|
00000020  24 69 4f 38 0a                                    |$iO8.|
2025/07/31 21:54:39 request character list for demo
2025/07/31 21:54:39 recv tcp tag 14 len 327
2025/07/31 21:54:39 recv 327 bytes
00000000  00 0e 00 00 00 05 a0 00  00 05 a0 00 00 05 a0 00  |................|
00000010  3c 5a 69 93 ae 7e 3d 51  69 93 a5 d3 7d 3d 1b f2  |<Zi..~=Qi...}=..|
00000020  d1 af 4f 7a 21 f2 d7 a9  53 34 69 d2 c2 b4 5d 2e  |..Oz!...S4i...].|
00000030  00 e0 85 8b 59 36 05 fa  cb c6 7d 3d 1b f2 d1 af  |....Y6....}=....|
00000040  4f 7a 25 f2 cb a3 55 36  69 d2 c2 b4 5d 2e 00 e0  |Oz%...U6i...]...|
00000050  85 82 59 2c 08 ff dc a8  3c 1b 0e e1 c4 b2 55 29  |..Y,....<.....U)|
00000060  49 d8 d7 a7 57 7d 01 f2  a5 87 5b 28 08 e7 cc b5  |I...W}....[(....|
00000070  1c 1c 0c f5 c3 a3 4e 5a  28 f4 d7 a7 48 33 1a b3  |......NZ(...H3..|
00000080  e2 a9 50 33 08 fd c4 c6  7d 3d 1b f2 d1 af 4f 7a  |..P3....}=....Oz|
00000090  33 fb ca b4 52 3b 02 93  e4 a1 4e 3b 1d fa d6 e6  |3...R;....N;....|
000000a0  7e 28 08 eb a5 87 5b 28  08 e7 cc b5 1c 13 0d fc  |~(....[(........|
000000b0  d7 af 50 36 69 d2 c2 b4  5d 2e 00 e0 85 96 59 2e  |..P6i...].....Y.|
000000c0  1b fc a5 87 5b 28 08 e7  cc b5 1c 0e 4e e1 d7 a9  |....[(......N...|
000000d0  4b 5a 28 f4 d7 a7 48 33  1a b3 ee a9 4e 3b 02 93  |KZ(...H3....N;..|
000000e0  e4 a1 4e 3b 1d fa d6 e6  6a 35 1b f2 cb c6 7d 3d  |..N;....j5....}=|
000000f0  1b f2 d1 af 4f 7a 3b fa  d6 a7 3c 1b 0e e1 c4 b2  |....Oz;...<.....|
00000100  55 29 49 d7 c0 a8 58 3f  07 93 e4 a1 4e 3b 1d fa  |U)I...X?....N;..|
00000110  d6 e6 65 2e 1d e1 c4 a8  59 5a 28 f4 d7 a7 48 33  |..e.....YZ(...H3|
00000120  1a b3 e9 b3 50 2f 69 d2  c2 b4 5d 2e 00 e0 85 8a  |....P/i...].....|
00000130  53 28 4e e3 cc ad 3c 1b  0e e1 c4 b2 55 29 49 d4  |S(N...<.....U)I.|
00000140  d7 a9 53 34 08 93 a5                              |..S4...|
2025/07/31 21:54:39 server returned 20 characters
2025/07/31 21:54:39 send tcp tag 13 len 47
2025/07/31 21:54:39 send 47 bytes
00000000  00 0d 00 00 00 05 a0 00  00 05 a0 00 00 05 a0 00  |................|
00000010  7d 3d 1b f2 d1 af 4f 7a  2d f6 cb a2 59 34 69 d9  |}=....Oz-...Y4i.|
00000020  d6 86 3e f1 2a c9 c7 9c  98 76 e8 3c d6 a4 5f     |..>.*....v.<.._|
2025/07/31 21:54:39 recv tcp tag 13 len 70
2025/07/31 21:54:39 recv 70 bytes
00000000  00 0d 00 00 00 05 a0 00  00 05 a0 00 00 05 a0 00  |................|
00000010  53 75 63 63 65 73 73 66  75 6c 6c 79 20 63 6f 6e  |Successfully con|
00000020  6e 65 63 74 65 64 20 74  6f 20 63 68 61 72 61 63  |nected to charac|
00000030  74 65 72 20 22 41 67 72  61 74 69 73 20 44 65 6e  |ter "Agratis Den|
00000040  64 65 6e 22 2e 00                                 |den"..|
2025/07/31 21:54:39 player input ack=0 resend=0 cmd=1 mouse=0,0
2025/07/31 21:54:39 send udp tag 3 len 21
2025/07/31 21:54:39 send 21 bytes
00000000  00 03 00 00 00 00 00 00  00 00 00 00 00 00 00 00  |................|
00000010  00 00 00 01 00                                    |.....|
2025/07/31 21:54:39 player input ack=0 resend=0 cmd=2 mouse=0,0
2025/07/31 21:54:39 send udp tag 3 len 21
2025/07/31 21:54:39 send 21 bytes
00000000  00 03 00 00 00 00 00 00  00 00 00 00 00 00 00 00  |................|
00000010  00 00 00 02 00                                    |.....|
2025/07/31 21:54:40 recv udp tag 2 len 399
2025/07/31 21:54:40 recv 399 bytes
00000000  00 02 02 00 bf 78 f9 ff  ff ff ff 02 00 01 0b c5  |.....x..........|
00000010  41 67 72 61 74 69 73 20  44 65 6e 64 65 6e 00 14  |Agratis Denden..|
00000020  0a 5f 08 3a 65 07 55 7b  08 0f 3a 55 7b 88 2b 81  |._.:e.U{..:U{.+.|
00000030  2b 81 6c c2 01 03 01 c4  48 65 6c 70 66 75 6c 20  |+.l.....Helpful |
00000040  44 77 61 72 66 00 14 81  ac b9 bf c5 b6 c4 ca 08  |Dwarf...........|
00000050  0f 39 7f aa 88 2f 59 d2  d5 b4 c2 ff ff ff ff ff  |.9.../Y.........|
00000060  ff 18 1e 01 9b c9 e9 e0  19 b6 5e 9e 01 98 2d e9  |..........^...-.|
00000070  e0 19 89 1e 9e 01 9b 65  f6 60 19 89 1f 66 01 9b  |.......e.`...f..|
00000080  65 82 e0 19 89 18 2e 07  7b c9 f6 60 77 82 df 66  |e.......{..`w..f|
00000090  07 7b c9 82 e0 77 82 d8  2e 03 e3 c9 f4 80 3e 02  |.{...w........>.|
000000a0  df 48 03 cf b0 f6 60 3c  c6 4f 66 03 cf b0 82 e0  |.H....`<.Of.....|
000000b0  3c c6 48 2e 03 e3 d3 89  c0 3e 03 78 9c 02 58 37  |<.H......>.x..X7|
000000c0  70 d0 25 bd 37 0d 04 60  65 7d 30 3f b7 9f 66 03  |p.%.7..`e}0?..f.|
000000d0  fb 79 82 e0 19 b6 58 f6  01 9b c9 8f 60 19 82 d8  |.y....X.....`...|
000000e0  f6 01 98 91 8f 60 3f b7  98 f6 02 00 00 00 00 00  |.....`?.........|
000000f0  00 01 01 0c 00 33 ff de  50 00 94 0d c2 63 66 75  |.....3..P....cfu|
00000100  6e 69 78 3a 35 30 31 30  0d 57 65 6c 63 6f 6d 65  |nix:5010.Welcome|
00000110  20 74 6f 20 43 6c 61 6e  20 4c 6f 72 64 2c 20 41  | to Clan Lord, A|
00000120  67 72 61 74 69 73 20 44  65 6e 64 65 6e 21 0d c2  |gratis Denden!..|
00000130  68 70 54 79 70 65 20 5c  48 45 4c 50 20 66 6f 72  |hpType \HELP for|
00000140  20 61 20 6c 69 73 74 20  6f 66 20 63 6f 6d 6d 61  | a list of comma|
00000150  6e 64 73 2e 0d 2f 6e 74  20 30 20 2f 73 61 20 38  |nds../nt 0 /sa 8|
00000160  36 20 2f 63 6c 20 30 00  01 01 40 08 47 72 65 65  |6 /cl 0...@.Gree|
00000170  74 69 6e 67 73 2c 20 41  67 72 61 74 69 73 20 44  |tings, Agratis D|
00000180  65 6e 64 65 6e 2e 00 00  01 02 03 00 07 03 ba     |enden..........|
2025/07/31 21:54:40 draw state cmd=2 ack=12548345 resend=-1 desc=2 pict=30 again=0 mobile=2 state=148
2025/07/31 21:54:40 recv udp tag 2 len 296
2025/07/31 21:54:40 recv 296 bytes
00000000  00 02 02 00 bf 78 fa 00  00 00 00 02 00 01 0b c5  |.....x..........|
00000010  41 67 72 61 74 69 73 20  44 65 6e 64 65 6e 00 14  |Agratis Denden..|
00000020  0a 5f 08 3a 65 07 55 7b  08 0f 3a 55 7b 88 2b 81  |._.:e.U{..:U{.+.|
00000030  2b 81 6c c2 01 03 01 c4  48 65 6c 70 66 75 6c 20  |+.l.....Helpful |
00000040  44 77 61 72 66 00 14 81  ac b9 bf c5 b6 c4 ca 08  |Dwarf...........|
00000050  0f 39 7f aa 88 2f 59 d2  d5 b4 c2 ff ff ff ff ff  |.9.../Y.........|
00000060  ff 18 1e 01 9b c9 e9 e0  19 b6 5e 9e 01 98 2d e9  |..........^...-.|
00000070  e0 19 89 1e 9e 01 9b 65  f6 60 19 89 1f 66 01 9b  |.......e.`...f..|
00000080  65 82 e0 19 89 18 2e 07  7b c9 f6 60 77 82 df 66  |e.......{..`w..f|
00000090  07 7b c9 82 e0 77 82 d8  2e 03 e3 c9 f4 80 3e 02  |.{...w........>.|
000000a0  df 48 03 cf b0 f6 60 3c  c6 4f 66 03 cf b0 82 e0  |.H....`<.Of.....|
000000b0  3c c6 48 2e 03 e3 d3 89  c0 3e 03 78 9c 02 58 37  |<.H......>.x..X7|
000000c0  70 d0 25 bd 37 0d 04 60  65 7d 30 3f b7 9f 66 03  |p.%.7..`e}0?..f.|
000000d0  fb 79 82 e0 19 b6 58 f6  01 9b c9 8f 60 19 82 d8  |.y....X.....`...|
000000e0  f6 01 98 91 8f 60 3f b7  98 f6 02 00 00 00 00 00  |.....`?.........|
000000f0  00 01 01 0c 00 33 ff de  50 00 2d 0d c2 6c 67 c2  |.....3..P.-..lg.|
00000100  70 6e 41 67 72 61 74 69  73 20 44 65 6e 64 65 6e  |pnAgratis Denden|
00000110  c2 70 6e 20 69 73 20 6e  6f 77 20 43 6c 61 6e 6e  |.pn is now Clann|
00000120  69 6e 67 2e 00 00 00 00                           |ing.....|
2025/07/31 21:54:40 draw state cmd=2 ack=12548346 resend=0 desc=2 pict=30 again=0 mobile=2 state=45
2025/07/31 21:54:40 recv udp tag 2 len 255
2025/07/31 21:54:40 recv 255 bytes
00000000  00 02 02 00 bf 78 fb 00  00 00 00 02 00 01 0b c5  |.....x..........|
00000010  41 67 72 61 74 69 73 20  44 65 6e 64 65 6e 00 14  |Agratis Denden..|
00000020  0a 5f 08 3a 65 07 55 7b  08 0f 3a 55 7b 88 2b 81  |._.:e.U{..:U{.+.|
00000030  2b 81 6c c2 01 03 01 c4  48 65 6c 70 66 75 6c 20  |+.l.....Helpful |
00000040  44 77 61 72 66 00 14 81  ac b9 bf c5 b6 c4 ca 08  |Dwarf...........|
00000050  0f 39 7f aa 88 2f 59 d2  d5 b4 c2 ff ff ff ff ff  |.9.../Y.........|
00000060  ff 18 1e 01 9b c9 e9 e0  19 b6 5e 9e 01 98 2d e9  |..........^...-.|
00000070  e0 19 89 1e 9e 01 9b 65  f6 60 19 89 1f 66 01 9b  |.......e.`...f..|
00000080  65 82 e0 19 89 18 2e 07  7b c9 f6 60 77 82 df 66  |e.......{..`w..f|
00000090  07 7b c9 82 e0 77 82 d8  2e 03 e3 c9 f4 80 3e 02  |.{...w........>.|
000000a0  df 48 03 cf b0 f6 60 3c  c6 4f 66 03 cf b0 82 e0  |.H....`<.Of.....|
000000b0  3c c6 48 2e 03 e3 d3 89  c0 3e 03 78 9c 02 58 37  |<.H......>.x..X7|
000000c0  70 d0 25 bd 37 0d 04 60  65 7d 30 3f b7 9f 66 03  |p.%.7..`e}0?..f.|
000000d0  fb 79 82 e0 19 b6 58 f6  01 9b c9 8f 60 19 82 d8  |.y....X.....`...|
000000e0  f6 01 98 91 8f 60 3f b7  98 f6 02 00 00 00 00 00  |.....`?.........|
000000f0  00 01 01 0c 00 33 ff de  50 00 04 00 00 00 00     |.....3..P......|
2025/07/31 21:54:40 draw state cmd=2 ack=12548347 resend=0 desc=2 pict=30 again=0 mobile=2 state=4
2025/07/31 21:54:40 recv udp tag 2 len 255
2025/07/31 21:54:40 recv 255 bytes
00000000  00 02 02 00 bf 78 fc 00  00 00 00 02 00 01 0b c5  |.....x..........|
00000010  41 67 72 61 74 69 73 20  44 65 6e 64 65 6e 00 14  |Agratis Denden..|
00000020  0a 5f 08 3a 65 07 55 7b  08 0f 3a 55 7b 88 2b 81  |._.:e.U{..:U{.+.|
00000030  2b 81 6c c2 01 03 01 c4  48 65 6c 70 66 75 6c 20  |+.l.....Helpful |
00000040  44 77 61 72 66 00 14 81  ac b9 bf c5 b6 c4 ca 08  |Dwarf...........|
00000050  0f 39 7f aa 88 2f 59 d2  d5 b4 c2 ff ff ff ff ff  |.9.../Y.........|
00000060  ff 18 1e 01 9b c9 e9 e0  19 b6 5e 9e 01 98 2d e9  |..........^...-.|
00000070  e0 19 89 1e 9e 01 9b 65  f6 60 19 89 1f 66 01 9b  |.......e.`...f..|
00000080  65 82 e0 19 89 18 2e 07  7b c9 f6 60 77 82 df 66  |e.......{..`w..f|
00000090  07 7b c9 82 e0 77 82 d8  2e 03 e3 c9 f4 80 3e 02  |.{...w........>.|
000000a0  df 48 03 cf b0 f6 60 3c  c6 4f 66 03 cf b0 82 e0  |.H....`<.Of.....|
000000b0  3c c6 48 2e 03 e3 d3 89  c0 3e 03 78 9c 02 58 37  |<.H......>.x..X7|
000000c0  70 d0 25 bd 37 0d 04 60  65 7d 30 3f b7 9f 66 03  |p.%.7..`e}0?..f.|
000000d0  fb 79 82 e0 19 b6 58 f6  01 9b c9 8f 60 19 82 d8  |.y....X.....`...|
000000e0  f6 01 98 91 8f 60 3f b7  98 f6 02 00 00 00 00 00  |.....`?.........|
000000f0  00 01 01 0c 00 33 ff de  50 00 04 00 00 00 00     |.....3..P......|
2025/07/31 21:54:40 draw state cmd=2 ack=12548348 resend=0 desc=2 pict=30 again=0 mobile=2 state=4
2025/07/31 21:54:40 recv udp tag 2 len 255
2025/07/31 21:54:40 recv 255 bytes
00000000  00 02 02 00 bf 78 fd 00  00 00 00 02 00 01 0b c5  |.....x..........|
00000010  41 67 72 61 74 69 73 20  44 65 6e 64 65 6e 00 14  |Agratis Denden..|
00000020  0a 5f 08 3a 65 07 55 7b  08 0f 3a 55 7b 88 2b 81  |._.:e.U{..:U{.+.|
00000030  2b 81 6c c2 01 03 01 c4  48 65 6c 70 66 75 6c 20  |+.l.....Helpful |
00000040  44 77 61 72 66 00 14 81  ac b9 bf c5 b6 c4 ca 08  |Dwarf...........|
00000050  0f 39 7f aa 88 2f 59 d2  d5 b4 c2 ff ff ff ff ff  |.9.../Y.........|
00000060  ff 18 1e 01 9b c9 e9 e0  19 b6 5e 9e 01 98 2d e9  |..........^...-.|
00000070  e0 19 89 1e 9e 01 9b 65  f6 60 19 89 1f 66 01 9b  |.......e.`...f..|
00000080  65 82 e0 19 89 18 2e 07  7b c9 f6 60 77 82 df 66  |e.......{..`w..f|
00000090  07 7b c9 82 e0 77 82 d8  2e 03 e3 c9 f4 80 3e 02  |.{...w........>.|
000000a0  df 48 03 cf b0 f6 60 3c  c6 4f 66 03 cf b0 82 e0  |.H....`<.Of.....|
000000b0  3c c6 48 2e 03 e3 d3 89  c0 3e 03 78 9c 02 58 37  |<.H......>.x..X7|
000000c0  70 d0 25 bd 37 0d 04 60  65 7d 30 3f b7 9f 66 03  |p.%.7..`e}0?..f.|
000000d0  fb 79 82 e0 19 b6 58 f6  01 9b c9 8f 60 19 82 d8  |.y....X.....`...|
000000e0  f6 01 98 91 8f 60 3f b7  98 f6 02 00 00 00 00 00  |.....`?.........|
000000f0  00 01 01 0c 00 33 ff de  50 00 04 00 00 00 00     |.....3..P......|
2025/07/31 21:54:40 draw state cmd=2 ack=12548349 resend=0 desc=2 pict=30 again=0 mobile=2 state=4
2025/07/31 21:54:41 recv udp tag 2 len 255
2025/07/31 21:54:41 recv 255 bytes
00000000  00 02 02 00 bf 78 fe 00  00 00 00 02 00 01 0b c5  |.....x..........|
00000010  41 67 72 61 74 69 73 20  44 65 6e 64 65 6e 00 14  |Agratis Denden..|
00000020  0a 5f 08 3a 65 07 55 7b  08 0f 3a 55 7b 88 2b 81  |._.:e.U{..:U{.+.|
00000030  2b 81 6c c2 01 03 01 c4  48 65 6c 70 66 75 6c 20  |+.l.....Helpful |
00000040  44 77 61 72 66 00 14 81  ac b9 bf c5 b6 c4 ca 08  |Dwarf...........|
00000050  0f 39 7f aa 88 2f 59 d2  d5 b4 c2 ff ff ff ff ff  |.9.../Y.........|
00000060  ff 18 1e 01 9b c9 e9 e0  19 b6 5e 9e 01 98 2d e9  |..........^...-.|
00000070  e0 19 89 1e 9e 01 9b 65  f6 60 19 89 1f 66 01 9b  |.......e.`...f..|
00000080  65 82 e0 19 89 18 2e 07  7b c9 f6 60 77 82 df 66  |e.......{..`w..f|
00000090  07 7b c9 82 e0 77 82 d8  2e 03 e3 c9 f4 80 3e 02  |.{...w........>.|
000000a0  df 48 03 cf b0 f6 60 3c  c6 4f 66 03 cf b0 82 e0  |.H....`<.Of.....|
000000b0  3c c6 48 2e 03 e3 d3 89  c0 3e 03 78 9c 02 58 37  |<.H......>.x..X7|
000000c0  70 d0 25 bd 37 0d 04 60  65 7d 30 3f b7 9f 66 03  |p.%.7..`e}0?..f.|
000000d0  fb 79 82 e0 19 b6 58 f6  01 9b c9 8f 60 19 82 d8  |.y....X.....`...|
000000e0  f6 01 98 91 8f 60 3f b7  98 f6 02 00 00 00 00 00  |.....`?.........|
000000f0  00 01 01 0c 00 33 ff de  50 00 04 00 00 00 00     |.....3..P......|
2025/07/31 21:54:41 draw state cmd=2 ack=12548350 resend=0 desc=2 pict=30 again=0 mobile=2 state=4
2025/07/31 21:54:41 recv udp tag 2 len 255
2025/07/31 21:54:41 recv 255 bytes
00000000  00 02 02 00 bf 78 ff 00  00 00 00 02 00 01 0b c5  |.....x..........|
00000010  41 67 72 61 74 69 73 20  44 65 6e 64 65 6e 00 14  |Agratis Denden..|
00000020  0a 5f 08 3a 65 07 55 7b  08 0f 3a 55 7b 88 2b 81  |._.:e.U{..:U{.+.|
00000030  2b 81 6c c2 01 03 01 c4  48 65 6c 70 66 75 6c 20  |+.l.....Helpful |
00000040  44 77 61 72 66 00 14 81  ac b9 bf c5 b6 c4 ca 08  |Dwarf...........|
00000050  0f 39 7f aa 88 2f 59 d2  d5 b4 c2 ff ff ff ff ff  |.9.../Y.........|
00000060  ff 18 1e 01 9b c9 e9 e0  19 b6 5e 9e 01 98 2d e9  |..........^...-.|
00000070  e0 19 89 1e 9e 01 9b 65  f6 60 19 89 1f 66 01 9b  |.......e.`...f..|
00000080  65 82 e0 19 89 18 2e 07  7b c9 f6 60 77 82 df 66  |e.......{..`w..f|
00000090  07 7b c9 82 e0 77 82 d8  2e 03 e3 c9 f4 80 3e 02  |.{...w........>.|
000000a0  df 48 03 cf b0 f6 60 3c  c6 4f 66 03 cf b0 82 e0  |.H....`<.Of.....|
000000b0  3c c6 48 2e 03 e3 d3 89  c0 3e 03 78 9c 02 58 37  |<.H......>.x..X7|
000000c0  70 d0 25 bd 37 0d 04 60  65 7d 30 3f b7 9f 66 03  |p.%.7..`e}0?..f.|
000000d0  fb 79 82 e0 19 b6 58 f6  01 9b c9 8f 60 19 82 d8  |.y....X.....`...|
000000e0  f6 01 98 91 8f 60 3f b7  98 f6 02 00 00 00 00 00  |.....`?.........|
000000f0  00 01 01 0c 00 33 ff de  50 00 04 00 00 00 00     |.....3..P......|
2025/07/31 21:54:41 draw state cmd=2 ack=12548351 resend=0 desc=2 pict=30 again=0 mobile=2 state=4
2025/07/31 21:54:41 recv udp tag 2 len 255
2025/07/31 21:54:41 recv 255 bytes
00000000  00 02 02 00 bf 79 00 00  00 00 00 02 00 01 0b c5  |.....y..........|
00000010  41 67 72 61 74 69 73 20  44 65 6e 64 65 6e 00 14  |Agratis Denden..|
00000020  0a 5f 08 3a 65 07 55 7b  08 0f 3a 55 7b 88 2b 81  |._.:e.U{..:U{.+.|
00000030  2b 81 6c c2 01 03 01 c4  48 65 6c 70 66 75 6c 20  |+.l.....Helpful |
00000040  44 77 61 72 66 00 14 81  ac b9 bf c5 b6 c4 ca 08  |Dwarf...........|
00000050  0f 39 7f aa 88 2f 59 d2  d5 b4 c2 ff ff ff ff ff  |.9.../Y.........|
00000060  ff 18 1e 01 9b c9 e9 e0  19 b6 5e 9e 01 98 2d e9  |..........^...-.|
00000070  e0 19 89 1e 9e 01 9b 65  f6 60 19 89 1f 66 01 9b  |.......e.`...f..|
00000080  65 82 e0 19 89 18 2e 07  7b c9 f6 60 77 82 df 66  |e.......{..`w..f|
00000090  07 7b c9 82 e0 77 82 d8  2e 03 e3 c9 f4 80 3e 02  |.{...w........>.|
000000a0  df 48 03 cf b0 f6 60 3c  c6 4f 66 03 cf b0 82 e0  |.H....`<.Of.....|
000000b0  3c c6 48 2e 03 e3 d3 89  c0 3e 03 78 9c 02 58 37  |<.H......>.x..X7|
000000c0  70 d0 25 bd 37 0d 04 60  65 7d 30 3f b7 9f 66 03  |p.%.7..`e}0?..f.|
000000d0  fb 79 82 e0 19 b6 58 f6  01 9b c9 8f 60 19 82 d8  |.y....X.....`...|
000000e0  f6 01 98 91 8f 60 3f b7  98 f6 02 00 00 00 00 00  |.....`?.........|
000000f0  00 01 01 0c 00 33 ff de  50 00 04 00 00 00 00     |.....3..P......|
2025/07/31 21:54:41 draw state cmd=2 ack=12548352 resend=0 desc=2 pict=30 again=0 mobile=2 state=4
2025/07/31 21:54:41 recv udp tag 2 len 255
2025/07/31 21:54:41 recv 255 bytes
00000000  00 02 02 00 bf 79 01 00  00 00 00 02 00 01 0b c5  |.....y..........|
00000010  41 67 72 61 74 69 73 20  44 65 6e 64 65 6e 00 14  |Agratis Denden..|
00000020  0a 5f 08 3a 65 07 55 7b  08 0f 3a 55 7b 88 2b 81  |._.:e.U{..:U{.+.|
00000030  2b 81 6c c2 01 03 01 c4  48 65 6c 70 66 75 6c 20  |+.l.....Helpful |
00000040  44 77 61 72 66 00 14 81  ac b9 bf c5 b6 c4 ca 08  |Dwarf...........|
00000050  0f 39 7f aa 88 2f 59 d2  d5 b4 c2 ff ff ff ff ff  |.9.../Y.........|
00000060  ff 18 1e 01 9b c9 e9 e0  19 b6 5e 9e 01 98 2d e9  |..........^...-.|
00000070  e0 19 89 1e 9e 01 9b 65  f6 60 19 89 1f 66 01 9b  |.......e.`...f..|
00000080  65 82 e0 19 89 18 2e 07  7b c9 f6 60 77 82 df 66  |e.......{..`w..f|
00000090  07 7b c9 82 e0 77 82 d8  2e 03 e3 c9 f4 80 3e 02  |.{...w........>.|
000000a0  df 48 03 cf b0 f6 60 3c  c6 4f 66 03 cf b0 82 e0  |.H....`<.Of.....|
000000b0  3c c6 48 2e 03 e3 d3 89  c0 3e 03 78 9c 02 58 37  |<.H......>.x..X7|
000000c0  70 d0 25 bd 37 0d 04 60  65 7d 30 3f b7 9f 66 03  |p.%.7..`e}0?..f.|
000000d0  fb 79 82 e0 19 b6 58 f6  01 9b c9 8f 60 19 82 d8  |.y....X.....`...|
000000e0  f6 01 98 91 8f 60 3f b7  98 f6 02 00 00 00 00 00  |.....`?.........|
000000f0  00 01 01 0c 00 33 ff de  50 00 04 00 00 00 00     |.....3..P......|
2025/07/31 21:54:41 draw state cmd=2 ack=12548353 resend=0 desc=2 pict=30 again=0 mobile=2 state=4
2025/07/31 21:54:41 player input ack=12548353 resend=0 cmd=3 mouse=205,713
2025/07/31 21:54:41 send udp tag 3 len 21
2025/07/31 21:54:41 send 21 bytes
00000000  00 03 00 cd 02 c9 00 00  00 bf 79 01 00 00 00 00  |..........y.....|
00000010  00 00 00 03 00                                    |.....|
2025/07/31 21:54:41 recv udp tag 2 len 45
2025/07/31 21:54:41 recv 45 bytes
00000000  00 02 03 00 bf 79 02 00  00 00 00 00 ff ff ff ff  |.....y..........|
00000010  ff ff 18 ff 1e 00 02 00  00 00 00 00 00 01 01 0c  |................|
00000020  00 33 ff de 50 00 06 00  00 01 00 af 00           |.3..P........|
2025/07/31 21:54:41 draw state cmd=3 ack=12548354 resend=0 desc=0 pict=0 again=30 mobile=2 state=6
2025/07/31 21:54:42 recv udp tag 2 len 43
2025/07/31 21:54:42 recv 43 bytes
00000000  00 02 03 00 bf 79 03 00  00 00 00 00 ff ff ff ff  |.....y..........|
00000010  ff ff 18 ff 1e 00 02 00  00 00 00 00 00 01 01 0c  |................|
00000020  00 33 ff de 50 00 04 00  00 00 00                 |.3..P......|
2025/07/31 21:54:42 draw state cmd=3 ack=12548355 resend=0 desc=0 pict=0 again=30 mobile=2 state=4
2025/07/31 21:54:42 recv udp tag 2 len 43
2025/07/31 21:54:42 recv 43 bytes
00000000  00 02 03 00 bf 79 04 00  00 00 00 00 ff ff ff ff  |.....y..........|
00000010  ff ff 18 ff 1e 00 02 00  00 00 00 00 00 01 01 0c  |................|
00000020  00 33 ff de 50 00 04 00  00 00 00                 |.3..P......|
2025/07/31 21:54:42 draw state cmd=3 ack=12548356 resend=0 desc=0 pict=0 again=30 mobile=2 state=4
2025/07/31 21:54:42 recv udp tag 2 len 43
2025/07/31 21:54:42 recv 43 bytes
00000000  00 02 03 00 bf 79 05 00  00 00 00 00 ff ff ff ff  |.....y..........|
00000010  ff ff 18 ff 1e 00 02 00  00 00 00 00 00 01 01 0c  |................|
00000020  00 33 ff de 50 00 04 00  00 00 00                 |.3..P......|
2025/07/31 21:54:42 draw state cmd=3 ack=12548357 resend=0 desc=0 pict=0 again=30 mobile=2 state=4
2025/07/31 21:54:42 recv udp tag 2 len 43
2025/07/31 21:54:42 recv 43 bytes
00000000  00 02 03 00 bf 79 06 00  00 00 00 00 ff ff ff ff  |.....y..........|
00000010  ff ff 18 ff 1e 00 02 00  00 00 00 00 00 01 01 0c  |................|
00000020  00 33 ff de 50 00 04 00  00 00 00                 |.3..P......|
2025/07/31 21:54:42 draw state cmd=3 ack=12548358 resend=0 desc=0 pict=0 again=30 mobile=2 state=4
2025/07/31 21:54:42 recv udp tag 2 len 43
2025/07/31 21:54:42 recv 43 bytes
00000000  00 02 03 00 bf 79 07 00  00 00 00 00 ff ff ff ff  |.....y..........|
00000010  ff ff 18 ff 1e 00 02 00  00 00 00 00 00 01 01 0c  |................|
00000020  00 33 ff de 50 00 04 00  00 00 00                 |.3..P......|
2025/07/31 21:54:42 draw state cmd=3 ack=12548359 resend=0 desc=0 pict=0 again=30 mobile=2 state=4
2025/07/31 21:54:43 recv udp tag 2 len 90
2025/07/31 21:54:43 recv 90 bytes
00000000  00 02 03 00 bf 79 08 00  00 00 00 00 ff ff ff ff  |.....y..........|
00000010  ff ff 18 ff 1e 00 02 00  00 00 00 00 00 01 01 0c  |................|
00000020  00 33 ff de 50 00 33 0d  49 74 27 73 20 31 31 3a  |.3..P.3.It's 11:|
00000030  33 38 61 6d 20 6f 6e 20  53 6f 6d 62 64 69 2c 20  |38am on Sombdi, |
00000040  64 61 79 20 38 33 20 6f  66 20 53 70 72 69 6e 67  |day 83 of Spring|
00000050  2c 20 36 34 32 2e 00 00  00 00                    |, 642.....|
2025/07/31 21:54:43 draw state cmd=3 ack=12548360 resend=0 desc=0 pict=0 again=30 mobile=2 state=51
2025/07/31 21:54:43 recv udp tag 2 len 43
2025/07/31 21:54:43 recv 43 bytes
00000000  00 02 03 00 bf 79 09 00  00 00 00 00 ff ff ff ff  |.....y..........|
00000010  ff ff 18 ff 1e 00 02 00  00 00 00 00 00 01 01 0c  |................|
00000020  00 33 ff de 50 00 04 00  00 00 00                 |.3..P......|
2025/07/31 21:54:43 draw state cmd=3 ack=12548361 resend=0 desc=0 pict=0 again=30 mobile=2 state=4
2025/07/31 21:54:43 recv udp tag 2 len 43
2025/07/31 21:54:43 recv 43 bytes
00000000  00 02 03 00 bf 79 0a 00  00 00 00 00 ff ff ff ff  |.....y..........|
00000010  ff ff 18 ff 1e 00 02 00  00 00 00 00 00 01 01 0c  |................|
00000020  00 33 ff de 50 00 04 00  00 00 00                 |.3..P......|
2025/07/31 21:54:43 draw state cmd=3 ack=12548362 resend=0 desc=0 pict=0 again=30 mobile=2 state=4
2025/07/31 21:54:43 recv udp tag 2 len 103
2025/07/31 21:54:43 recv 103 bytes
00000000  00 02 03 00 bf 79 0b 00  00 00 00 00 ff ff ff ff  |.....y..........|
00000010  ff ff 18 ff 1e 00 02 00  00 00 00 00 00 01 01 0c  |................|
00000020  00 33 ff de 50 00 40 00  01 01 40 08 57 65 6c 63  |.3..P.@...@.Welc|
00000030  6f 6d 65 20 74 6f 20 43  6c 61 6e 20 4c 6f 72 64  |ome to Clan Lord|
00000040  2e 20 49 20 61 6d 20 68  65 72 65 20 74 6f 20 68  |. I am here to h|
00000050  65 6c 70 20 79 6f 75 20  67 65 74 20 73 74 61 72  |elp you get star|
00000060  74 65 64 2e 00 00 00                              |ted....|
2025/07/31 21:54:43 draw state cmd=3 ack=12548363 resend=0 desc=0 pict=0 again=30 mobile=2 state=64
2025/07/31 21:54:43 player input ack=12548363 resend=0 cmd=4 mouse=423,470
2025/07/31 21:54:43 send udp tag 3 len 21
2025/07/31 21:54:43 send 21 bytes
00000000  00 03 01 a7 01 d6 00 00  00 bf 79 0b 00 00 00 00  |..........y.....|
00000010  00 00 00 04 00                                    |.....|
2025/07/31 21:54:43 recv udp tag 2 len 43
2025/07/31 21:54:43 recv 43 bytes
00000000  00 02 04 00 bf 79 0c 00  00 00 00 00 ff ff ff ff  |.....y..........|
00000010  ff ff 18 ff 1e 00 02 00  00 00 00 00 00 01 01 0c  |................|
00000020  00 33 ff de 50 00 04 00  00 00 00                 |.3..P......|
2025/07/31 21:54:43 draw state cmd=4 ack=12548364 resend=0 desc=0 pict=0 again=30 mobile=2 state=4
2025/07/31 21:54:44 recv udp tag 2 len 43
2025/07/31 21:54:44 recv 43 bytes
00000000  00 02 04 00 bf 79 0d 00  00 00 00 00 ff ff ff ff  |.....y..........|
00000010  ff ff 18 ff 1e 00 02 00  00 00 00 00 00 01 01 0c  |................|
00000020  00 33 ff de 50 00 04 00  00 00 00                 |.3..P......|
2025/07/31 21:54:44 draw state cmd=4 ack=12548365 resend=0 desc=0 pict=0 again=30 mobile=2 state=4
2025/07/31 21:54:44 recv udp tag 2 len 43
2025/07/31 21:54:44 recv 43 bytes
00000000  00 02 04 00 bf 79 0e 00  00 00 00 00 ff ff ff ff  |.....y..........|
00000010  ff ff 18 ff 1e 00 02 00  00 00 00 00 00 01 01 0c  |................|
00000020  00 33 ff de 50 00 04 00  00 00 00                 |.3..P......|
2025/07/31 21:54:44 draw state cmd=4 ack=12548366 resend=0 desc=0 pict=0 again=30 mobile=2 state=4
2025/07/31 21:54:44 recv udp tag 2 len 43
2025/07/31 21:54:44 recv 43 bytes
00000000  00 02 04 00 bf 79 0f 00  00 00 00 00 ff ff ff ff  |.....y..........|
00000010  ff ff 18 ff 1e 00 02 00  00 00 00 00 00 01 01 0c  |................|
00000020  00 33 ff de 50 00 04 00  00 00 00                 |.3..P......|
2025/07/31 21:54:44 draw state cmd=4 ack=12548367 resend=0 desc=0 pict=0 again=30 mobile=2 state=4
2025/07/31 21:54:44 recv udp tag 2 len 92
2025/07/31 21:54:44 recv 92 bytes
00000000  00 02 04 00 bf 79 10 00  00 00 00 00 ff ff ff ff  |.....y..........|
00000010  ff ff 18 ff 1e 00 02 00  00 00 00 00 00 01 01 0c  |................|
00000020  00 33 ff de 50 00 35 0d  a5 20 57 68 61 74 d5 73  |.3..P.5.. What.s|
00000030  20 4e 65 77 3a 20 68 74  74 70 73 3a 2f 2f 64 65  | New: https://de|
00000040  6c 74 61 74 61 6f 2e 63  6f 6d 2f 63 6c 61 6e 6c  |ltatao.com/clanl|
00000050  6f 72 64 2f 6e 65 77 73  00 00 00 00              |ord/news....|
2025/07/31 21:54:44 draw state cmd=4 ack=12548368 resend=0 desc=0 pict=0 again=30 mobile=2 state=53
2025/07/31 21:54:44 recv udp tag 2 len 43
2025/07/31 21:54:44 recv 43 bytes
00000000  00 02 04 00 bf 79 11 00  00 00 00 00 ff ff ff ff  |.....y..........|
00000010  ff ff 18 ff 1e 00 02 00  00 00 00 00 00 01 01 0c  |................|
00000020  00 33 ff de 50 00 04 00  00 00 00                 |.3..P......|
2025/07/31 21:54:44 draw state cmd=4 ack=12548369 resend=0 desc=0 pict=0 again=30 mobile=2 state=4
2025/07/31 21:54:45 recv udp tag 2 len 45
2025/07/31 21:54:45 recv 45 bytes
00000000  00 02 04 00 bf 79 12 00  00 00 00 00 ff ff ff ff  |.....y..........|
00000010  ff ff 18 ff 1e 00 02 00  00 00 00 00 00 01 01 0c  |................|
00000020  00 33 ff de 50 00 06 00  00 01 00 e9 00           |.3..P........|
2025/07/31 21:54:45 draw state cmd=4 ack=12548370 resend=0 desc=0 pict=0 again=30 mobile=2 state=6
2025/07/31 21:54:45 recv udp tag 2 len 43
2025/07/31 21:54:45 recv 43 bytes
00000000  00 02 04 00 bf 79 13 00  00 00 00 00 ff ff ff ff  |.....y..........|
00000010  ff ff 18 ff 1e 00 02 00  00 00 00 00 00 01 01 0c  |................|
00000020  00 33 ff de 50 00 04 00  00 00 00                 |.3..P......|
2025/07/31 21:54:45 draw state cmd=4 ack=12548371 resend=0 desc=0 pict=0 again=30 mobile=2 state=4
2025/07/31 21:54:45 recv udp tag 2 len 43
2025/07/31 21:54:45 recv 43 bytes
00000000  00 02 04 00 bf 79 14 00  00 00 00 00 ff ff ff ff  |.....y..........|
00000010  ff ff 18 ff 1e 00 02 00  00 00 00 00 00 01 01 0c  |................|
00000020  00 33 ff de 50 00 04 00  00 00 00                 |.3..P......|
2025/07/31 21:54:45 draw state cmd=4 ack=12548372 resend=0 desc=0 pict=0 again=30 mobile=2 state=4
2025/07/31 21:54:45 recv udp tag 2 len 43
2025/07/31 21:54:45 recv 43 bytes
00000000  00 02 04 00 bf 79 15 00  00 00 00 00 ff ff ff ff  |.....y..........|
00000010  ff ff 18 ff 1e 00 02 00  00 00 00 00 00 01 01 0c  |................|
00000020  00 33 ff de 50 00 04 00  00 00 00                 |.3..P......|
2025/07/31 21:54:45 draw state cmd=4 ack=12548373 resend=0 desc=0 pict=0 again=30 mobile=2 state=4
2025/07/31 21:54:45 player input ack=12548373 resend=0 cmd=5 mouse=551,265
2025/07/31 21:54:45 send udp tag 3 len 21
2025/07/31 21:54:45 send 21 bytes
00000000  00 03 02 27 01 09 00 00  00 bf 79 15 00 00 00 00  |...'......y.....|
00000010  00 00 00 05 00                                    |.....|
2025/07/31 21:54:45 recv udp tag 2 len 45
2025/07/31 21:54:45 recv 45 bytes
00000000  00 02 05 00 bf 79 16 00  00 00 00 00 ff ff ff ff  |.....y..........|
00000010  ff ff 18 ff 1e 00 02 00  00 00 00 00 00 01 01 0c  |................|
00000020  00 33 ff de 50 00 06 00  00 01 00 e3 00           |.3..P........|
2025/07/31 21:54:45 draw state cmd=5 ack=12548374 resend=0 desc=0 pict=0 again=30 mobile=2 state=6
2025/07/31 21:54:46 recv udp tag 2 len 43
2025/07/31 21:54:46 recv 43 bytes
00000000  00 02 05 00 bf 79 17 00  00 00 00 00 ff ff ff ff  |.....y..........|
00000010  ff ff 18 ff 1e 00 02 00  00 00 00 00 00 01 01 0c  |................|
00000020  00 33 ff de 50 00 04 00  00 00 00                 |.3..P......|
2025/07/31 21:54:46 draw state cmd=5 ack=12548375 resend=0 desc=0 pict=0 again=30 mobile=2 state=4
2025/07/31 21:54:46 recv udp tag 2 len 43
2025/07/31 21:54:46 recv 43 bytes
00000000  00 02 05 00 bf 79 18 00  00 00 00 00 ff ff ff ff  |.....y..........|
00000010  ff ff 18 ff 1e 00 02 00  00 00 00 00 00 01 01 0c  |................|
00000020  00 33 ff de 50 00 04 00  00 00 00                 |.3..P......|
2025/07/31 21:54:46 draw state cmd=5 ack=12548376 resend=0 desc=0 pict=0 again=30 mobile=2 state=4
2025/07/31 21:54:46 recv udp tag 2 len 43
2025/07/31 21:54:46 recv 43 bytes
00000000  00 02 05 00 bf 79 19 00  00 00 00 00 ff ff ff ff  |.....y..........|
00000010  ff ff 18 ff 1e 00 02 00  00 00 00 00 00 01 01 0c  |................|
00000020  00 33 ff de 50 00 04 00  00 00 00                 |.3..P......|
2025/07/31 21:54:46 draw state cmd=5 ack=12548377 resend=0 desc=0 pict=0 again=30 mobile=2 state=4
2025/07/31 21:54:46 recv udp tag 2 len 43
2025/07/31 21:54:46 recv 43 bytes
00000000  00 02 05 00 bf 79 1a 00  00 00 00 00 ff ff ff ff  |.....y..........|
00000010  ff ff 18 ff 1e 00 02 00  00 00 00 00 00 01 01 0c  |................|
00000020  00 33 ff de 50 00 04 00  00 00 00                 |.3..P......|
2025/07/31 21:54:46 draw state cmd=5 ack=12548378 resend=0 desc=0 pict=0 again=30 mobile=2 state=4
2025/07/31 21:54:46 recv udp tag 2 len 43
2025/07/31 21:54:46 recv 43 bytes
00000000  00 02 05 00 bf 79 1b 00  00 00 00 00 ff ff ff ff  |.....y..........|
00000010  ff ff 18 ff 1e 00 02 00  00 00 00 00 00 01 01 0c  |................|
00000020  00 33 ff de 50 00 04 00  00 00 00                 |.3..P......|
2025/07/31 21:54:46 draw state cmd=5 ack=12548379 resend=0 desc=0 pict=0 again=30 mobile=2 state=4
2025/07/31 21:54:47 recv udp tag 2 len 43
2025/07/31 21:54:47 recv 43 bytes
00000000  00 02 05 00 bf 79 1c 00  00 00 00 00 ff ff ff ff  |.....y..........|
00000010  ff ff 18 ff 1e 00 02 00  00 00 00 00 00 01 01 0c  |................|
00000020  00 33 ff de 50 00 04 00  00 00 00                 |.3..P......|
2025/07/31 21:54:47 draw state cmd=5 ack=12548380 resend=0 desc=0 pict=0 again=30 mobile=2 state=4
2025/07/31 21:54:47 recv udp tag 2 len 43
2025/07/31 21:54:47 recv 43 bytes
00000000  00 02 05 00 bf 79 1d 00  00 00 00 00 ff ff ff ff  |.....y..........|
00000010  ff ff 18 ff 1e 00 02 00  00 00 00 00 00 01 01 0c  |................|
00000020  00 33 ff de 50 00 04 00  00 00 00                 |.3..P......|
2025/07/31 21:54:47 draw state cmd=5 ack=12548381 resend=0 desc=0 pict=0 again=30 mobile=2 state=4
2025/07/31 21:54:47 recv udp tag 2 len 43
2025/07/31 21:54:47 recv 43 bytes
00000000  00 02 05 00 bf 79 1e 00  00 00 00 00 ff ff ff ff  |.....y..........|
00000010  ff ff 18 ff 1e 00 02 00  00 00 00 00 00 01 01 0c  |................|
00000020  00 33 ff de 50 00 04 00  00 00 00                 |.3..P......|
2025/07/31 21:54:47 draw state cmd=5 ack=12548382 resend=0 desc=0 pict=0 again=30 mobile=2 state=4
2025/07/31 21:54:47 recv udp tag 2 len 43
2025/07/31 21:54:47 recv 43 bytes
00000000  00 02 05 00 bf 79 1f 00  00 00 00 00 ff ff ff ff  |.....y..........|
00000010  ff ff 18 ff 1e 00 02 00  00 00 00 00 00 01 01 0c  |................|
00000020  00 33 ff de 50 00 04 00  00 00 00                 |.3..P......|
2025/07/31 21:54:47 draw state cmd=5 ack=12548383 resend=0 desc=0 pict=0 again=30 mobile=2 state=4
2025/07/31 21:54:47 player input ack=12548383 resend=0 cmd=6 mouse=393,310
2025/07/31 21:54:47 send udp tag 3 len 21
2025/07/31 21:54:47 send 21 bytes
00000000  00 03 01 89 01 36 00 00  00 bf 79 1f 00 00 00 00  |.....6....y.....|
00000010  00 00 00 06 00                                    |.....|
2025/07/31 21:54:47 recv udp tag 2 len 43
2025/07/31 21:54:47 recv 43 bytes
00000000  00 02 06 00 bf 79 20 00  00 00 00 00 ff ff ff ff  |.....y .........|
00000010  ff ff 18 ff 1e 00 02 00  00 00 00 00 00 01 01 0c  |................|
00000020  00 33 ff de 50 00 04 00  00 00 00                 |.3..P......|
2025/07/31 21:54:47 draw state cmd=6 ack=12548384 resend=0 desc=0 pict=0 again=30 mobile=2 state=4
2025/07/31 21:54:48 recv udp tag 2 len 43
2025/07/31 21:54:48 recv 43 bytes
00000000  00 02 06 00 bf 79 21 00  00 00 00 00 ff ff ff ff  |.....y!.........|
00000010  ff ff 18 ff 1e 00 02 00  00 00 00 00 00 01 01 0c  |................|
00000020  00 33 ff de 50 00 04 00  00 00 00                 |.3..P......|
2025/07/31 21:54:48 draw state cmd=6 ack=12548385 resend=0 desc=0 pict=0 again=30 mobile=2 state=4
2025/07/31 21:54:48 recv udp tag 2 len 43
2025/07/31 21:54:48 recv 43 bytes
00000000  00 02 06 00 bf 79 22 00  00 00 00 00 ff ff ff ff  |.....y".........|
00000010  ff ff 18 ff 1e 00 02 00  00 00 00 00 00 01 01 0c  |................|
00000020  00 33 ff de 50 00 04 00  00 00 00                 |.3..P......|
2025/07/31 21:54:48 draw state cmd=6 ack=12548386 resend=0 desc=0 pict=0 again=30 mobile=2 state=4
2025/07/31 21:54:48 recv udp tag 2 len 43
2025/07/31 21:54:48 recv 43 bytes
00000000  00 02 06 00 bf 79 23 00  00 00 00 00 ff ff ff ff  |.....y#.........|
00000010  ff ff 18 ff 1e 00 02 00  00 00 00 00 00 01 01 0c  |................|
00000020  00 33 ff de 50 00 04 00  00 00 00                 |.3..P......|
2025/07/31 21:54:48 draw state cmd=6 ack=12548387 resend=0 desc=0 pict=0 again=30 mobile=2 state=4
2025/07/31 21:54:48 recv udp tag 2 len 43
2025/07/31 21:54:48 recv 43 bytes
00000000  00 02 06 00 bf 79 24 00  00 00 00 00 ff ff ff ff  |.....y$.........|
00000010  ff ff 18 ff 1e 00 02 00  00 00 00 00 00 01 01 0c  |................|
00000020  00 33 ff de 50 00 04 00  00 00 00                 |.3..P......|
2025/07/31 21:54:48 draw state cmd=6 ack=12548388 resend=0 desc=0 pict=0 again=30 mobile=2 state=4
2025/07/31 21:54:48 recv udp tag 2 len 43
2025/07/31 21:54:48 recv 43 bytes
00000000  00 02 06 00 bf 79 25 00  00 00 00 00 ff ff ff ff  |.....y%.........|
00000010  ff ff 18 ff 1e 00 02 00  00 00 00 00 00 01 01 0c  |................|
00000020  00 33 ff de 50 00 04 00  00 00 00                 |.3..P......|
2025/07/31 21:54:48 draw state cmd=6 ack=12548389 resend=0 desc=0 pict=0 again=30 mobile=2 state=4
2025/07/31 21:54:49 recv udp tag 2 len 43
2025/07/31 21:54:49 recv 43 bytes
00000000  00 02 06 00 bf 79 26 00  00 00 00 00 ff ff ff ff  |.....y&.........|
00000010  ff ff 18 ff 1e 00 02 00  00 00 00 00 00 01 01 0c  |................|
00000020  00 33 ff de 50 00 04 00  00 00 00                 |.3..P......|
2025/07/31 21:54:49 draw state cmd=6 ack=12548390 resend=0 desc=0 pict=0 again=30 mobile=2 state=4
2025/07/31 21:54:49 recv udp tag 2 len 115
2025/07/31 21:54:49 recv 115 bytes
00000000  00 02 06 00 bf 79 27 00  00 00 00 00 ff ff ff ff  |.....y'.........|
00000010  ff ff 18 ff 1e 00 02 00  00 00 00 00 00 01 01 0c  |................|
00000020  00 33 ff de 50 00 4c 00  01 01 40 08 49 20 61 6d  |.3..P.L...@.I am|
00000030  20 61 20 72 6f 62 6f 74  2c 20 6f 72 20 22 4e 50  | a robot, or "NP|
00000040  43 22 2e 20 59 6f 75 20  63 61 6e 20 74 65 6c 6c  |C". You can tell|
00000050  20 74 68 61 74 20 62 79  20 74 68 65 20 62 6c 75  | that by the blu|
00000060  65 20 75 6e 64 65 72 20  6d 79 20 6e 61 6d 65 2e  |e under my name.|
00000070  00 00 00                                          |...|
2025/07/31 21:54:49 draw state cmd=6 ack=12548391 resend=0 desc=0 pict=0 again=30 mobile=2 state=76
2025/07/31 21:54:49 recv udp tag 2 len 43
2025/07/31 21:54:49 recv 43 bytes
00000000  00 02 06 00 bf 79 28 00  00 00 00 00 ff ff ff ff  |.....y(.........|
00000010  ff ff 18 ff 1e 00 02 00  00 00 00 00 00 01 01 0c  |................|
00000020  00 33 ff de 50 00 04 00  00 00 00                 |.3..P......|
2025/07/31 21:54:49 draw state cmd=6 ack=12548392 resend=0 desc=0 pict=0 again=30 mobile=2 state=4
2025/07/31 21:54:49 recv udp tag 2 len 43
2025/07/31 21:54:49 recv 43 bytes
00000000  00 02 06 00 bf 79 29 00  00 00 00 00 ff ff ff ff  |.....y).........|
00000010  ff ff 18 ff 1e 00 02 00  00 00 00 00 00 01 01 0c  |................|
00000020  00 33 ff de 50 00 04 00  00 00 00                 |.3..P......|
2025/07/31 21:54:49 draw state cmd=6 ack=12548393 resend=0 desc=0 pict=0 again=30 mobile=2 state=4
2025/07/31 21:54:49 player input ack=12548393 resend=0 cmd=7 mouse=1081,225
2025/07/31 21:54:49 send udp tag 3 len 21
2025/07/31 21:54:49 send 21 bytes
00000000  00 03 04 39 00 e1 00 00  00 bf 79 29 00 00 00 00  |...9......y)....|
00000010  00 00 00 07 00                                    |.....|
2025/07/31 21:54:49 recv udp tag 2 len 43
2025/07/31 21:54:49 recv 43 bytes
00000000  00 02 07 00 bf 79 2a 00  00 00 00 00 ff ff ff ff  |.....y*.........|
00000010  ff ff 18 ff 1e 00 02 00  00 00 00 00 00 01 01 0c  |................|
00000020  00 33 ff de 50 00 04 00  00 00 00                 |.3..P......|
2025/07/31 21:54:49 draw state cmd=7 ack=12548394 resend=0 desc=0 pict=0 again=30 mobile=2 state=4
2025/07/31 21:54:50 recv udp tag 2 len 43
2025/07/31 21:54:50 recv 43 bytes
00000000  00 02 07 00 bf 79 2b 00  00 00 00 00 ff ff ff ff  |.....y+.........|
00000010  ff ff 18 ff 1e 00 02 00  00 00 00 00 00 01 01 0c  |................|
00000020  00 33 ff de 50 00 04 00  00 00 00                 |.3..P......|
2025/07/31 21:54:50 draw state cmd=7 ack=12548395 resend=0 desc=0 pict=0 again=30 mobile=2 state=4
2025/07/31 21:54:50 recv udp tag 2 len 43
2025/07/31 21:54:50 recv 43 bytes
00000000  00 02 07 00 bf 79 2c 00  00 00 00 00 ff ff ff ff  |.....y,.........|
00000010  ff ff 18 ff 1e 00 02 00  00 00 00 00 00 01 01 0c  |................|
00000020  00 33 ff de 50 00 04 00  00 00 00                 |.3..P......|
2025/07/31 21:54:50 draw state cmd=7 ack=12548396 resend=0 desc=0 pict=0 again=30 mobile=2 state=4
2025/07/31 21:54:50 recv udp tag 2 len 43
2025/07/31 21:54:50 recv 43 bytes
00000000  00 02 07 00 bf 79 2d 00  00 00 00 00 ff ff ff ff  |.....y-.........|
00000010  ff ff 18 ff 1e 00 02 00  00 00 00 00 00 01 01 0c  |................|
00000020  00 33 ff de 50 00 04 00  00 00 00                 |.3..P......|
2025/07/31 21:54:50 draw state cmd=7 ack=12548397 resend=0 desc=0 pict=0 again=30 mobile=2 state=4
2025/07/31 21:54:50 recv udp tag 2 len 43
2025/07/31 21:54:50 recv 43 bytes
00000000  00 02 07 00 bf 79 2e 00  00 00 00 00 ff ff ff ff  |.....y..........|
00000010  ff ff 18 ff 1e 00 02 00  00 00 00 00 00 01 01 0c  |................|
00000020  00 33 ff de 50 00 04 00  00 00 00                 |.3..P......|
2025/07/31 21:54:50 draw state cmd=7 ack=12548398 resend=0 desc=0 pict=0 again=30 mobile=2 state=4
2025/07/31 21:54:50 recv udp tag 2 len 43
2025/07/31 21:54:50 recv 43 bytes
00000000  00 02 07 00 bf 79 2f 00  00 00 00 00 ff ff ff ff  |.....y/.........|
00000010  ff ff 18 ff 1e 00 02 00  00 00 00 00 00 01 01 0c  |................|
00000020  00 33 ff de 50 00 04 00  00 00 00                 |.3..P......|
2025/07/31 21:54:50 draw state cmd=7 ack=12548399 resend=0 desc=0 pict=0 again=30 mobile=2 state=4
2025/07/31 21:54:51 recv udp tag 2 len 43
2025/07/31 21:54:51 recv 43 bytes
00000000  00 02 07 00 bf 79 30 00  00 00 00 00 ff ff ff ff  |.....y0.........|
00000010  ff ff 18 ff 1e 00 02 00  00 00 00 00 00 01 01 0c  |................|
00000020  00 33 ff de 50 00 04 00  00 00 00                 |.3..P......|
2025/07/31 21:54:51 draw state cmd=7 ack=12548400 resend=0 desc=0 pict=0 again=30 mobile=2 state=4
2025/07/31 21:54:51 recv udp tag 2 len 43
2025/07/31 21:54:51 recv 43 bytes
00000000  00 02 07 00 bf 79 31 00  00 00 00 00 ff ff ff ff  |.....y1.........|
00000010  ff ff 18 ff 1e 00 02 00  00 00 00 00 00 01 01 0c  |................|
00000020  00 33 ff de 50 00 04 00  00 00 00                 |.3..P......|
2025/07/31 21:54:51 draw state cmd=7 ack=12548401 resend=0 desc=0 pict=0 again=30 mobile=2 state=4
2025/07/31 21:54:51 recv udp tag 2 len 45
2025/07/31 21:54:51 recv 45 bytes
00000000  00 02 07 00 bf 79 32 00  00 00 00 00 ff ff ff ff  |.....y2.........|
00000010  ff ff 18 ff 1e 00 02 00  00 00 00 00 00 01 01 0c  |................|
00000020  00 33 ff de 50 00 06 00  00 01 00 e7 00           |.3..P........|
2025/07/31 21:54:51 draw state cmd=7 ack=12548402 resend=0 desc=0 pict=0 again=30 mobile=2 state=6
2025/07/31 21:54:51 recv udp tag 2 len 43
2025/07/31 21:54:51 recv 43 bytes
00000000  00 02 07 00 bf 79 33 00  00 00 00 00 ff ff ff ff  |.....y3.........|
00000010  ff ff 18 ff 1e 00 02 00  00 00 00 00 00 01 01 0c  |................|
00000020  00 33 ff de 50 00 04 00  00 00 00                 |.3..P......|
2025/07/31 21:54:51 draw state cmd=7 ack=12548403 resend=0 desc=0 pict=0 again=30 mobile=2 state=4
2025/07/31 21:54:51 player input ack=12548403 resend=0 cmd=8 mouse=846,160
2025/07/31 21:54:51 send udp tag 3 len 21
2025/07/31 21:54:51 send 21 bytes
00000000  00 03 03 4e 00 a0 00 00  00 bf 79 33 00 00 00 00  |...N......y3....|
00000010  00 00 00 08 00                                    |.....|
2025/07/31 21:54:51 recv udp tag 2 len 43
2025/07/31 21:54:51 recv 43 bytes
00000000  00 02 08 00 bf 79 34 00  00 00 00 00 ff ff ff ff  |.....y4.........|
00000010  ff ff 18 ff 1e 00 02 00  00 00 00 00 00 01 01 0c  |................|
00000020  00 33 ff de 50 00 04 00  00 00 00                 |.3..P......|
2025/07/31 21:54:51 draw state cmd=8 ack=12548404 resend=0 desc=0 pict=0 again=30 mobile=2 state=4
2025/07/31 21:54:52 recv udp tag 2 len 43
2025/07/31 21:54:52 recv 43 bytes
00000000  00 02 08 00 bf 79 35 00  00 00 00 00 ff ff ff ff  |.....y5.........|
00000010  ff ff 18 ff 1e 00 02 00  00 00 00 00 00 01 01 0c  |................|
00000020  00 33 ff de 50 00 04 00  00 00 00                 |.3..P......|
2025/07/31 21:54:52 draw state cmd=8 ack=12548405 resend=0 desc=0 pict=0 again=30 mobile=2 state=4
2025/07/31 21:54:52 recv udp tag 2 len 43
2025/07/31 21:54:52 recv 43 bytes
00000000  00 02 08 00 bf 79 36 00  00 00 00 00 ff ff ff ff  |.....y6.........|
00000010  ff ff 18 ff 1e 00 02 00  00 00 00 00 00 01 01 0c  |................|
00000020  00 33 ff de 50 00 04 00  00 00 00                 |.3..P......|
2025/07/31 21:54:52 draw state cmd=8 ack=12548406 resend=0 desc=0 pict=0 again=30 mobile=2 state=4
2025/07/31 21:54:52 recv udp tag 2 len 43
2025/07/31 21:54:52 recv 43 bytes
00000000  00 02 08 00 bf 79 37 00  00 00 00 00 ff ff ff ff  |.....y7.........|
00000010  ff ff 18 ff 1e 00 02 00  00 00 00 00 00 01 01 0c  |................|
00000020  00 33 ff de 50 00 04 00  00 00 00                 |.3..P......|
2025/07/31 21:54:52 draw state cmd=8 ack=12548407 resend=0 desc=0 pict=0 again=30 mobile=2 state=4
2025/07/31 21:54:52 recv udp tag 2 len 43
2025/07/31 21:54:52 recv 43 bytes
00000000  00 02 08 00 bf 79 38 00  00 00 00 00 ff ff ff ff  |.....y8.........|
00000010  ff ff 18 ff 1e 00 02 00  00 00 00 00 00 01 01 0c  |................|
00000020  00 33 ff de 50 00 04 00  00 00 00                 |.3..P......|
2025/07/31 21:54:52 draw state cmd=8 ack=12548408 resend=0 desc=0 pict=0 again=30 mobile=2 state=4
2025/07/31 21:54:52 recv udp tag 2 len 43
2025/07/31 21:54:52 recv 43 bytes
00000000  00 02 08 00 bf 79 39 00  00 00 00 00 ff ff ff ff  |.....y9.........|
00000010  ff ff 18 ff 1e 00 02 00  00 00 00 00 00 01 01 0c  |................|
00000020  00 33 ff de 50 00 04 00  00 00 00                 |.3..P......|
2025/07/31 21:54:52 draw state cmd=8 ack=12548409 resend=0 desc=0 pict=0 again=30 mobile=2 state=4
2025/07/31 21:54:53 recv udp tag 2 len 43
2025/07/31 21:54:53 recv 43 bytes
00000000  00 02 08 00 bf 79 3a 00  00 00 00 00 ff ff ff ff  |.....y:.........|
00000010  ff ff 18 ff 1e 00 02 00  00 00 00 00 00 01 01 0c  |................|
00000020  00 33 ff de 50 00 04 00  00 00 00                 |.3..P......|
2025/07/31 21:54:53 draw state cmd=8 ack=12548410 resend=0 desc=0 pict=0 again=30 mobile=2 state=4
2025/07/31 21:54:53 recv udp tag 2 len 43
2025/07/31 21:54:53 recv 43 bytes
00000000  00 02 08 00 bf 79 3b 00  00 00 00 00 ff ff ff ff  |.....y;.........|
00000010  ff ff 18 ff 1e 00 02 00  00 00 00 00 00 01 01 0c  |................|
00000020  00 33 ff de 50 00 04 00  00 00 00                 |.3..P......|
2025/07/31 21:54:53 draw state cmd=8 ack=12548411 resend=0 desc=0 pict=0 again=30 mobile=2 state=4
2025/07/31 21:54:53 recv udp tag 2 len 43
2025/07/31 21:54:53 recv 43 bytes
00000000  00 02 08 00 bf 79 3c 00  00 00 00 00 ff ff ff ff  |.....y<.........|
00000010  ff ff 18 ff 1e 00 02 00  00 00 00 00 00 01 01 0c  |................|
00000020  00 33 ff de 50 00 04 00  00 00 00                 |.3..P......|
2025/07/31 21:54:53 draw state cmd=8 ack=12548412 resend=0 desc=0 pict=0 again=30 mobile=2 state=4
2025/07/31 21:54:53 recv udp tag 2 len 43
2025/07/31 21:54:53 recv 43 bytes
00000000  00 02 08 00 bf 79 3d 00  00 00 00 00 ff ff ff ff  |.....y=.........|
00000010  ff ff 18 ff 1e 00 02 00  00 00 00 00 00 01 01 0c  |................|
00000020  00 33 ff de 50 00 04 00  00 00 00                 |.3..P......|
2025/07/31 21:54:53 draw state cmd=8 ack=12548413 resend=0 desc=0 pict=0 again=30 mobile=2 state=4
2025/07/31 21:54:53 player input ack=12548413 resend=0 cmd=9 mouse=13,10
2025/07/31 21:54:53 send udp tag 3 len 21
2025/07/31 21:54:53 send 21 bytes
00000000  00 03 00 0d 00 0a 00 00  00 bf 79 3d 00 00 00 00  |..........y=....|
00000010  00 00 00 09 00                                    |.....|
2025/07/31 21:54:53 recv udp tag 2 len 43
2025/07/31 21:54:53 recv 43 bytes
00000000  00 02 09 00 bf 79 3e 00  00 00 00 00 ff ff ff ff  |.....y>.........|
00000010  ff ff 18 ff 1e 00 02 00  00 00 00 00 00 01 01 0c  |................|
00000020  00 33 ff de 50 00 04 00  00 00 00                 |.3..P......|
2025/07/31 21:54:53 draw state cmd=9 ack=12548414 resend=0 desc=0 pict=0 again=30 mobile=2 state=4
2025/07/31 21:54:54 recv udp tag 2 len 43
2025/07/31 21:54:54 recv 43 bytes
00000000  00 02 09 00 bf 79 3f 00  00 00 00 00 ff ff ff ff  |.....y?.........|
00000010  ff ff 18 ff 1e 00 02 00  00 00 00 00 00 01 01 0c  |................|
00000020  00 33 ff de 50 00 04 00  00 00 00                 |.3..P......|
2025/07/31 21:54:54 draw state cmd=9 ack=12548415 resend=0 desc=0 pict=0 again=30 mobile=2 state=4
2025/07/31 21:54:54 recv udp tag 2 len 135
2025/07/31 21:54:54 recv 135 bytes
00000000  00 02 09 00 bf 79 40 00  00 00 00 00 ff ff ff ff  |.....y@.........|
00000010  ff ff 18 ff 1e 00 02 00  00 00 00 00 00 01 01 0c  |................|
00000020  00 33 ff de 50 00 60 0d  0d 2a 20 54 69 70 20 6f  |.3..P.`..* Tip o|
00000030  66 20 74 68 65 20 64 61  79 3a 20 41 20 74 75 72  |f the day: A tur|
00000040  65 65 6e 20 69 73 20 61  20 6c 61 72 67 65 2c 20  |een is a large, |
00000050  64 65 65 70 20 64 69 73  68 20 6f 72 20 70 6f 74  |deep dish or pot|
00000060  2e 20 28 55 73 65 20 2f  4f 50 54 49 4f 4e 53 20  |. (Use /OPTIONS |
00000070  74 6f 20 74 75 72 6e 20  74 69 70 73 20 6f 66 66  |to turn tips off|
00000080  2e 29 0d 00 00 00 00                              |.).....|
2025/07/31 21:54:54 draw state cmd=9 ack=12548416 resend=0 desc=0 pict=0 again=30 mobile=2 state=96
2025/07/31 21:54:54 recv udp tag 2 len 45
2025/07/31 21:54:54 recv 45 bytes
00000000  00 02 09 00 bf 79 41 00  00 00 00 00 ff ff ff ff  |.....yA.........|
00000010  ff ff 18 ff 1e 00 02 00  00 00 00 00 00 01 01 0c  |................|
00000020  00 33 ff de 50 00 06 00  00 01 00 ce 00           |.3..P........|
2025/07/31 21:54:54 draw state cmd=9 ack=12548417 resend=0 desc=0 pict=0 again=30 mobile=2 state=6
2025/07/31 21:54:54 recv udp tag 2 len 43
2025/07/31 21:54:54 recv 43 bytes
00000000  00 02 09 00 bf 79 42 00  00 00 00 00 ff ff ff ff  |.....yB.........|
00000010  ff ff 18 ff 1e 00 02 00  00 00 00 00 00 01 01 0c  |................|
00000020  00 33 ff de 50 00 04 00  00 00 00                 |.3..P......|
2025/07/31 21:54:54 draw state cmd=9 ack=12548418 resend=0 desc=0 pict=0 again=30 mobile=2 state=4
2025/07/31 21:54:54 recv udp tag 2 len 43
2025/07/31 21:54:54 recv 43 bytes
00000000  00 02 09 00 bf 79 43 00  00 00 00 00 ff ff ff ff  |.....yC.........|
00000010  ff ff 18 ff 1e 00 02 00  00 00 00 00 00 01 01 0c  |................|
00000020  00 33 ff de 50 00 04 00  00 00 00                 |.3..P......|
2025/07/31 21:54:54 draw state cmd=9 ack=12548419 resend=0 desc=0 pict=0 again=30 mobile=2 state=4
2025/07/31 21:54:55 recv udp tag 2 len 43
2025/07/31 21:54:55 recv 43 bytes
00000000  00 02 09 00 bf 79 44 00  00 00 00 00 ff ff ff ff  |.....yD.........|
00000010  ff ff 18 ff 1e 00 02 00  00 00 00 00 00 01 01 0c  |................|
00000020  00 33 ff de 50 00 04 00  00 00 00                 |.3..P......|
2025/07/31 21:54:55 draw state cmd=9 ack=12548420 resend=0 desc=0 pict=0 again=30 mobile=2 state=4
2025/07/31 21:54:55 recv udp tag 2 len 43
2025/07/31 21:54:55 recv 43 bytes
00000000  00 02 09 00 bf 79 45 00  00 00 00 00 ff ff ff ff  |.....yE.........|
00000010  ff ff 18 ff 1e 00 02 00  00 00 00 00 00 01 01 0c  |................|
00000020  00 33 ff de 50 00 04 00  00 00 00                 |.3..P......|
2025/07/31 21:54:55 draw state cmd=9 ack=12548421 resend=0 desc=0 pict=0 again=30 mobile=2 state=4
2025/07/31 21:54:55 recv udp tag 2 len 43
2025/07/31 21:54:55 recv 43 bytes
00000000  00 02 09 00 bf 79 46 00  00 00 00 00 ff ff ff ff  |.....yF.........|
00000010  ff ff 18 ff 1e 00 02 00  00 00 00 00 00 01 01 0c  |................|
00000020  00 33 ff de 50 00 04 00  00 00 00                 |.3..P......|
2025/07/31 21:54:55 draw state cmd=9 ack=12548422 resend=0 desc=0 pict=0 again=30 mobile=2 state=4
2025/07/31 21:54:55 recv udp tag 2 len 110
2025/07/31 21:54:55 recv 110 bytes
00000000  00 02 09 00 bf 79 47 00  00 00 00 00 ff ff ff ff  |.....yG.........|
00000010  ff ff 18 ff 1e 00 02 00  00 00 00 00 00 01 01 0c  |................|
00000020  00 33 ff de 50 00 47 00  01 01 40 08 54 6f 20 6d  |.3..P.G...@.To m|
00000030  6f 76 65 2c 20 63 6c 69  63 6b 20 74 68 65 20 6d  |ove, click the m|
00000040  6f 75 73 65 20 61 6e 64  20 68 6f 6c 64 20 69 74  |ouse and hold it|
00000050  20 64 6f 77 6e 20 77 68  65 72 65 20 79 6f 75 20  | down where you |
00000060  77 61 6e 74 20 74 6f 20  67 6f 2e 00 00 00        |want to go....|
2025/07/31 21:54:55 draw state cmd=9 ack=12548423 resend=0 desc=0 pict=0 again=30 mobile=2 state=71
2025/07/31 21:54:55 player input ack=12548423 resend=0 cmd=10 mouse=21,64
2025/07/31 21:54:55 send udp tag 3 len 21
2025/07/31 21:54:55 send 21 bytes
00000000  00 03 00 15 00 40 00 00  00 bf 79 47 00 00 00 00  |.....@....yG....|
00000010  00 00 00 0a 00                                    |.....|
2025/07/31 21:54:55 recv udp tag 2 len 43
2025/07/31 21:54:55 recv 43 bytes
00000000  00 02 0a 00 bf 79 48 00  00 00 00 00 ff ff ff ff  |.....yH.........|
00000010  ff ff 18 ff 1e 00 02 00  00 00 00 00 00 01 01 0c  |................|
00000020  00 33 ff de 50 00 04 00  00 00 00                 |.3..P......|
2025/07/31 21:54:55 draw state cmd=10 ack=12548424 resend=0 desc=0 pict=0 again=30 mobile=2 state=4
2025/07/31 21:54:56 recv udp tag 2 len 43
2025/07/31 21:54:56 recv 43 bytes
00000000  00 02 0a 00 bf 79 49 00  00 00 00 00 ff ff ff ff  |.....yI.........|
00000010  ff ff 18 ff 1e 00 02 00  00 00 00 00 00 01 01 0c  |................|
00000020  00 33 ff de 50 00 04 00  00 00 00                 |.3..P......|
2025/07/31 21:54:56 draw state cmd=10 ack=12548425 resend=0 desc=0 pict=0 again=30 mobile=2 state=4
2025/07/31 21:54:56 recv udp tag 2 len 43
2025/07/31 21:54:56 recv 43 bytes
00000000  00 02 0a 00 bf 79 4a 00  00 00 00 00 ff ff ff ff  |.....yJ.........|
00000010  ff ff 18 ff 1e 00 02 00  00 00 00 00 00 01 01 0c  |................|
00000020  00 33 ff de 50 00 04 00  00 00 00                 |.3..P......|
2025/07/31 21:54:56 draw state cmd=10 ack=12548426 resend=0 desc=0 pict=0 again=30 mobile=2 state=4
2025/07/31 21:54:56 recv udp tag 2 len 45
2025/07/31 21:54:56 recv 45 bytes
00000000  00 02 0a 00 bf 79 4b 00  00 00 00 00 ff ff ff ff  |.....yK.........|
00000010  ff ff 18 ff 1e 00 02 00  00 00 00 00 00 01 01 0c  |................|
00000020  00 33 ff de 50 00 06 00  00 01 00 b1 00           |.3..P........|
2025/07/31 21:54:56 draw state cmd=10 ack=12548427 resend=0 desc=0 pict=0 again=30 mobile=2 state=6
2025/07/31 21:54:56 recv udp tag 2 len 43
2025/07/31 21:54:56 recv 43 bytes
00000000  00 02 0a 00 bf 79 4c 00  00 00 00 00 ff ff ff ff  |.....yL.........|
00000010  ff ff 18 ff 1e 00 02 00  00 00 00 00 00 01 01 0c  |................|
00000020  00 33 ff de 50 00 04 00  00 00 00                 |.3..P......|
2025/07/31 21:54:56 draw state cmd=10 ack=12548428 resend=0 desc=0 pict=0 again=30 mobile=2 state=4
2025/07/31 21:54:56 recv udp tag 2 len 43
2025/07/31 21:54:56 recv 43 bytes
00000000  00 02 0a 00 bf 79 4d 00  00 00 00 00 ff ff ff ff  |.....yM.........|
00000010  ff ff 18 ff 1e 00 02 00  00 00 00 00 00 01 01 0c  |................|
00000020  00 33 ff de 50 00 04 00  00 00 00                 |.3..P......|
2025/07/31 21:54:56 draw state cmd=10 ack=12548429 resend=0 desc=0 pict=0 again=30 mobile=2 state=4
2025/07/31 21:54:57 recv udp tag 2 len 43
2025/07/31 21:54:57 recv 43 bytes
00000000  00 02 0a 00 bf 79 4e 00  00 00 00 00 ff ff ff ff  |.....yN.........|
00000010  ff ff 18 ff 1e 00 02 00  00 00 00 00 00 01 01 0c  |................|
00000020  00 33 ff de 50 00 04 00  00 00 00                 |.3..P......|
2025/07/31 21:54:57 draw state cmd=10 ack=12548430 resend=0 desc=0 pict=0 again=30 mobile=2 state=4
2025/07/31 21:54:57 recv udp tag 2 len 43
2025/07/31 21:54:57 recv 43 bytes
00000000  00 02 0a 00 bf 79 4f 00  00 00 00 00 ff ff ff ff  |.....yO.........|
00000010  ff ff 18 ff 1e 00 02 00  00 00 00 00 00 01 01 0c  |................|
00000020  00 33 ff de 50 00 04 00  00 00 00                 |.3..P......|
2025/07/31 21:54:57 draw state cmd=10 ack=12548431 resend=0 desc=0 pict=0 again=30 mobile=2 state=4
2025/07/31 21:54:57 recv udp tag 2 len 43
2025/07/31 21:54:57 recv 43 bytes
00000000  00 02 0a 00 bf 79 50 00  00 00 00 00 ff ff ff ff  |.....yP.........|
00000010  ff ff 18 ff 1e 00 02 00  00 00 00 00 00 01 01 0c  |................|
00000020  00 33 ff de 50 00 04 00  00 00 00                 |.3..P......|
2025/07/31 21:54:57 draw state cmd=10 ack=12548432 resend=0 desc=0 pict=0 again=30 mobile=2 state=4
2025/07/31 21:54:57 player input ack=12548432 resend=0 cmd=11 mouse=241,270
2025/07/31 21:54:57 send udp tag 3 len 21
2025/07/31 21:54:57 send 21 bytes
00000000  00 03 00 f1 01 0e 00 00  00 bf 79 50 00 00 00 00  |..........yP....|
00000010  00 00 00 0b 00                                    |.....|
2025/07/31 21:54:57 recv udp tag 2 len 43
2025/07/31 21:54:57 recv 43 bytes
00000000  00 02 0a 00 bf 79 51 00  00 00 00 00 ff ff ff ff  |.....yQ.........|
00000010  ff ff 18 ff 1e 00 02 00  00 00 00 00 00 01 01 0c  |................|
00000020  00 33 ff de 50 00 04 00  00 00 00                 |.3..P......|
2025/07/31 21:54:57 draw state cmd=10 ack=12548433 resend=0 desc=0 pict=0 again=30 mobile=2 state=4
2025/07/31 21:54:57 recv udp tag 2 len 43
2025/07/31 21:54:57 recv 43 bytes
00000000  00 02 0b 00 bf 79 52 00  00 00 00 00 ff ff ff ff  |.....yR.........|
00000010  ff ff 18 ff 1e 00 02 00  00 00 00 00 00 01 01 0c  |................|
00000020  00 33 ff de 50 00 04 00  00 00 00                 |.3..P......|
2025/07/31 21:54:57 draw state cmd=11 ack=12548434 resend=0 desc=0 pict=0 again=30 mobile=2 state=4
2025/07/31 21:54:58 recv udp tag 2 len 43
2025/07/31 21:54:58 recv 43 bytes
00000000  00 02 0b 00 bf 79 53 00  00 00 00 00 ff ff ff ff  |.....yS.........|
00000010  ff ff 18 ff 1e 00 02 00  00 00 00 00 00 01 01 0c  |................|
00000020  00 33 ff de 50 00 04 00  00 00 00                 |.3..P......|
2025/07/31 21:54:58 draw state cmd=11 ack=12548435 resend=0 desc=0 pict=0 again=30 mobile=2 state=4
2025/07/31 21:54:58 recv udp tag 2 len 43
2025/07/31 21:54:58 recv 43 bytes
00000000  00 02 0b 00 bf 79 54 00  00 00 00 00 ff ff ff ff  |.....yT.........|
00000010  ff ff 18 ff 1e 00 02 00  00 00 00 00 00 01 01 0c  |................|
00000020  00 33 ff de 50 00 04 00  00 00 00                 |.3..P......|
2025/07/31 21:54:58 draw state cmd=11 ack=12548436 resend=0 desc=0 pict=0 again=30 mobile=2 state=4
2025/07/31 21:54:58 recv udp tag 2 len 43
2025/07/31 21:54:58 recv 43 bytes
00000000  00 02 0b 00 bf 79 55 00  00 00 00 00 ff ff ff ff  |.....yU.........|
00000010  ff ff 18 ff 1e 00 02 00  00 00 00 00 00 01 01 0c  |................|
00000020  00 33 ff de 50 00 04 00  00 00 00                 |.3..P......|
2025/07/31 21:54:58 draw state cmd=11 ack=12548437 resend=0 desc=0 pict=0 again=30 mobile=2 state=4
2025/07/31 21:54:58 recv udp tag 2 len 43
2025/07/31 21:54:58 recv 43 bytes
00000000  00 02 0b 00 bf 79 56 00  00 00 00 00 ff ff ff ff  |.....yV.........|
00000010  ff ff 18 ff 1e 00 02 00  00 00 00 00 00 01 01 0c  |................|
00000020  00 33 ff de 50 00 04 00  00 00 00                 |.3..P......|
2025/07/31 21:54:58 draw state cmd=11 ack=12548438 resend=0 desc=0 pict=0 again=30 mobile=2 state=4
2025/07/31 21:54:58 recv udp tag 2 len 45
2025/07/31 21:54:58 recv 45 bytes
00000000  00 02 0b 00 bf 79 57 00  00 00 00 00 ff ff ff ff  |.....yW.........|
00000010  ff ff 18 ff 1e 00 02 00  00 00 00 00 00 01 01 0c  |................|
00000020  00 33 ff de 50 00 06 00  00 01 00 e1 00           |.3..P........|
2025/07/31 21:54:58 draw state cmd=11 ack=12548439 resend=0 desc=0 pict=0 again=30 mobile=2 state=6
2025/07/31 21:54:59 recv udp tag 2 len 43
2025/07/31 21:54:59 recv 43 bytes
00000000  00 02 0b 00 bf 79 58 00  00 00 00 00 ff ff ff ff  |.....yX.........|
00000010  ff ff 18 ff 1e 00 02 00  00 00 00 00 00 01 01 0c  |................|
00000020  00 33 ff de 50 00 04 00  00 00 00                 |.3..P......|
2025/07/31 21:54:59 draw state cmd=11 ack=12548440 resend=0 desc=0 pict=0 again=30 mobile=2 state=4
2025/07/31 21:54:59 recv udp tag 2 len 43
2025/07/31 21:54:59 recv 43 bytes
00000000  00 02 0b 00 bf 79 59 00  00 00 00 00 ff ff ff ff  |.....yY.........|
00000010  ff ff 18 ff 1e 00 02 00  00 00 00 00 00 01 01 0c  |................|
00000020  00 33 ff de 50 00 04 00  00 00 00                 |.3..P......|
2025/07/31 21:54:59 draw state cmd=11 ack=12548441 resend=0 desc=0 pict=0 again=30 mobile=2 state=4
2025/07/31 21:54:59 recv udp tag 2 len 43
2025/07/31 21:54:59 recv 43 bytes
00000000  00 02 0b 00 bf 79 5a 00  00 00 00 00 ff ff ff ff  |.....yZ.........|
00000010  ff ff 18 ff 1e 00 02 00  00 00 00 00 00 01 01 0c  |................|
00000020  00 33 ff de 50 00 04 00  00 00 00                 |.3..P......|
2025/07/31 21:54:59 draw state cmd=11 ack=12548442 resend=0 desc=0 pict=0 again=30 mobile=2 state=4
2025/07/31 21:54:59 player input ack=12548442 resend=0 cmd=12 mouse=727,631
2025/07/31 21:54:59 send udp tag 3 len 21
2025/07/31 21:54:59 recv udp tag 2 len 43
2025/07/31 21:54:59 recv 43 bytes
00000000  00 02 0b 00 bf 79 5b 00  00 00 00 00 ff ff ff ff  |.....y[.........|
00000010  ff ff 18 ff 1e 00 02 00  00 00 00 00 00 01 01 0c  |................|
00000020  00 33 ff de 50 00 04 00  00 00 00                 |.3..P......|
2025/07/31 21:54:59 draw state cmd=11 ack=12548443 resend=0 desc=0 pict=0 again=30 mobile=2 state=4
2025/07/31 21:54:59 send 21 bytes
00000000  00 03 02 d7 02 77 00 00  00 bf 79 5a 00 00 00 00  |.....w....yZ....|
00000010  00 00 00 0c 00                                    |.....|
2025/07/31 21:54:59 recv udp tag 2 len 43
2025/07/31 21:54:59 recv 43 bytes
00000000  00 02 0c 00 bf 79 5c 00  00 00 00 00 ff ff ff ff  |.....y\.........|
00000010  ff ff 18 ff 1e 00 02 00  00 00 00 00 00 01 01 0c  |................|
00000020  00 33 ff de 50 00 04 00  00 00 00                 |.3..P......|
2025/07/31 21:54:59 draw state cmd=12 ack=12548444 resend=0 desc=0 pict=0 again=30 mobile=2 state=4
2025/07/31 21:55:00 recv udp tag 2 len 43
2025/07/31 21:55:00 recv 43 bytes
00000000  00 02 0c 00 bf 79 5d 00  00 00 00 00 ff ff ff ff  |.....y].........|
00000010  ff ff 18 ff 1e 00 02 00  00 00 00 00 00 01 01 0c  |................|
00000020  00 33 ff de 50 00 04 00  00 00 00                 |.3..P......|
2025/07/31 21:55:00 draw state cmd=12 ack=12548445 resend=0 desc=0 pict=0 again=30 mobile=2 state=4
2025/07/31 21:55:00 recv udp tag 2 len 43
2025/07/31 21:55:00 recv 43 bytes
00000000  00 02 0c 00 bf 79 5e 00  00 00 00 00 ff ff ff ff  |.....y^.........|
00000010  ff ff 18 ff 1e 00 02 00  00 00 00 00 00 01 01 0c  |................|
00000020  00 33 ff de 50 00 04 00  00 00 00                 |.3..P......|
2025/07/31 21:55:00 draw state cmd=12 ack=12548446 resend=0 desc=0 pict=0 again=30 mobile=2 state=4
2025/07/31 21:55:00 recv udp tag 2 len 43
2025/07/31 21:55:00 recv 43 bytes
00000000  00 02 0c 00 bf 79 5f 00  00 00 00 00 ff ff ff ff  |.....y_.........|
00000010  ff ff 18 ff 1e 00 02 00  00 00 00 00 00 01 01 0c  |................|
00000020  00 33 ff de 50 00 04 00  00 00 00                 |.3..P......|
2025/07/31 21:55:00 draw state cmd=12 ack=12548447 resend=0 desc=0 pict=0 again=30 mobile=2 state=4
2025/07/31 21:55:00 recv udp tag 2 len 43
2025/07/31 21:55:00 recv 43 bytes
00000000  00 02 0c 00 bf 79 60 00  00 00 00 00 ff ff ff ff  |.....y`.........|
00000010  ff ff 18 ff 1e 00 02 00  00 00 00 00 00 01 01 0c  |................|
00000020  00 33 ff de 50 00 04 00  00 00 00                 |.3..P......|
2025/07/31 21:55:00 draw state cmd=12 ack=12548448 resend=0 desc=0 pict=0 again=30 mobile=2 state=4
2025/07/31 21:55:00 recv udp tag 2 len 43
2025/07/31 21:55:00 recv 43 bytes
00000000  00 02 0c 00 bf 79 61 00  00 00 00 00 ff ff ff ff  |.....ya.........|
00000010  ff ff 18 ff 1e 00 02 00  00 00 00 00 00 01 01 0c  |................|
00000020  00 33 ff de 50 00 04 00  00 00 00                 |.3..P......|
2025/07/31 21:55:00 draw state cmd=12 ack=12548449 resend=0 desc=0 pict=0 again=30 mobile=2 state=4
2025/07/31 21:55:01 recv udp tag 2 len 45
2025/07/31 21:55:01 recv 45 bytes
00000000  00 02 0c 00 bf 79 62 00  00 00 00 00 ff ff ff ff  |.....yb.........|
00000010  ff ff 18 ff 1e 00 02 00  00 00 00 00 00 01 01 0c  |................|
00000020  00 33 ff de 50 00 06 00  00 01 00 e0 00           |.3..P........|
2025/07/31 21:55:01 draw state cmd=12 ack=12548450 resend=0 desc=0 pict=0 again=30 mobile=2 state=6
2025/07/31 21:55:01 recv udp tag 2 len 43
2025/07/31 21:55:01 recv 43 bytes
00000000  00 02 0c 00 bf 79 63 00  00 00 00 00 ff ff ff ff  |.....yc.........|
00000010  ff ff 18 ff 1e 00 02 00  00 00 00 00 00 01 01 0c  |................|
00000020  00 33 ff de 50 00 04 00  00 00 00                 |.3..P......|
2025/07/31 21:55:01 draw state cmd=12 ack=12548451 resend=0 desc=0 pict=0 again=30 mobile=2 state=4
2025/07/31 21:55:01 recv udp tag 2 len 43
2025/07/31 21:55:01 recv 43 bytes
00000000  00 02 0c 00 bf 79 64 00  00 00 00 00 ff ff ff ff  |.....yd.........|
00000010  ff ff 18 ff 1e 00 02 00  00 00 00 00 00 01 01 0c  |................|
00000020  00 33 ff de 50 00 04 00  00 00 00                 |.3..P......|
2025/07/31 21:55:01 draw state cmd=12 ack=12548452 resend=0 desc=0 pict=0 again=30 mobile=2 state=4
2025/07/31 21:55:01 recv udp tag 2 len 43
2025/07/31 21:55:01 recv 43 bytes
00000000  00 02 0c 00 bf 79 65 00  00 00 00 00 ff ff ff ff  |.....ye.........|
00000010  ff ff 18 ff 1e 00 02 00  00 00 00 00 00 01 01 0c  |................|
00000020  00 33 ff de 50 00 04 00  00 00 00                 |.3..P......|
2025/07/31 21:55:01 draw state cmd=12 ack=12548453 resend=0 desc=0 pict=0 again=30 mobile=2 state=4
2025/07/31 21:55:01 player input ack=12548453 resend=0 cmd=13 mouse=888,65454
2025/07/31 21:55:01 send udp tag 3 len 21
2025/07/31 21:55:01 send 21 bytes
00000000  00 03 03 78 ff ae 00 00  00 bf 79 65 00 00 00 00  |...x......ye....|
00000010  00 00 00 0d 00                                    |.....|
2025/07/31 21:55:01 recv udp tag 2 len 113
2025/07/31 21:55:01 recv 113 bytes
00000000  00 02 0d 00 bf 79 66 00  00 00 00 00 ff ff ff ff  |.....yf.........|
00000010  ff ff 18 ff 1e 00 02 00  00 00 00 00 00 01 01 0c  |................|
00000020  00 33 ff de 50 00 4a 00  01 01 40 08 54 6f 20 65  |.3..P.J...@.To e|
00000030  78 69 74 20 74 68 69 73  20 72 6f 6f 6d 20 61 6e  |xit this room an|
00000040  64 20 6c 65 61 72 6e 20  6d 6f 72 65 2c 20 62 75  |d learn more, bu|
00000050  6d 70 20 69 6e 74 6f 20  74 68 65 20 64 6f 6f 72  |mp into the door|
00000060  20 74 6f 20 74 68 65 20  72 69 67 68 74 2e 00 00  | to the right...|
00000070  00                                                |.|
2025/07/31 21:55:01 draw state cmd=13 ack=12548454 resend=0 desc=0 pict=0 again=30 mobile=2 state=74
2025/07/31 21:55:02 recv udp tag 2 len 43
2025/07/31 21:55:02 recv 43 bytes
00000000  00 02 0d 00 bf 79 67 00  00 00 00 00 ff ff ff ff  |.....yg.........|
00000010  ff ff 18 ff 1e 00 02 00  00 00 00 00 00 01 01 0c  |................|
00000020  00 33 ff de 50 00 04 00  00 00 00                 |.3..P......|
2025/07/31 21:55:02 draw state cmd=13 ack=12548455 resend=0 desc=0 pict=0 again=30 mobile=2 state=4
2025/07/31 21:55:02 recv udp tag 2 len 43
2025/07/31 21:55:02 recv 43 bytes
00000000  00 02 0d 00 bf 79 68 00  00 00 00 00 ff ff ff ff  |.....yh.........|
00000010  ff ff 18 ff 1e 00 02 00  00 00 00 00 00 01 01 0c  |................|
00000020  00 33 ff de 50 00 04 00  00 00 00                 |.3..P......|
2025/07/31 21:55:02 draw state cmd=13 ack=12548456 resend=0 desc=0 pict=0 again=30 mobile=2 state=4
2025/07/31 21:55:02 recv udp tag 2 len 43
2025/07/31 21:55:02 recv 43 bytes
00000000  00 02 0d 00 bf 79 69 00  00 00 00 00 ff ff ff ff  |.....yi.........|
00000010  ff ff 18 ff 1e 00 02 00  00 00 00 00 00 01 01 0c  |................|
00000020  00 33 ff de 50 00 04 00  00 00 00                 |.3..P......|
2025/07/31 21:55:02 draw state cmd=13 ack=12548457 resend=0 desc=0 pict=0 again=30 mobile=2 state=4
2025/07/31 21:55:02 recv udp tag 2 len 43
2025/07/31 21:55:02 recv 43 bytes
00000000  00 02 0d 00 bf 79 6a 00  00 00 00 00 ff ff ff ff  |.....yj.........|
00000010  ff ff 18 ff 1e 00 02 00  00 00 00 00 00 01 01 0c  |................|
00000020  00 33 ff de 50 00 04 00  00 00 00                 |.3..P......|
2025/07/31 21:55:02 draw state cmd=13 ack=12548458 resend=0 desc=0 pict=0 again=30 mobile=2 state=4
2025/07/31 21:55:02 recv udp tag 2 len 43
2025/07/31 21:55:02 recv 43 bytes
00000000  00 02 0d 00 bf 79 6b 00  00 00 00 00 ff ff ff ff  |.....yk.........|
00000010  ff ff 18 ff 1e 00 02 00  00 00 00 00 00 01 01 0c  |................|
00000020  00 33 ff de 50 00 04 00  00 00 00                 |.3..P......|
2025/07/31 21:55:02 draw state cmd=13 ack=12548459 resend=0 desc=0 pict=0 again=30 mobile=2 state=4
2025/07/31 21:55:03 recv udp tag 2 len 43
2025/07/31 21:55:03 recv 43 bytes
00000000  00 02 0d 00 bf 79 6c 00  00 00 00 00 ff ff ff ff  |.....yl.........|
00000010  ff ff 18 ff 1e 00 02 00  00 00 00 00 00 01 01 0c  |................|
00000020  00 33 ff de 50 00 04 00  00 00 00                 |.3..P......|
2025/07/31 21:55:03 draw state cmd=13 ack=12548460 resend=0 desc=0 pict=0 again=30 mobile=2 state=4
2025/07/31 21:55:03 recv udp tag 2 len 43
2025/07/31 21:55:03 recv 43 bytes
00000000  00 02 0d 00 bf 79 6d 00  00 00 00 00 ff ff ff ff  |.....ym.........|
00000010  ff ff 18 ff 1e 00 02 00  00 00 00 00 00 01 01 0c  |................|
00000020  00 33 ff de 50 00 04 00  00 00 00                 |.3..P......|
2025/07/31 21:55:03 draw state cmd=13 ack=12548461 resend=0 desc=0 pict=0 again=30 mobile=2 state=4
2025/07/31 21:55:03 recv udp tag 2 len 43
2025/07/31 21:55:03 recv 43 bytes
00000000  00 02 0d 00 bf 79 6e 00  00 00 00 00 ff ff ff ff  |.....yn.........|
00000010  ff ff 18 ff 1e 00 02 00  00 00 00 00 00 01 01 0c  |................|
00000020  00 33 ff de 50 00 04 00  00 00 00                 |.3..P......|
2025/07/31 21:55:03 draw state cmd=13 ack=12548462 resend=0 desc=0 pict=0 again=30 mobile=2 state=4
2025/07/31 21:55:03 recv udp tag 2 len 43
2025/07/31 21:55:03 recv 43 bytes
00000000  00 02 0d 00 bf 79 6f 00  00 00 00 00 ff ff ff ff  |.....yo.........|
00000010  ff ff 18 ff 1e 00 02 00  00 00 00 00 00 01 01 0c  |................|
00000020  00 33 ff de 50 00 04 00  00 00 00                 |.3..P......|
2025/07/31 21:55:03 draw state cmd=13 ack=12548463 resend=0 desc=0 pict=0 again=30 mobile=2 state=4
2025/07/31 21:55:03 player input ack=12548463 resend=0 cmd=14 mouse=694,232
2025/07/31 21:55:03 send udp tag 3 len 21
2025/07/31 21:55:03 send 21 bytes
00000000  00 03 02 b6 00 e8 00 00  00 bf 79 6f 00 00 00 00  |..........yo....|
00000010  00 00 00 0e 00                                    |.....|
2025/07/31 21:55:03 recv udp tag 2 len 43
2025/07/31 21:55:03 recv 43 bytes
00000000  00 02 0e 00 bf 79 70 00  00 00 00 00 ff ff ff ff  |.....yp.........|
00000010  ff ff 18 ff 1e 00 02 00  00 00 00 00 00 01 01 0c  |................|
00000020  00 33 ff de 50 00 04 00  00 00 00                 |.3..P......|
2025/07/31 21:55:03 draw state cmd=14 ack=12548464 resend=0 desc=0 pict=0 again=30 mobile=2 state=4
2025/07/31 21:55:04 recv udp tag 2 len 43
2025/07/31 21:55:04 recv 43 bytes
00000000  00 02 0e 00 bf 79 71 00  00 00 00 00 ff ff ff ff  |.....yq.........|
00000010  ff ff 18 ff 1e 00 02 00  00 00 00 00 00 01 01 0c  |................|
00000020  00 33 ff de 50 00 04 00  00 00 00                 |.3..P......|
2025/07/31 21:55:04 draw state cmd=14 ack=12548465 resend=0 desc=0 pict=0 again=30 mobile=2 state=4
2025/07/31 21:55:04 recv udp tag 2 len 43
2025/07/31 21:55:04 recv 43 bytes
00000000  00 02 0e 00 bf 79 72 00  00 00 00 00 ff ff ff ff  |.....yr.........|
00000010  ff ff 18 ff 1e 00 02 00  00 00 00 00 00 01 01 0c  |................|
00000020  00 33 ff de 50 00 04 00  00 00 00                 |.3..P......|
2025/07/31 21:55:04 draw state cmd=14 ack=12548466 resend=0 desc=0 pict=0 again=30 mobile=2 state=4
2025/07/31 21:55:04 recv udp tag 2 len 43
2025/07/31 21:55:04 recv 43 bytes
00000000  00 02 0e 00 bf 79 73 00  00 00 00 00 ff ff ff ff  |.....ys.........|
00000010  ff ff 18 ff 1e 00 02 00  00 00 00 00 00 01 01 0c  |................|
00000020  00 33 ff de 50 00 04 00  00 00 00                 |.3..P......|
2025/07/31 21:55:04 draw state cmd=14 ack=12548467 resend=0 desc=0 pict=0 again=30 mobile=2 state=4
2025/07/31 21:55:04 recv udp tag 2 len 43
2025/07/31 21:55:04 recv 43 bytes
00000000  00 02 0e 00 bf 79 74 00  00 00 00 00 ff ff ff ff  |.....yt.........|
00000010  ff ff 18 ff 1e 00 02 00  00 00 00 00 00 01 01 0c  |................|
00000020  00 33 ff de 50 00 04 00  00 00 00                 |.3..P......|
2025/07/31 21:55:04 draw state cmd=14 ack=12548468 resend=0 desc=0 pict=0 again=30 mobile=2 state=4
2025/07/31 21:55:04 recv udp tag 2 len 43
2025/07/31 21:55:04 recv 43 bytes
00000000  00 02 0e 00 bf 79 75 00  00 00 00 00 ff ff ff ff  |.....yu.........|
00000010  ff ff 18 ff 1e 00 02 00  00 00 00 00 00 01 01 0c  |................|
00000020  00 33 ff de 50 00 04 00  00 00 00                 |.3..P......|
2025/07/31 21:55:04 draw state cmd=14 ack=12548469 resend=0 desc=0 pict=0 again=30 mobile=2 state=4
2025/07/31 21:55:05 recv udp tag 2 len 43
2025/07/31 21:55:05 recv 43 bytes
00000000  00 02 0e 00 bf 79 76 00  00 00 00 00 ff ff ff ff  |.....yv.........|
00000010  ff ff 18 ff 1e 00 02 00  00 00 00 00 00 01 01 0c  |................|
00000020  00 33 ff de 50 00 04 00  00 00 00                 |.3..P......|
2025/07/31 21:55:05 draw state cmd=14 ack=12548470 resend=0 desc=0 pict=0 again=30 mobile=2 state=4
2025/07/31 21:55:05 recv udp tag 2 len 43
2025/07/31 21:55:05 recv 43 bytes
00000000  00 02 0e 00 bf 79 77 00  00 00 00 00 ff ff ff ff  |.....yw.........|
00000010  ff ff 18 ff 1e 00 02 00  00 00 00 00 00 01 01 0c  |................|
00000020  00 33 ff de 50 00 04 00  00 00 00                 |.3..P......|
2025/07/31 21:55:05 draw state cmd=14 ack=12548471 resend=0 desc=0 pict=0 again=30 mobile=2 state=4
2025/07/31 21:55:05 recv udp tag 2 len 43
2025/07/31 21:55:05 recv 43 bytes
00000000  00 02 0e 00 bf 79 78 00  00 00 00 00 ff ff ff ff  |.....yx.........|
00000010  ff ff 18 ff 1e 00 02 00  00 00 00 00 00 01 01 0c  |................|
00000020  00 33 ff de 50 00 04 00  00 00 00                 |.3..P......|
2025/07/31 21:55:05 draw state cmd=14 ack=12548472 resend=0 desc=0 pict=0 again=30 mobile=2 state=4
2025/07/31 21:55:05 player input ack=12548472 resend=0 cmd=15 mouse=636,47
2025/07/31 21:55:05 send udp tag 3 len 21
2025/07/31 21:55:05 send 21 bytes
00000000  00 03 02 7c 00 2f 00 00  00 bf 79 78 00 00 00 00  |...|./....yx....|
00000010  00 00 00 0f 00                                    |.....|
2025/07/31 21:55:05 recv udp tag 2 len 43
2025/07/31 21:55:05 recv 43 bytes
00000000  00 02 0e 00 bf 79 79 00  00 00 00 00 ff ff ff ff  |.....yy.........|
00000010  ff ff 18 ff 1e 00 02 00  00 00 00 00 00 01 01 0c  |................|
00000020  00 33 ff de 50 00 04 00  00 00 00                 |.3..P......|
2025/07/31 21:55:05 draw state cmd=14 ack=12548473 resend=0 desc=0 pict=0 again=30 mobile=2 state=4
2025/07/31 21:55:05 recv udp tag 2 len 43
2025/07/31 21:55:05 recv 43 bytes
00000000  00 02 0f 00 bf 79 7a 00  00 00 00 00 ff ff ff ff  |.....yz.........|
00000010  ff ff 18 ff 1e 00 02 00  00 00 00 00 00 01 01 0c  |................|
00000020  00 33 ff de 50 00 04 00  00 00 00                 |.3..P......|
2025/07/31 21:55:05 draw state cmd=15 ack=12548474 resend=0 desc=0 pict=0 again=30 mobile=2 state=4
2025/07/31 21:55:06 recv udp tag 2 len 43
2025/07/31 21:55:06 recv 43 bytes
00000000  00 02 0f 00 bf 79 7b 00  00 00 00 00 ff ff ff ff  |.....y{.........|
00000010  ff ff 18 ff 1e 00 02 00  00 00 00 00 00 01 01 0c  |................|
00000020  00 33 ff de 50 00 04 00  00 00 00                 |.3..P......|
2025/07/31 21:55:06 draw state cmd=15 ack=12548475 resend=0 desc=0 pict=0 again=30 mobile=2 state=4
2025/07/31 21:55:06 recv udp tag 2 len 45
2025/07/31 21:55:06 recv 45 bytes
00000000  00 02 0f 00 bf 79 7c 00  00 00 00 00 ff ff ff ff  |.....y|.........|
00000010  ff ff 18 ff 1e 00 02 00  00 00 00 00 00 01 01 0c  |................|
00000020  00 33 ff de 50 00 06 00  00 01 00 e5 00           |.3..P........|
2025/07/31 21:55:06 draw state cmd=15 ack=12548476 resend=0 desc=0 pict=0 again=30 mobile=2 state=6
2025/07/31 21:55:06 recv udp tag 2 len 43
2025/07/31 21:55:06 recv 43 bytes
00000000  00 02 0f 00 bf 79 7d 00  00 00 00 00 ff ff ff ff  |.....y}.........|
00000010  ff ff 18 ff 1e 00 02 00  00 00 00 00 00 01 01 0c  |................|
00000020  00 33 ff de 50 00 04 00  00 00 00                 |.3..P......|
2025/07/31 21:55:06 draw state cmd=15 ack=12548477 resend=0 desc=0 pict=0 again=30 mobile=2 state=4
2025/07/31 21:55:06 recv udp tag 2 len 43
2025/07/31 21:55:06 recv 43 bytes
00000000  00 02 0f 00 bf 79 7e 00  00 00 00 00 ff ff ff ff  |.....y~.........|
00000010  ff ff 18 ff 1e 00 02 00  00 00 00 00 00 01 01 0c  |................|
00000020  00 33 ff de 50 00 04 00  00 00 00                 |.3..P......|
2025/07/31 21:55:06 draw state cmd=15 ack=12548478 resend=0 desc=0 pict=0 again=30 mobile=2 state=4
2025/07/31 21:55:06 recv udp tag 2 len 43
2025/07/31 21:55:06 recv 43 bytes
00000000  00 02 0f 00 bf 79 7f 00  00 00 00 00 ff ff ff ff  |.....y..........|
00000010  ff ff 18 ff 1e 00 02 00  00 00 00 00 00 01 01 0c  |................|
00000020  00 33 ff de 50 00 04 00  00 00 00                 |.3..P......|
2025/07/31 21:55:06 draw state cmd=15 ack=12548479 resend=0 desc=0 pict=0 again=30 mobile=2 state=4
2025/07/31 21:55:07 recv udp tag 2 len 43
2025/07/31 21:55:07 recv 43 bytes
00000000  00 02 0f 00 bf 79 80 00  00 00 00 00 ff ff ff ff  |.....y..........|
00000010  ff ff 18 ff 1e 00 02 00  00 00 00 00 00 01 01 0c  |................|
00000020  00 33 ff de 50 00 04 00  00 00 00                 |.3..P......|
2025/07/31 21:55:07 draw state cmd=15 ack=12548480 resend=0 desc=0 pict=0 again=30 mobile=2 state=4
2025/07/31 21:55:07 recv udp tag 2 len 43
2025/07/31 21:55:07 recv 43 bytes
00000000  00 02 0f 00 bf 79 81 00  00 00 00 00 ff ff ff ff  |.....y..........|
00000010  ff ff 18 ff 1e 00 02 00  00 00 00 00 00 01 01 0c  |................|
00000020  00 33 ff de 50 00 04 00  00 00 00                 |.3..P......|
2025/07/31 21:55:07 draw state cmd=15 ack=12548481 resend=0 desc=0 pict=0 again=30 mobile=2 state=4
2025/07/31 21:55:07 recv udp tag 2 len 43
2025/07/31 21:55:07 recv 43 bytes
00000000  00 02 0f 00 bf 79 82 00  00 00 00 00 ff ff ff ff  |.....y..........|
00000010  ff ff 18 ff 1e 00 02 00  00 00 00 00 00 01 01 0c  |................|
00000020  00 33 ff de 50 00 04 00  00 00 00                 |.3..P......|
2025/07/31 21:55:07 draw state cmd=15 ack=12548482 resend=0 desc=0 pict=0 again=30 mobile=2 state=4
2025/07/31 21:55:07 player input ack=12548482 resend=0 cmd=16 mouse=620,65520
2025/07/31 21:55:07 send udp tag 3 len 21
2025/07/31 21:55:07 send 21 bytes
00000000  00 03 02 6c ff f0 00 00  00 bf 79 82 00 00 00 00  |...l......y.....|
00000010  00 00 00 10 00                                    |.....|
2025/07/31 21:55:07 recv udp tag 2 len 43
2025/07/31 21:55:07 recv 43 bytes
00000000  00 02 0f 00 bf 79 83 00  00 00 00 00 ff ff ff ff  |.....y..........|
00000010  ff ff 18 ff 1e 00 02 00  00 00 00 00 00 01 01 0c  |................|
00000020  00 33 ff de 50 00 04 00  00 00 00                 |.3..P......|
2025/07/31 21:55:07 draw state cmd=15 ack=12548483 resend=0 desc=0 pict=0 again=30 mobile=2 state=4
2025/07/31 21:55:07 recv udp tag 2 len 43
2025/07/31 21:55:07 recv 43 bytes
00000000  00 02 10 00 bf 79 84 00  00 00 00 00 ff ff ff ff  |.....y..........|
00000010  ff ff 18 ff 1e 00 02 00  00 00 00 00 00 01 01 0c  |................|
00000020  00 33 ff de 50 00 04 00  00 00 00                 |.3..P......|
2025/07/31 21:55:07 draw state cmd=16 ack=12548484 resend=0 desc=0 pict=0 again=30 mobile=2 state=4
2025/07/31 21:55:08 recv udp tag 2 len 43
2025/07/31 21:55:08 recv 43 bytes
00000000  00 02 10 00 bf 79 85 00  00 00 00 00 ff ff ff ff  |.....y..........|
00000010  ff ff 18 ff 1e 00 02 00  00 00 00 00 00 01 01 0c  |................|
00000020  00 33 ff de 50 00 04 00  00 00 00                 |.3..P......|
2025/07/31 21:55:08 draw state cmd=16 ack=12548485 resend=0 desc=0 pict=0 again=30 mobile=2 state=4
