2025/07/31 18:54:32 identifiers client=368640 images=368640 sounds=368640
2025/07/31 18:54:32 send tcp tag 19 len 60
2025/07/31 18:54:32 recv tcp tag 18 len 48
2025/07/31 18:54:32 send tcp tag 14 len 37
2025/07/31 18:54:32 request character list for demo
2025/07/31 18:54:32 recv tcp tag 14 len 327
2025/07/31 18:54:32 server returned 20 characters
2025/07/31 18:54:32 send tcp tag 13 len 45
2025/07/31 18:54:32 recv tcp tag 13 len 68
2025/07/31 18:54:32 player input ack=0 resend=0 cmd=1 mouse=1087,833
2025/07/31 18:54:32 send udp tag 3 len 21
2025/07/31 18:54:32 player input ack=0 resend=0 cmd=2 mouse=1087,833
2025/07/31 18:54:32 send udp tag 3 len 21
2025/07/31 18:54:33 recv udp tag 2 len 377
2025/07/31 18:54:33 draw state ack=1025241809 resend=-1353745877
2025/07/31 18:54:33 recv udp tag 2 len 274
2025/07/31 18:54:33 draw state ack=1025241809 resend=-1353745877
2025/07/31 18:54:33 recv udp tag 2 len 235
2025/07/31 18:54:33 draw state ack=1025241809 resend=-1353745877
2025/07/31 18:54:33 recv udp tag 2 len 235
2025/07/31 18:54:33 draw state ack=1025241809 resend=-1353745877
2025/07/31 18:54:34 recv udp tag 2 len 235
2025/07/31 18:54:34 draw state ack=1025241809 resend=-1353745877
2025/07/31 18:54:34 recv udp tag 2 len 235
2025/07/31 18:54:34 draw state ack=1025241809 resend=-1353745877
2025/07/31 18:54:34 recv udp tag 2 len 235
2025/07/31 18:54:34 draw state ack=1025241809 resend=-1353745877
2025/07/31 18:54:34 recv udp tag 2 len 235
2025/07/31 18:54:34 draw state ack=1025241809 resend=-1353745877
2025/07/31 18:54:34 recv udp tag 2 len 235
2025/07/31 18:54:34 draw state ack=1025241809 resend=-1353745877
2025/07/31 18:54:34 player input ack=1025241809 resend=-1353745877 cmd=3 mouse=1087,833
2025/07/31 18:54:34 send udp tag 3 len 21
2025/07/31 18:54:35 recv udp tag 2 len 278
2025/07/31 18:54:35 draw state ack=-1519293249 resend=-968992151
2025/07/31 18:54:35 recv udp tag 2 len 43
2025/07/31 18:54:35 draw state ack=-1519293249 resend=-968992151
2025/07/31 18:54:35 recv udp tag 2 len 43
2025/07/31 18:54:35 draw state ack=-1519293249 resend=-968992151
2025/07/31 18:54:35 recv udp tag 2 len 43
2025/07/31 18:54:35 draw state ack=-1519293249 resend=-968992151
2025/07/31 18:54:35 recv udp tag 2 len 43
2025/07/31 18:54:35 draw state ack=-1519293249 resend=-968992151
2025/07/31 18:54:36 recv udp tag 2 len 43
2025/07/31 18:54:36 draw state ack=-1519293249 resend=-968992151
2025/07/31 18:54:36 recv udp tag 2 len 89
2025/07/31 18:54:36 draw state ack=-1519293249 resend=-968992151
2025/07/31 18:54:36 recv udp tag 2 len 43
2025/07/31 18:54:36 draw state ack=-1519293249 resend=-968992151
2025/07/31 18:54:36 recv udp tag 2 len 43
2025/07/31 18:54:36 draw state ack=-1519293249 resend=-968992151
2025/07/31 18:54:36 recv udp tag 2 len 103
2025/07/31 18:54:36 draw state ack=-1519293249 resend=-968992151
2025/07/31 18:54:36 player input ack=-1519293249 resend=-968992151 cmd=4 mouse=1087,833
2025/07/31 18:54:36 send udp tag 3 len 21
2025/07/31 18:54:37 recv udp tag 2 len 444
2025/07/31 18:54:37 draw state ack=-1519293249 resend=-968992151
2025/07/31 18:54:37 recv udp tag 2 len 43
2025/07/31 18:54:37 draw state ack=-1519293249 resend=-968992151
2025/07/31 18:54:37 recv udp tag 2 len 43
2025/07/31 18:54:37 draw state ack=-1519293249 resend=-968992151
2025/07/31 18:54:37 recv udp tag 2 len 43
2025/07/31 18:54:37 draw state ack=-1519293249 resend=-968992151
2025/07/31 18:54:37 recv udp tag 2 len 92
2025/07/31 18:54:37 draw state ack=-1519293249 resend=-968992151
2025/07/31 18:54:38 recv udp tag 2 len 43
2025/07/31 18:54:38 draw state ack=-1519293249 resend=-968992151
2025/07/31 18:54:38 recv udp tag 2 len 43
2025/07/31 18:54:38 draw state ack=-1519293249 resend=-968992151
2025/07/31 18:54:38 recv udp tag 2 len 43
2025/07/31 18:54:38 draw state ack=-1519293249 resend=-968992151
2025/07/31 18:54:38 recv udp tag 2 len 43
2025/07/31 18:54:38 draw state ack=-1519293249 resend=-968992151
2025/07/31 18:54:38 recv udp tag 2 len 43
2025/07/31 18:54:38 draw state ack=-1519293249 resend=-968992151
2025/07/31 18:54:38 player input ack=-1519293249 resend=-968992151 cmd=5 mouse=1087,833
2025/07/31 18:54:38 send udp tag 3 len 21
2025/07/31 18:54:39 recv udp tag 2 len 43
2025/07/31 18:54:39 draw state ack=-1519293249 resend=-968992151
2025/07/31 18:54:39 recv udp tag 2 len 43
2025/07/31 18:54:39 draw state ack=-1519293249 resend=-968992151
2025/07/31 18:54:39 recv udp tag 2 len 43
2025/07/31 18:54:39 draw state ack=-1519293249 resend=-968992151
2025/07/31 18:54:39 recv udp tag 2 len 43
2025/07/31 18:54:39 draw state ack=-1519293249 resend=-968992151
2025/07/31 18:54:39 recv udp tag 2 len 43
2025/07/31 18:54:39 draw state ack=-1519293249 resend=-968992151
2025/07/31 18:54:40 recv udp tag 2 len 43
2025/07/31 18:54:40 draw state ack=-1519293249 resend=-968992151
2025/07/31 18:54:40 recv udp tag 2 len 43
2025/07/31 18:54:40 draw state ack=-1519293249 resend=-968992151
2025/07/31 18:54:40 recv udp tag 2 len 43
2025/07/31 18:54:40 draw state ack=-1519293249 resend=-968992151
2025/07/31 18:54:40 recv udp tag 2 len 43
2025/07/31 18:54:40 draw state ack=-1519293249 resend=-968992151
2025/07/31 18:54:40 recv udp tag 2 len 43
2025/07/31 18:54:40 draw state ack=-1519293249 resend=-968992151
2025/07/31 18:54:40 player input ack=-1519293249 resend=-968992151 cmd=6 mouse=1087,833
2025/07/31 18:54:40 send udp tag 3 len 21
2025/07/31 18:54:41 recv udp tag 2 len 43
2025/07/31 18:54:41 draw state ack=-1519293249 resend=-968992151
2025/07/31 18:54:41 recv udp tag 2 len 43
2025/07/31 18:54:41 draw state ack=-1519293249 resend=-968992151
2025/07/31 18:54:41 recv udp tag 2 len 43
2025/07/31 18:54:41 draw state ack=-1519293249 resend=-968992151
2025/07/31 18:54:41 recv udp tag 2 len 43
2025/07/31 18:54:41 draw state ack=-1519293249 resend=-968992151
2025/07/31 18:54:41 recv udp tag 2 len 43
2025/07/31 18:54:41 draw state ack=-1519293249 resend=-968992151
2025/07/31 18:54:42 recv udp tag 2 len 43
2025/07/31 18:54:42 draw state ack=-1519293249 resend=-968992151
2025/07/31 18:54:42 recv udp tag 2 len 70
2025/07/31 18:54:42 draw state ack=-1519293249 resend=-968992151
2025/07/31 18:54:42 recv udp tag 2 len 117
2025/07/31 18:54:42 draw state ack=-1519293249 resend=-968992151
2025/07/31 18:54:42 recv udp tag 2 len 43
2025/07/31 18:54:42 draw state ack=-1519293249 resend=-968992151
2025/07/31 18:54:42 recv udp tag 2 len 43
2025/07/31 18:54:42 draw state ack=-1519293249 resend=-968992151
2025/07/31 18:54:42 player input ack=-1519293249 resend=-968992151 cmd=7 mouse=1087,833
2025/07/31 18:54:42 send udp tag 3 len 21
2025/07/31 18:54:43 recv udp tag 2 len 43
2025/07/31 18:54:43 draw state ack=-1519293249 resend=-968992151
2025/07/31 18:54:43 recv udp tag 2 len 43
2025/07/31 18:54:43 draw state ack=-1519293249 resend=-968992151
2025/07/31 18:54:43 recv udp tag 2 len 43
2025/07/31 18:54:43 draw state ack=-1519293249 resend=-968992151
2025/07/31 18:54:43 recv udp tag 2 len 45
2025/07/31 18:54:43 draw state ack=-1519293249 resend=-968992151
2025/07/31 18:54:43 recv udp tag 2 len 43
2025/07/31 18:54:43 draw state ack=-1519293249 resend=-968992151
2025/07/31 18:54:44 recv udp tag 2 len 43
2025/07/31 18:54:44 draw state ack=-1519293249 resend=-968992151
2025/07/31 18:54:44 recv udp tag 2 len 43
2025/07/31 18:54:44 draw state ack=-1519293249 resend=-968992151
2025/07/31 18:54:44 recv udp tag 2 len 43
2025/07/31 18:54:44 draw state ack=-1519293249 resend=-968992151
2025/07/31 18:54:44 recv udp tag 2 len 43
2025/07/31 18:54:44 draw state ack=-1519293249 resend=-968992151
2025/07/31 18:54:44 recv udp tag 2 len 43
2025/07/31 18:54:44 draw state ack=-1519293249 resend=-968992151
2025/07/31 18:54:44 player input ack=-1519293249 resend=-968992151 cmd=8 mouse=1087,833
2025/07/31 18:54:44 send udp tag 3 len 21
2025/07/31 18:54:45 recv udp tag 2 len 43
2025/07/31 18:54:45 draw state ack=-1519293249 resend=-968992151
2025/07/31 18:54:45 recv udp tag 2 len 43
2025/07/31 18:54:45 draw state ack=-1519293249 resend=-968992151
2025/07/31 18:54:45 recv udp tag 2 len 43
2025/07/31 18:54:45 draw state ack=-1519293249 resend=-968992151
2025/07/31 18:54:45 recv udp tag 2 len 43
2025/07/31 18:54:45 draw state ack=-1519293249 resend=-968992151
2025/07/31 18:54:45 recv udp tag 2 len 43
2025/07/31 18:54:45 draw state ack=-1519293249 resend=-968992151
2025/07/31 18:54:46 recv udp tag 2 len 43
2025/07/31 18:54:46 draw state ack=-1519293249 resend=-968992151
2025/07/31 18:54:46 recv udp tag 2 len 43
2025/07/31 18:54:46 draw state ack=-1519293249 resend=-968992151
2025/07/31 18:54:46 recv udp tag 2 len 43
2025/07/31 18:54:46 draw state ack=-1519293249 resend=-968992151
2025/07/31 18:54:46 recv udp tag 2 len 43
2025/07/31 18:54:46 draw state ack=-1519293249 resend=-968992151
2025/07/31 18:54:46 recv udp tag 2 len 43
2025/07/31 18:54:46 draw state ack=-1519293249 resend=-968992151
2025/07/31 18:54:46 player input ack=-1519293249 resend=-968992151 cmd=9 mouse=1087,833
2025/07/31 18:54:46 send udp tag 3 len 21
2025/07/31 18:54:47 recv udp tag 2 len 43
2025/07/31 18:54:47 draw state ack=-1519293249 resend=-968992151
2025/07/31 18:54:47 recv udp tag 2 len 159
2025/07/31 18:54:47 draw state ack=-1519293249 resend=-968992151
2025/07/31 18:54:47 recv udp tag 2 len 45
2025/07/31 18:54:47 draw state ack=-1519293249 resend=-968992151
2025/07/31 18:54:47 recv udp tag 2 len 43
2025/07/31 18:54:47 draw state ack=-1519293249 resend=-968992151
2025/07/31 18:54:47 recv udp tag 2 len 43
2025/07/31 18:54:47 draw state ack=-1519293249 resend=-968992151
2025/07/31 18:54:48 recv udp tag 2 len 73
2025/07/31 18:54:48 draw state ack=-1519293249 resend=-968992151
2025/07/31 18:54:48 recv udp tag 2 len 43
2025/07/31 18:54:48 draw state ack=-1519293249 resend=-968992151
2025/07/31 18:54:48 recv udp tag 2 len 43
2025/07/31 18:54:48 draw state ack=-1519293249 resend=-968992151
2025/07/31 18:54:48 recv udp tag 2 len 43
2025/07/31 18:54:48 draw state ack=-1519293249 resend=-968992151
2025/07/31 18:54:48 recv udp tag 2 len 110
2025/07/31 18:54:48 draw state ack=-1519293249 resend=-968992151
2025/07/31 18:54:48 player input ack=-1519293249 resend=-968992151 cmd=10 mouse=1087,833
2025/07/31 18:54:48 send udp tag 3 len 21
2025/07/31 18:54:49 recv udp tag 2 len 43
2025/07/31 18:54:49 draw state ack=-1519293249 resend=-968992151
2025/07/31 18:54:49 recv udp tag 2 len 43
2025/07/31 18:54:49 draw state ack=-1519293249 resend=-968992151
2025/07/31 18:54:49 recv udp tag 2 len 43
2025/07/31 18:54:49 draw state ack=-1519293249 resend=-968992151
2025/07/31 18:54:49 recv udp tag 2 len 43
2025/07/31 18:54:49 draw state ack=-1519293249 resend=-968992151
2025/07/31 18:54:49 recv udp tag 2 len 43
2025/07/31 18:54:49 draw state ack=-1519293249 resend=-968992151
2025/07/31 18:54:50 recv udp tag 2 len 43
2025/07/31 18:54:50 draw state ack=-1519293249 resend=-968992151
2025/07/31 18:54:50 recv udp tag 2 len 43
2025/07/31 18:54:50 draw state ack=-1519293249 resend=-968992151
2025/07/31 18:54:50 recv udp tag 2 len 43
2025/07/31 18:54:50 draw state ack=-1519293249 resend=-968992151
2025/07/31 18:54:50 recv udp tag 2 len 43
2025/07/31 18:54:50 draw state ack=-1519293249 resend=-968992151
2025/07/31 18:54:50 recv udp tag 2 len 43
2025/07/31 18:54:50 draw state ack=-1519293249 resend=-968992151
2025/07/31 18:54:50 player input ack=-1519293249 resend=-968992151 cmd=11 mouse=1087,833
2025/07/31 18:54:50 send udp tag 3 len 21
2025/07/31 18:54:51 recv udp tag 2 len 43
2025/07/31 18:54:51 draw state ack=-1519293249 resend=-968992151
2025/07/31 18:54:51 recv udp tag 2 len 43
2025/07/31 18:54:51 draw state ack=-1519293249 resend=-968992151
2025/07/31 18:54:51 recv udp tag 2 len 43
2025/07/31 18:54:51 draw state ack=-1519293249 resend=-968992151
2025/07/31 18:54:51 recv udp tag 2 len 43
2025/07/31 18:54:51 draw state ack=-1519293249 resend=-968992151
2025/07/31 18:54:51 recv udp tag 2 len 43
2025/07/31 18:54:51 draw state ack=-1519293249 resend=-968992151
2025/07/31 18:54:52 recv udp tag 2 len 43
2025/07/31 18:54:52 draw state ack=-1519293249 resend=-968992151
2025/07/31 18:54:52 recv udp tag 2 len 43
2025/07/31 18:54:52 draw state ack=-1519293249 resend=-968992151
2025/07/31 18:54:52 recv udp tag 2 len 43
2025/07/31 18:54:52 draw state ack=-1519293249 resend=-968992151
2025/07/31 18:54:52 recv udp tag 2 len 43
2025/07/31 18:54:52 draw state ack=-1519293249 resend=-968992151
2025/07/31 18:54:52 recv udp tag 2 len 43
2025/07/31 18:54:52 draw state ack=-1519293249 resend=-968992151
2025/07/31 18:54:52 player input ack=-1519293249 resend=-968992151 cmd=12 mouse=1087,833
2025/07/31 18:54:52 send udp tag 3 len 21
2025/07/31 18:54:53 recv udp tag 2 len 43
2025/07/31 18:54:53 draw state ack=-1519293249 resend=-968992151
2025/07/31 18:54:53 recv udp tag 2 len 43
2025/07/31 18:54:53 draw state ack=-1519293249 resend=-968992151
2025/07/31 18:54:53 recv udp tag 2 len 43
2025/07/31 18:54:53 draw state ack=-1519293249 resend=-968992151
2025/07/31 18:54:53 recv udp tag 2 len 43
2025/07/31 18:54:53 draw state ack=-1519293249 resend=-968992151
2025/07/31 18:54:53 recv udp tag 2 len 43
2025/07/31 18:54:53 draw state ack=-1519293249 resend=-968992151
2025/07/31 18:54:54 recv udp tag 2 len 43
2025/07/31 18:54:54 draw state ack=-1519293249 resend=-968992151
2025/07/31 18:54:54 recv udp tag 2 len 43
2025/07/31 18:54:54 draw state ack=-1519293249 resend=-968992151
2025/07/31 18:54:54 recv udp tag 2 len 43
2025/07/31 18:54:54 draw state ack=-1519293249 resend=-968992151
2025/07/31 18:54:54 recv udp tag 2 len 43
2025/07/31 18:54:54 draw state ack=-1519293249 resend=-968992151
2025/07/31 18:54:54 recv udp tag 2 len 43
2025/07/31 18:54:54 draw state ack=-1519293249 resend=-968992151
2025/07/31 18:54:54 player input ack=-1519293249 resend=-968992151 cmd=13 mouse=1087,833
2025/07/31 18:54:54 send udp tag 3 len 21
2025/07/31 18:54:55 recv udp tag 2 len 113
2025/07/31 18:54:55 draw state ack=-1519293249 resend=-968992151
2025/07/31 18:54:55 recv udp tag 2 len 43
2025/07/31 18:54:55 draw state ack=-1519293249 resend=-968992151
2025/07/31 18:54:55 recv udp tag 2 len 43
2025/07/31 18:54:55 draw state ack=-1519293249 resend=-968992151
2025/07/31 18:54:55 recv udp tag 2 len 43
2025/07/31 18:54:55 draw state ack=-1519293249 resend=-968992151
2025/07/31 18:54:55 recv udp tag 2 len 43
2025/07/31 18:54:55 draw state ack=-1519293249 resend=-968992151
2025/07/31 18:54:56 recv udp tag 2 len 43
2025/07/31 18:54:56 draw state ack=-1519293249 resend=-968992151
2025/07/31 18:54:56 recv udp tag 2 len 43
2025/07/31 18:54:56 draw state ack=-1519293249 resend=-968992151
2025/07/31 18:54:56 recv udp tag 2 len 43
2025/07/31 18:54:56 draw state ack=-1519293249 resend=-968992151
2025/07/31 18:54:56 recv udp tag 2 len 43
2025/07/31 18:54:56 draw state ack=-1519293249 resend=-968992151
2025/07/31 18:54:56 player input ack=-1519293249 resend=-968992151 cmd=14 mouse=1087,833
2025/07/31 18:54:56 send udp tag 3 len 21
2025/07/31 18:54:56 recv udp tag 2 len 43
2025/07/31 18:54:56 draw state ack=-1519293249 resend=-968992151
2025/07/31 18:54:57 recv udp tag 2 len 43
2025/07/31 18:54:57 draw state ack=-1519293249 resend=-968992151
2025/07/31 18:54:57 recv udp tag 2 len 43
2025/07/31 18:54:57 draw state ack=-1519293249 resend=-968992151
2025/07/31 18:54:57 recv udp tag 2 len 43
2025/07/31 18:54:57 draw state ack=-1519293249 resend=-968992151
2025/07/31 18:54:57 recv udp tag 2 len 43
2025/07/31 18:54:57 draw state ack=-1519293249 resend=-968992151
2025/07/31 18:54:57 recv udp tag 2 len 43
2025/07/31 18:54:57 draw state ack=-1519293249 resend=-968992151
2025/07/31 18:54:58 recv udp tag 2 len 43
2025/07/31 18:54:58 draw state ack=-1519293249 resend=-968992151
2025/07/31 18:54:58 recv udp tag 2 len 43
2025/07/31 18:54:58 draw state ack=-1519293249 resend=-968992151
2025/07/31 18:54:58 recv udp tag 2 len 43
2025/07/31 18:54:58 draw state ack=-1519293249 resend=-968992151
2025/07/31 18:54:58 recv udp tag 2 len 43
2025/07/31 18:54:58 draw state ack=-1519293249 resend=-968992151
2025/07/31 18:54:58 recv udp tag 2 len 43
2025/07/31 18:54:58 draw state ack=-1519293249 resend=-968992151
2025/07/31 18:54:58 player input ack=-1519293249 resend=-968992151 cmd=15 mouse=1087,833
2025/07/31 18:54:58 send udp tag 3 len 21
2025/07/31 18:54:59 recv udp tag 2 len 43
2025/07/31 18:54:59 draw state ack=-1519293249 resend=-968992151
2025/07/31 18:54:59 recv udp tag 2 len 45
2025/07/31 18:54:59 draw state ack=-1519293249 resend=-968992151
2025/07/31 18:54:59 recv udp tag 2 len 43
2025/07/31 18:54:59 draw state ack=-1519293249 resend=-968992151
2025/07/31 18:54:59 recv udp tag 2 len 43
2025/07/31 18:54:59 draw state ack=-1519293249 resend=-968992151
2025/07/31 18:54:59 recv udp tag 2 len 43
2025/07/31 18:54:59 draw state ack=-1519293249 resend=-968992151
2025/07/31 18:55:00 recv udp tag 2 len 43
2025/07/31 18:55:00 draw state ack=-1519293249 resend=-968992151
2025/07/31 18:55:00 recv udp tag 2 len 43
2025/07/31 18:55:00 draw state ack=-1519293249 resend=-968992151
2025/07/31 18:55:00 recv udp tag 2 len 43
2025/07/31 18:55:00 draw state ack=-1519293249 resend=-968992151
2025/07/31 18:55:00 recv udp tag 2 len 45
2025/07/31 18:55:00 draw state ack=-1519293249 resend=-968992151
2025/07/31 18:55:00 player input ack=-1519293249 resend=-968992151 cmd=16 mouse=1087,833
2025/07/31 18:55:00 send udp tag 3 len 21
2025/07/31 18:55:00 recv udp tag 2 len 43
2025/07/31 18:55:00 draw state ack=-1519293249 resend=-968992151
2025/07/31 18:55:01 recv udp tag 2 len 43
2025/07/31 18:55:01 draw state ack=-1519293249 resend=-968992151
2025/07/31 18:55:01 recv udp tag 2 len 43
2025/07/31 18:55:01 draw state ack=-1519293249 resend=-968992151
2025/07/31 18:55:01 recv udp tag 2 len 43
2025/07/31 18:55:01 draw state ack=-1519293249 resend=-968992151
2025/07/31 18:55:01 recv udp tag 2 len 71
2025/07/31 18:55:01 draw state ack=-1519293249 resend=-968992151
2025/07/31 18:55:01 recv udp tag 2 len 43
2025/07/31 18:55:01 draw state ack=-1519293249 resend=-968992151
2025/07/31 18:55:02 recv udp tag 2 len 43
2025/07/31 18:55:02 draw state ack=-1519293249 resend=-968992151
2025/07/31 18:55:02 recv udp tag 2 len 43
2025/07/31 18:55:02 draw state ack=-1519293249 resend=-968992151
2025/07/31 18:55:02 recv udp tag 2 len 43
2025/07/31 18:55:02 draw state ack=-1519293249 resend=-968992151
2025/07/31 18:55:02 recv udp tag 2 len 43
2025/07/31 18:55:02 draw state ack=-1519293249 resend=-968992151
2025/07/31 18:55:02 player input ack=-1519293249 resend=-968992151 cmd=17 mouse=1087,833
2025/07/31 18:55:02 send udp tag 3 len 21
2025/07/31 18:55:02 recv udp tag 2 len 43
2025/07/31 18:55:02 draw state ack=-1519293249 resend=-968992151
2025/07/31 18:55:03 recv udp tag 2 len 43
2025/07/31 18:55:03 draw state ack=-1519293249 resend=-968992151
2025/07/31 18:55:03 recv udp tag 2 len 43
2025/07/31 18:55:03 draw state ack=-1519293249 resend=-968992151
2025/07/31 18:55:03 recv udp tag 2 len 43
2025/07/31 18:55:03 draw state ack=-1519293249 resend=-968992151
2025/07/31 18:55:03 recv udp tag 2 len 43
2025/07/31 18:55:03 draw state ack=-1519293249 resend=-968992151
2025/07/31 18:55:03 recv udp tag 2 len 43
2025/07/31 18:55:03 draw state ack=-1519293249 resend=-968992151
2025/07/31 18:55:04 recv udp tag 2 len 43
2025/07/31 18:55:04 draw state ack=-1519293249 resend=-968992151
2025/07/31 18:55:04 recv udp tag 2 len 43
2025/07/31 18:55:04 draw state ack=-1519293249 resend=-968992151
2025/07/31 18:55:04 recv udp tag 2 len 43
2025/07/31 18:55:04 draw state ack=-1519293249 resend=-968992151
2025/07/31 18:55:04 recv udp tag 2 len 43
2025/07/31 18:55:04 draw state ack=-1519293249 resend=-968992151
2025/07/31 18:55:04 player input ack=-1519293249 resend=-968992151 cmd=18 mouse=1087,833
2025/07/31 18:55:04 send udp tag 3 len 21
2025/07/31 18:55:04 recv udp tag 2 len 43
2025/07/31 18:55:04 draw state ack=-1519293249 resend=-968992151
2025/07/31 18:55:05 recv udp tag 2 len 43
2025/07/31 18:55:05 draw state ack=-1519293249 resend=-968992151
2025/07/31 18:55:05 recv udp tag 2 len 103
2025/07/31 18:55:05 draw state ack=-1519293249 resend=-968992151
2025/07/31 18:55:05 recv udp tag 2 len 43
2025/07/31 18:55:05 draw state ack=-1519293249 resend=-968992151
2025/07/31 18:55:05 recv udp tag 2 len 43
2025/07/31 18:55:05 draw state ack=-1519293249 resend=-968992151
2025/07/31 18:55:05 recv udp tag 2 len 43
2025/07/31 18:55:05 draw state ack=-1519293249 resend=-968992151
2025/07/31 18:55:06 recv udp tag 2 len 43
2025/07/31 18:55:06 draw state ack=-1519293249 resend=-968992151
2025/07/31 18:55:06 recv udp tag 2 len 43
2025/07/31 18:55:06 draw state ack=-1519293249 resend=-968992151
2025/07/31 18:55:06 recv udp tag 2 len 43
2025/07/31 18:55:06 draw state ack=-1519293249 resend=-968992151
2025/07/31 18:55:06 recv udp tag 2 len 43
2025/07/31 18:55:06 draw state ack=-1519293249 resend=-968992151
2025/07/31 18:55:06 recv udp tag 2 len 43
2025/07/31 18:55:06 draw state ack=-1519293249 resend=-968992151
2025/07/31 18:55:06 player input ack=-1519293249 resend=-968992151 cmd=19 mouse=1087,833
2025/07/31 18:55:06 send udp tag 3 len 21
2025/07/31 18:55:07 recv udp tag 2 len 43
2025/07/31 18:55:07 draw state ack=-1519293249 resend=-968992151
2025/07/31 18:55:07 recv udp tag 2 len 43
2025/07/31 18:55:07 draw state ack=-1519293249 resend=-968992151
2025/07/31 18:55:07 recv udp tag 2 len 43
2025/07/31 18:55:07 draw state ack=-1519293249 resend=-968992151
2025/07/31 18:55:07 recv udp tag 2 len 43
2025/07/31 18:55:07 draw state ack=-1519293249 resend=-968992151
2025/07/31 18:55:07 recv udp tag 2 len 45
2025/07/31 18:55:07 draw state ack=-1519293249 resend=-968992151
2025/07/31 18:55:08 recv udp tag 2 len 43
2025/07/31 18:55:08 draw state ack=-1519293249 resend=-968992151
2025/07/31 18:55:08 recv udp tag 2 len 43
2025/07/31 18:55:08 draw state ack=-1519293249 resend=-968992151
2025/07/31 18:55:08 recv udp tag 2 len 43
2025/07/31 18:55:08 draw state ack=-1519293249 resend=-968992151
2025/07/31 18:55:08 recv udp tag 2 len 43
2025/07/31 18:55:08 draw state ack=-1519293249 resend=-968992151
2025/07/31 18:55:08 recv udp tag 2 len 43
2025/07/31 18:55:08 draw state ack=-1519293249 resend=-968992151
2025/07/31 18:55:08 player input ack=-1519293249 resend=-968992151 cmd=20 mouse=1087,833
2025/07/31 18:55:08 send udp tag 3 len 21
2025/07/31 18:55:09 recv udp tag 2 len 43
2025/07/31 18:55:09 draw state ack=-1519293249 resend=-968992151
2025/07/31 18:55:09 recv udp tag 2 len 43
2025/07/31 18:55:09 draw state ack=-1519293249 resend=-968992151
2025/07/31 18:55:09 recv udp tag 2 len 43
2025/07/31 18:55:09 draw state ack=-1519293249 resend=-968992151
2025/07/31 18:55:09 recv udp tag 2 len 43
2025/07/31 18:55:09 draw state ack=-1519293249 resend=-968992151
2025/07/31 18:55:09 recv udp tag 2 len 43
2025/07/31 18:55:09 draw state ack=-1519293249 resend=-968992151
2025/07/31 18:55:10 recv udp tag 2 len 43
2025/07/31 18:55:10 draw state ack=-1519293249 resend=-968992151
2025/07/31 18:55:10 recv udp tag 2 len 43
2025/07/31 18:55:10 draw state ack=-1519293249 resend=-968992151
2025/07/31 18:55:10 recv udp tag 2 len 43
2025/07/31 18:55:10 draw state ack=-1519293249 resend=-968992151
2025/07/31 18:55:10 recv udp tag 2 len 43
2025/07/31 18:55:10 draw state ack=-1519293249 resend=-968992151
2025/07/31 18:55:10 recv udp tag 2 len 115
2025/07/31 18:55:10 draw state ack=-1519293249 resend=-968992151
2025/07/31 18:55:10 player input ack=-1519293249 resend=-968992151 cmd=21 mouse=1087,833
2025/07/31 18:55:10 send udp tag 3 len 21
2025/07/31 18:55:11 recv udp tag 2 len 43
2025/07/31 18:55:11 draw state ack=-1519293249 resend=-968992151
2025/07/31 18:55:11 recv udp tag 2 len 43
2025/07/31 18:55:11 draw state ack=-1519293249 resend=-968992151
2025/07/31 18:55:11 recv udp tag 2 len 43
2025/07/31 18:55:11 draw state ack=-1519293249 resend=-968992151
2025/07/31 18:55:11 recv udp tag 2 len 43
2025/07/31 18:55:11 draw state ack=-1519293249 resend=-968992151
2025/07/31 18:55:11 recv udp tag 2 len 43
2025/07/31 18:55:11 draw state ack=-1519293249 resend=-968992151
2025/07/31 18:55:12 recv udp tag 2 len 43
2025/07/31 18:55:12 draw state ack=-1519293249 resend=-968992151
2025/07/31 18:55:12 recv udp tag 2 len 43
2025/07/31 18:55:12 draw state ack=-1519293249 resend=-968992151
2025/07/31 18:55:12 recv udp tag 2 len 43
2025/07/31 18:55:12 draw state ack=-1519293249 resend=-968992151
2025/07/31 18:55:12 recv udp tag 2 len 43
2025/07/31 18:55:12 draw state ack=-1519293249 resend=-968992151
2025/07/31 18:55:12 recv udp tag 2 len 43
2025/07/31 18:55:12 draw state ack=-1519293249 resend=-968992151
2025/07/31 18:55:12 player input ack=-1519293249 resend=-968992151 cmd=22 mouse=1087,833
2025/07/31 18:55:12 send udp tag 3 len 21
2025/07/31 18:55:13 recv udp tag 2 len 43
2025/07/31 18:55:13 draw state ack=-1519293249 resend=-968992151
2025/07/31 18:55:13 recv udp tag 2 len 43
2025/07/31 18:55:13 draw state ack=-1519293249 resend=-968992151
2025/07/31 18:55:13 recv udp tag 2 len 43
2025/07/31 18:55:13 draw state ack=-1519293249 resend=-968992151
2025/07/31 18:55:13 recv udp tag 2 len 43
2025/07/31 18:55:13 draw state ack=-1519293249 resend=-968992151
2025/07/31 18:55:13 recv udp tag 2 len 43
2025/07/31 18:55:13 draw state ack=-1519293249 resend=-968992151
2025/07/31 18:55:14 recv udp tag 2 len 43
2025/07/31 18:55:14 draw state ack=-1519293249 resend=-968992151
2025/07/31 18:55:14 recv udp tag 2 len 43
2025/07/31 18:55:14 draw state ack=-1519293249 resend=-968992151
2025/07/31 18:55:14 recv udp tag 2 len 43
2025/07/31 18:55:14 draw state ack=-1519293249 resend=-968992151
2025/07/31 18:55:14 recv udp tag 2 len 45
2025/07/31 18:55:14 draw state ack=-1519293249 resend=-968992151
2025/07/31 18:55:14 recv udp tag 2 len 43
2025/07/31 18:55:14 draw state ack=-1519293249 resend=-968992151
2025/07/31 18:55:14 player input ack=-1519293249 resend=-968992151 cmd=23 mouse=1087,833
2025/07/31 18:55:14 send udp tag 3 len 21
2025/07/31 18:55:15 recv udp tag 2 len 43
2025/07/31 18:55:15 draw state ack=-1519293249 resend=-968992151
2025/07/31 18:55:15 recv udp tag 2 len 43
2025/07/31 18:55:15 draw state ack=-1519293249 resend=-968992151
2025/07/31 18:55:15 recv udp tag 2 len 43
2025/07/31 18:55:15 draw state ack=-1519293249 resend=-968992151
2025/07/31 18:55:15 recv udp tag 2 len 43
2025/07/31 18:55:15 draw state ack=-1519293249 resend=-968992151
2025/07/31 18:55:15 recv udp tag 2 len 43
2025/07/31 18:55:15 draw state ack=-1519293249 resend=-968992151
2025/07/31 18:55:16 recv udp tag 2 len 43
2025/07/31 18:55:16 draw state ack=-1519293249 resend=-968992151
2025/07/31 18:55:16 recv udp tag 2 len 43
2025/07/31 18:55:16 draw state ack=-1519293249 resend=-968992151
2025/07/31 18:55:16 recv udp tag 2 len 43
2025/07/31 18:55:16 draw state ack=-1519293249 resend=-968992151
2025/07/31 18:55:16 recv udp tag 2 len 43
2025/07/31 18:55:16 draw state ack=-1519293249 resend=-968992151
2025/07/31 18:55:16 recv udp tag 2 len 43
2025/07/31 18:55:16 draw state ack=-1519293249 resend=-968992151
2025/07/31 18:55:16 player input ack=-1519293249 resend=-968992151 cmd=24 mouse=1087,833
2025/07/31 18:55:16 send udp tag 3 len 21
2025/07/31 18:55:17 recv udp tag 2 len 43
2025/07/31 18:55:17 draw state ack=-1519293249 resend=-968992151
2025/07/31 18:55:17 recv udp tag 2 len 110
2025/07/31 18:55:17 draw state ack=-1519293249 resend=-968992151
2025/07/31 18:55:17 recv udp tag 2 len 43
2025/07/31 18:55:17 draw state ack=-1519293249 resend=-968992151
2025/07/31 18:55:17 recv udp tag 2 len 43
2025/07/31 18:55:17 draw state ack=-1519293249 resend=-968992151
2025/07/31 18:55:17 recv udp tag 2 len 43
2025/07/31 18:55:17 draw state ack=-1519293249 resend=-968992151
2025/07/31 18:55:18 recv udp tag 2 len 43
2025/07/31 18:55:18 draw state ack=-1519293249 resend=-968992151
2025/07/31 18:55:18 recv udp tag 2 len 43
2025/07/31 18:55:18 draw state ack=-1519293249 resend=-968992151
2025/07/31 18:55:18 recv udp tag 2 len 43
2025/07/31 18:55:18 draw state ack=-1519293249 resend=-968992151
2025/07/31 18:55:18 recv udp tag 2 len 43
2025/07/31 18:55:18 draw state ack=-1519293249 resend=-968992151
2025/07/31 18:55:18 recv udp tag 2 len 43
2025/07/31 18:55:18 draw state ack=-1519293249 resend=-968992151
2025/07/31 18:55:18 player input ack=-1519293249 resend=-968992151 cmd=25 mouse=1087,833
2025/07/31 18:55:18 send udp tag 3 len 21
2025/07/31 18:55:19 recv udp tag 2 len 43
2025/07/31 18:55:19 draw state ack=-1519293249 resend=-968992151
2025/07/31 18:55:19 recv udp tag 2 len 43
2025/07/31 18:55:19 draw state ack=-1519293249 resend=-968992151
2025/07/31 18:55:19 recv udp tag 2 len 43
2025/07/31 18:55:19 draw state ack=-1519293249 resend=-968992151
2025/07/31 18:55:19 recv udp tag 2 len 43
2025/07/31 18:55:19 draw state ack=-1519293249 resend=-968992151
2025/07/31 18:55:19 recv udp tag 2 len 43
2025/07/31 18:55:19 draw state ack=-1519293249 resend=-968992151
2025/07/31 18:55:20 recv udp tag 2 len 43
2025/07/31 18:55:20 draw state ack=-1519293249 resend=-968992151
2025/07/31 18:55:20 recv udp tag 2 len 43
2025/07/31 18:55:20 draw state ack=-1519293249 resend=-968992151
2025/07/31 18:55:20 recv udp tag 2 len 43
2025/07/31 18:55:20 draw state ack=-1519293249 resend=-968992151
2025/07/31 18:55:20 recv udp tag 2 len 43
2025/07/31 18:55:20 draw state ack=-1519293249 resend=-968992151
2025/07/31 18:55:20 player input ack=-1519293249 resend=-968992151 cmd=26 mouse=1087,833
2025/07/31 18:55:20 send udp tag 3 len 21
2025/07/31 18:55:20 recv udp tag 2 len 43
2025/07/31 18:55:20 draw state ack=-1519293249 resend=-968992151
2025/07/31 18:55:21 recv udp tag 2 len 43
2025/07/31 18:55:21 draw state ack=-1519293249 resend=-968992151
2025/07/31 18:55:21 recv udp tag 2 len 43
2025/07/31 18:55:21 draw state ack=-1519293249 resend=-968992151
2025/07/31 18:55:21 recv udp tag 2 len 43
2025/07/31 18:55:21 draw state ack=-1519293249 resend=-968992151
2025/07/31 18:55:21 recv udp tag 2 len 43
2025/07/31 18:55:21 draw state ack=-1519293249 resend=-968992151
2025/07/31 18:55:21 recv udp tag 2 len 43
2025/07/31 18:55:21 draw state ack=-1519293249 resend=-968992151
2025/07/31 18:55:22 recv udp tag 2 len 43
2025/07/31 18:55:22 draw state ack=-1519293249 resend=-968992151
2025/07/31 18:55:22 recv udp tag 2 len 43
2025/07/31 18:55:22 draw state ack=-1519293249 resend=-968992151
2025/07/31 18:55:22 recv udp tag 2 len 43
2025/07/31 18:55:22 draw state ack=-1519293249 resend=-968992151
2025/07/31 18:55:22 recv udp tag 2 len 45
2025/07/31 18:55:22 draw state ack=-1519293249 resend=-968992151
2025/07/31 18:55:22 recv udp tag 2 len 43
2025/07/31 18:55:22 draw state ack=-1519293249 resend=-968992151
2025/07/31 18:55:22 player input ack=-1519293249 resend=-968992151 cmd=27 mouse=1087,833
2025/07/31 18:55:22 send udp tag 3 len 21
2025/07/31 18:55:23 recv udp tag 2 len 43
2025/07/31 18:55:23 draw state ack=-1519293249 resend=-968992151
2025/07/31 18:55:23 recv udp tag 2 len 43
2025/07/31 18:55:23 draw state ack=-1519293249 resend=-968992151
2025/07/31 18:55:23 recv udp tag 2 len 113
2025/07/31 18:55:23 draw state ack=-1519293249 resend=-968992151
2025/07/31 18:55:23 recv udp tag 2 len 43
2025/07/31 18:55:23 draw state ack=-1519293249 resend=-968992151
2025/07/31 18:55:23 recv udp tag 2 len 43
2025/07/31 18:55:23 draw state ack=-1519293249 resend=-968992151
2025/07/31 18:55:24 recv udp tag 2 len 43
2025/07/31 18:55:24 draw state ack=-1519293249 resend=-968992151
2025/07/31 18:55:24 recv udp tag 2 len 43
2025/07/31 18:55:24 draw state ack=-1519293249 resend=-968992151
2025/07/31 18:55:24 recv udp tag 2 len 43
2025/07/31 18:55:24 draw state ack=-1519293249 resend=-968992151
2025/07/31 18:55:24 recv udp tag 2 len 43
2025/07/31 18:55:24 draw state ack=-1519293249 resend=-968992151
2025/07/31 18:55:24 recv udp tag 2 len 43
2025/07/31 18:55:24 draw state ack=-1519293249 resend=-968992151
2025/07/31 18:55:24 player input ack=-1519293249 resend=-968992151 cmd=28 mouse=1087,833
2025/07/31 18:55:24 send udp tag 3 len 21
2025/07/31 18:55:25 recv udp tag 2 len 43
2025/07/31 18:55:25 draw state ack=-1519293249 resend=-968992151
2025/07/31 18:55:25 recv udp tag 2 len 43
2025/07/31 18:55:25 draw state ack=-1519293249 resend=-968992151
2025/07/31 18:55:25 recv udp tag 2 len 43
2025/07/31 18:55:25 draw state ack=-1519293249 resend=-968992151
2025/07/31 18:55:25 recv udp tag 2 len 43
2025/07/31 18:55:25 draw state ack=-1519293249 resend=-968992151
2025/07/31 18:55:25 recv udp tag 2 len 43
2025/07/31 18:55:25 draw state ack=-1519293249 resend=-968992151
2025/07/31 18:55:26 recv udp tag 2 len 43
2025/07/31 18:55:26 draw state ack=-1519293249 resend=-968992151
2025/07/31 18:55:26 recv udp tag 2 len 43
2025/07/31 18:55:26 draw state ack=-1519293249 resend=-968992151
2025/07/31 18:55:26 recv udp tag 2 len 43
2025/07/31 18:55:26 draw state ack=-1519293249 resend=-968992151
2025/07/31 18:55:26 recv udp tag 2 len 43
2025/07/31 18:55:26 draw state ack=-1519293249 resend=-968992151
2025/07/31 18:55:26 recv udp tag 2 len 43
2025/07/31 18:55:26 draw state ack=-1519293249 resend=-968992151
2025/07/31 18:55:26 player input ack=-1519293249 resend=-968992151 cmd=29 mouse=1087,833
2025/07/31 18:55:26 send udp tag 3 len 21
2025/07/31 18:55:27 recv udp tag 2 len 43
2025/07/31 18:55:27 draw state ack=-1519293249 resend=-968992151
2025/07/31 18:55:27 recv udp tag 2 len 43
2025/07/31 18:55:27 draw state ack=-1519293249 resend=-968992151
2025/07/31 18:55:27 recv udp tag 2 len 45
2025/07/31 18:55:27 draw state ack=-1519293249 resend=-968992151
