dist:github/ClanLordClient/go_client$ go run .
connected to server.deltatao.com:5010
selected demo character: Agratis Korak
login result: 0
login succeeded, reading messages (Ctrl-C to quit)...
atis Korak
atis Korak
atis Korak
atis Korak
atis Korak
atis Korak
atis Korak
atis Korak
atis Korak
ïŋ―lgïŋ―pnAgratis Korakïŋ―pn is now Clanning.rak.ïŋ―,
ïŋ―ïŋ―ïŋ―rïŋ―ïŋ―P
ïŋ―ïŋ―ïŋ―rïŋ―ïŋ―P
ïŋ―ïŋ―ïŋ―rïŋ―ïŋ―P
ïŋ―ïŋ―ïŋ―rïŋ―ïŋ―P
ïŋ―ïŋ―ïŋ―rïŋ―ïŋ―P
It's 4:29am on Sombdi, day 83 of Spring, 642.
ïŋ―ïŋ―ïŋ―rïŋ―ïŋ―P
ïŋ―ïŋ―ïŋ―rïŋ―ïŋ―P
ïŋ―ïŋ―ïŋ―rïŋ―ïŋ―P@Welcome to Clan Lord. I am here to help you get started.
ïŋ―lfïŋ―pnPhroonïŋ―pn is no longer Clanning.g, 642.@Welcome to Clan Lord. I am here to help you get started.+
ïŋ―ïŋ―ïŋ―rïŋ―ïŋ―P
ïŋ―ïŋ―ïŋ―rïŋ―ïŋ―P
ïŋ―ïŋ―ïŋ―rïŋ―ïŋ―P
ïŋ― Whatïŋ―s New: https://deltatao.com/clanlord/news
ïŋ―ïŋ―ïŋ―rïŋ―ïŋ―P
ïŋ―ïŋ―ïŋ―rïŋ―ïŋ―P
ïŋ―ïŋ―ïŋ―rïŋ―ïŋ―P
ïŋ―ïŋ―ïŋ―rïŋ―ïŋ―P
ïŋ―ïŋ―ïŋ―rïŋ―ïŋ―P
ïŋ―ïŋ―ïŋ―rïŋ―ïŋ―P
ïŋ―ïŋ―ïŋ―rïŋ―ïŋ―Pïŋ―
ïŋ―ïŋ―ïŋ―rïŋ―ïŋ―P
ïŋ―ïŋ―ïŋ―rïŋ―ïŋ―P
ïŋ―ïŋ―ïŋ―rïŋ―ïŋ―P
ïŋ―ïŋ―ïŋ―rïŋ―ïŋ―P
ïŋ―ïŋ―ïŋ―rïŋ―ïŋ―P
ïŋ―ïŋ―ïŋ―rïŋ―ïŋ―P
ïŋ―ïŋ―ïŋ―rïŋ―ïŋ―P
ïŋ―ïŋ―ïŋ―rïŋ―ïŋ―P
ïŋ―ïŋ―ïŋ―rïŋ―ïŋ―P
ïŋ―ïŋ―ïŋ―rïŋ―ïŋ―P
ïŋ―ïŋ―ïŋ―rïŋ―ïŋ―P
ïŋ―ïŋ―ïŋ―rïŋ―ïŋ―P
ïŋ―ïŋ―ïŋ―rïŋ―ïŋ―P
ïŋ―ïŋ―ïŋ―rïŋ―ïŋ―P
ïŋ―ïŋ―ïŋ―rïŋ―ïŋ―P
ïŋ―ïŋ―ïŋ―rïŋ―ïŋ―PLI am a robot, or "NPC". You can tell that by the blue under my name.
/nt 0 /sa 13 /cl 0
ïŋ―ïŋ―ïŋ―rïŋ―ïŋ―P
ïŋ―ïŋ―ïŋ―rïŋ―ïŋ―P
ïŋ―ïŋ―ïŋ―rïŋ―ïŋ―P
ïŋ―ïŋ―ïŋ―rïŋ―ïŋ―P
ïŋ―ïŋ―ïŋ―rïŋ―ïŋ―P
ïŋ―ïŋ―ïŋ―rïŋ―ïŋ―P
ïŋ―ïŋ―ïŋ―rïŋ―ïŋ―P
ïŋ―ïŋ―ïŋ―rïŋ―ïŋ―Pïŋ―
ïŋ―ïŋ―ïŋ―rïŋ―ïŋ―P
ïŋ―ïŋ―ïŋ―rïŋ―ïŋ―P
ïŋ―ïŋ―ïŋ―rïŋ―ïŋ―P
ïŋ―Your body feels stronger.
ïŋ―ïŋ―ïŋ―rïŋ―ïŋ―Pïŋ―
ïŋ―ïŋ―ïŋ―rïŋ―ïŋ―P
ïŋ―ïŋ―ïŋ―rïŋ―ïŋ―P
ïŋ―ïŋ―ïŋ―rïŋ―ïŋ―P
ïŋ―ïŋ―ïŋ―rïŋ―ïŋ―P
^Cïŋ―ïŋ―ïŋ―rïŋ―ïŋ―P
read error: read tcp 192.168.8.235:54744->104.239.142.81:5010: use of closed network connection
udp read error: read udp 192.168.8.235:43450->104.239.142.81:5010: use of closed network connection
dist:github/ClanLordClient/go_client$ 
